Copyright 1986-2018 Xilinx, Inc. All Rights Reserved.
--------------------------------------------------------------------------------------------
| Tool Version : Vivado v.2018.2.1 (win64) Build 2288692 Thu Jul 26 18:24:02 MDT 2018
| Date         : Wed Dec  8 13:13:24 2021
| Host         : pcetu-134 running 64-bit major release  (build 9200)
| Command      : report_control_sets -verbose -file HDMI_bd_wrapper_control_sets_placed.rpt
| Design       : HDMI_bd_wrapper
| Device       : xc7z020
--------------------------------------------------------------------------------------------

Control Set Information

Table of Contents
-----------------
1. Summary
2. Histogram
3. Flip-Flop Distribution
4. Detailed Control Set Information

1. Summary
----------

+----------------------------------------------------------+-------+
|                          Status                          | Count |
+----------------------------------------------------------+-------+
| Number of unique control sets                            |    56 |
| Unused register locations in slices containing registers |   146 |
+----------------------------------------------------------+-------+


2. Histogram
------------

+--------+--------------+
| Fanout | Control Sets |
+--------+--------------+
|      2 |            1 |
|      4 |            7 |
|      8 |            3 |
|     10 |           11 |
|     14 |            6 |
|    16+ |           28 |
+--------+--------------+


3. Flip-Flop Distribution
-------------------------

+--------------+-----------------------+------------------------+-----------------+--------------+
| Clock Enable | Synchronous Set/Reset | Asynchronous Set/Reset | Total Registers | Total Slices |
+--------------+-----------------------+------------------------+-----------------+--------------+
| No           | No                    | No                     |             610 |           92 |
| No           | No                    | Yes                    |              78 |           20 |
| No           | Yes                   | No                     |             222 |           42 |
| Yes          | No                    | No                     |            3542 |          463 |
| Yes          | No                    | Yes                    |              66 |            6 |
| Yes          | Yes                   | No                     |            1064 |          149 |
+--------------+-----------------------+------------------------+-----------------+--------------+


4. Detailed Control Set Information
-----------------------------------

+--------------------------------------------------------------+---------------------------------------------------------------------------------------------------------------+-------------------------------------------------------------------------------------------+------------------+----------------+
|                         Clock Signal                         |                                                 Enable Signal                                                 |                                      Set/Reset Signal                                     | Slice Load Count | Bel Load Count |
+--------------------------------------------------------------+---------------------------------------------------------------------------------------------------------------+-------------------------------------------------------------------------------------------+------------------+----------------+
|  HDMI_bd_i/clk_wiz_0/inst/clk_out1                           |                                                                                                               | HDMI_bd_i/dvi2rgb_0/U0/TMDS_ClockingX/RdyLostReset/SyncAsyncx/oSyncStages[1]              |                1 |              2 |
|  HDMI_bd_i/dvi2rgb_0/U0/GenerateBUFG.ResyncToBUFG_X/PixelClk |                                                                                                               | reset_IBUF                                                                                |                1 |              4 |
|  HDMI_bd_i/clk_wiz_0/inst/clk_out1                           |                                                                                                               | HDMI_bd_i/dvi2rgb_0/U0/TMDS_ClockingX/LockLostReset/SyncAsyncx/oSyncStages[1]             |                1 |              4 |
|  HDMI_bd_i/dvi2rgb_0/U0/GenerateBUFG.ResyncToBUFG_X/PixelClk |                                                                                                               | HDMI_bd_i/rgb2dvi_0/U0/ClockGenInternal.ClockGenX/in0                                     |                1 |              4 |
|  HDMI_bd_i/dvi2rgb_0/U0/GenerateBUFG.ResyncToBUFG_X/PixelClk | HDMI_bd_i/pixel16_0/U0/state[1]_i_1_n_0                                                                       | reset_IBUF                                                                                |                1 |              4 |
|  HDMI_bd_i/dvi2rgb_0/U0/TMDS_ClockingX/CLK                   |                                                                                                               | HDMI_bd_i/dvi2rgb_0/U0/TMDS_ClockingX/in0                                                 |                1 |              4 |
|  HDMI_bd_i/clk_wiz_0/inst/clk_out1                           |                                                                                                               | reset_IBUF                                                                                |                1 |              4 |
|  HDMI_bd_i/clk_wiz_0/inst/clk_out1                           |                                                                                                               | HDMI_bd_i/dvi2rgb_0/U0/TMDS_ClockingX/RdyLostReset/aRst_int                               |                1 |              4 |
|  HDMI_bd_i/clk_wiz_0/inst/clk_out1                           | HDMI_bd_i/dvi2rgb_0/U0/GenerateDDC.DDC_EEPROM/I2C_SlaveController/GlitchF_SCL/Filter.cntPeriods[3]_i_2__0_n_0 | HDMI_bd_i/dvi2rgb_0/U0/GenerateDDC.DDC_EEPROM/I2C_SlaveController/SyncSCL/SS[0]           |                1 |              8 |
|  HDMI_bd_i/clk_wiz_0/inst/clk_out1                           | HDMI_bd_i/dvi2rgb_0/U0/GenerateDDC.DDC_EEPROM/I2C_SlaveController/GlitchF_SDA/Filter.cntPeriods[3]_i_2_n_0    | HDMI_bd_i/dvi2rgb_0/U0/GenerateDDC.DDC_EEPROM/I2C_SlaveController/SyncSDA/SS[0]           |                1 |              8 |
|  HDMI_bd_i/clk_wiz_0/inst/clk_out1                           | HDMI_bd_i/dvi2rgb_0/U0/GenerateDDC.DDC_EEPROM/I2C_SlaveController/FSM_onehot_sState_reg[0]                    |                                                                                           |                1 |              8 |
|  HDMI_bd_i/dvi2rgb_0/U0/GenerateBUFG.ResyncToBUFG_X/PixelClk |                                                                                                               | HDMI_bd_i/rgb2dvi_0/U0/ClockGenInternal.ClockGenX/LockLostReset/SyncAsyncx/oSyncStages[1] |                1 |             10 |
|  HDMI_bd_i/dvi2rgb_0/U0/TMDS_ClockingX/CLK                   | HDMI_bd_i/dvi2rgb_0/U0/DataDecoders[1].DecoderX/ChannelBondX/pRdEn                                            | HDMI_bd_i/dvi2rgb_0/U0/DataDecoders[2].DecoderX/PhaseAlignX/pMeRdy_int_reg_0              |                2 |             10 |
|  HDMI_bd_i/dvi2rgb_0/U0/TMDS_ClockingX/CLK                   | HDMI_bd_i/dvi2rgb_0/U0/DataDecoders[1].DecoderX/PhaseAlignX/pCenterTap[5]_i_1__0_n_0                          |                                                                                           |                2 |             10 |
|  HDMI_bd_i/clk_wiz_0/inst/clk_out1                           | HDMI_bd_i/dvi2rgb_0/U0/TMDS_ClockingX/sel                                                                     | HDMI_bd_i/dvi2rgb_0/U0/TMDS_ClockingX/LockLostReset/SyncAsyncx/oSyncStages[1]             |                1 |             10 |
|  HDMI_bd_i/dvi2rgb_0/U0/TMDS_ClockingX/CLK                   | HDMI_bd_i/dvi2rgb_0/U0/DataDecoders[0].DecoderX/PhaseAlignX/pCenterTap[5]_i_1__1_n_0                          |                                                                                           |                2 |             10 |
|  HDMI_bd_i/dvi2rgb_0/U0/TMDS_ClockingX/CLK                   | HDMI_bd_i/dvi2rgb_0/U0/DataDecoders[0].DecoderX/PhaseAlignX/pEyeOpenEn                                        | HDMI_bd_i/dvi2rgb_0/U0/DataDecoders[0].DecoderX/PhaseAlignX/pEyeOpenRst                   |                2 |             10 |
|  HDMI_bd_i/dvi2rgb_0/U0/TMDS_ClockingX/CLK                   | HDMI_bd_i/dvi2rgb_0/U0/DataDecoders[0].DecoderX/ChannelBondX/pRdEn                                            | HDMI_bd_i/dvi2rgb_0/U0/DataDecoders[1].DecoderX/PhaseAlignX/pMeRdy_int_reg_0              |                2 |             10 |
|  HDMI_bd_i/dvi2rgb_0/U0/TMDS_ClockingX/CLK                   | HDMI_bd_i/dvi2rgb_0/U0/DataDecoders[1].DecoderX/PhaseAlignX/pEyeOpenEn                                        | HDMI_bd_i/dvi2rgb_0/U0/DataDecoders[1].DecoderX/PhaseAlignX/pEyeOpenRst                   |                1 |             10 |
|  HDMI_bd_i/dvi2rgb_0/U0/TMDS_ClockingX/CLK                   | HDMI_bd_i/dvi2rgb_0/U0/DataDecoders[2].DecoderX/PhaseAlignX/pEyeOpenEn                                        | HDMI_bd_i/dvi2rgb_0/U0/DataDecoders[2].DecoderX/PhaseAlignX/pEyeOpenRst                   |                1 |             10 |
|  HDMI_bd_i/dvi2rgb_0/U0/TMDS_ClockingX/CLK                   | HDMI_bd_i/dvi2rgb_0/U0/DataDecoders[2].DecoderX/PhaseAlignX/pCenterTap[5]_i_1_n_0                             |                                                                                           |                2 |             10 |
|  HDMI_bd_i/dvi2rgb_0/U0/TMDS_ClockingX/CLK                   | HDMI_bd_i/dvi2rgb_0/U0/DataDecoders[2].DecoderX/ChannelBondX/pRdEn                                            | HDMI_bd_i/dvi2rgb_0/U0/DataDecoders[0].DecoderX/PhaseAlignX/pMeRdy_int_reg                |                1 |             10 |
|  HDMI_bd_i/dvi2rgb_0/U0/TMDS_ClockingX/CLK                   |                                                                                                               | HDMI_bd_i/dvi2rgb_0/U0/DataDecoders[0].DecoderX/PhaseAlignX/pCtlTknRst                    |                3 |             14 |
|  HDMI_bd_i/dvi2rgb_0/U0/TMDS_ClockingX/CLK                   |                                                                                                               | HDMI_bd_i/dvi2rgb_0/U0/DataDecoders[1].DecoderX/PhaseAlignX/pCtlTknRst                    |                2 |             14 |
|  HDMI_bd_i/dvi2rgb_0/U0/TMDS_ClockingX/CLK                   |                                                                                                               | HDMI_bd_i/dvi2rgb_0/U0/DataDecoders[2].DecoderX/PhaseAlignX/pMeRdy_int_reg_0              |                2 |             14 |
|  HDMI_bd_i/dvi2rgb_0/U0/TMDS_ClockingX/CLK                   |                                                                                                               | HDMI_bd_i/dvi2rgb_0/U0/DataDecoders[0].DecoderX/PhaseAlignX/pMeRdy_int_reg                |                2 |             14 |
|  HDMI_bd_i/dvi2rgb_0/U0/TMDS_ClockingX/CLK                   |                                                                                                               | HDMI_bd_i/dvi2rgb_0/U0/DataDecoders[1].DecoderX/PhaseAlignX/pMeRdy_int_reg_0              |                2 |             14 |
|  HDMI_bd_i/dvi2rgb_0/U0/TMDS_ClockingX/CLK                   |                                                                                                               | HDMI_bd_i/dvi2rgb_0/U0/DataDecoders[2].DecoderX/PhaseAlignX/pCtlTknRst                    |                2 |             14 |
|  HDMI_bd_i/dvi2rgb_0/U0/TMDS_ClockingX/CLK                   |                                                                                                               | HDMI_bd_i/dvi2rgb_0/U0/DataDecoders[2].DecoderX/ChannelBondX/SR[0]                        |                2 |             16 |
|  HDMI_bd_i/clk_wiz_0/inst/clk_out1                           | HDMI_bd_i/dvi2rgb_0/U0/GenerateDDC.DDC_EEPROM/I2C_SlaveController/dataByte[7]_i_1_n_0                         |                                                                                           |                3 |             16 |
|  HDMI_bd_i/dvi2rgb_0/U0/TMDS_ClockingX/CLK                   |                                                                                                               | HDMI_bd_i/dvi2rgb_0/U0/DataDecoders[1].DecoderX/ChannelBondX/SR[0]                        |                2 |             16 |
|  HDMI_bd_i/clk_wiz_0/inst/clk_out1                           |                                                                                                               | HDMI_bd_i/dvi2rgb_0/U0/LockLostReset/SyncAsyncx/oSyncStages[1]                            |                5 |             18 |
|  HDMI_bd_i/dvi2rgb_0/U0/GenerateBUFG.ResyncToBUFG_X/PixelClk |                                                                                                               | HDMI_bd_i/rgb2dvi_0/U0/DataEncoders[0].DataEncoder/pDataOutRaw[9]_i_1_n_0                 |                4 |             20 |
|  HDMI_bd_i/dvi2rgb_0/U0/TMDS_ClockingX/CLK                   | HDMI_bd_i/dvi2rgb_0/U0/DataDecoders[0].DecoderX/PhaseAlignX/pState[10]_i_1__1_n_0                             | HDMI_bd_i/dvi2rgb_0/U0/DataDecoders[0].DecoderX/pAlignRst_reg_n_0                         |                3 |             22 |
|  HDMI_bd_i/dvi2rgb_0/U0/TMDS_ClockingX/CLK                   |                                                                                                               | HDMI_bd_i/dvi2rgb_0/U0/DataDecoders[0].DecoderX/ChannelBondX/SR[0]                        |                3 |             22 |
|  HDMI_bd_i/dvi2rgb_0/U0/TMDS_ClockingX/CLK                   | HDMI_bd_i/dvi2rgb_0/U0/DataDecoders[1].DecoderX/PhaseAlignX/pState[10]_i_1__0_n_0                             | HDMI_bd_i/dvi2rgb_0/U0/DataDecoders[1].DecoderX/pAlignRst_reg_n_0                         |                2 |             22 |
|  HDMI_bd_i/dvi2rgb_0/U0/TMDS_ClockingX/CLK                   | HDMI_bd_i/dvi2rgb_0/U0/DataDecoders[2].DecoderX/PhaseAlignX/pState[10]_i_1_n_0                                | HDMI_bd_i/dvi2rgb_0/U0/DataDecoders[2].DecoderX/pAlignRst_reg_n_0                         |                2 |             22 |
|  HDMI_bd_i/dvi2rgb_0/U0/TMDS_ClockingX/CLK                   |                                                                                                               | HDMI_bd_i/dvi2rgb_0/U0/LockLostReset/SyncAsyncx/oSyncStages[1]                            |                7 |             24 |
|  HDMI_bd_i/dvi2rgb_0/U0/TMDS_ClockingX/CLK                   | HDMI_bd_i/dvi2rgb_0/U0/DataDecoders[2].DecoderX/PhaseAlignX/pAllVld                                           |                                                                                           |                2 |             32 |
|  HDMI_bd_i/dvi2rgb_0/U0/TMDS_ClockingX/CLK                   | HDMI_bd_i/dvi2rgb_0/U0/DataDecoders[1].DecoderX/PhaseAlignX/pAllVld                                           |                                                                                           |                2 |             32 |
|  HDMI_bd_i/dvi2rgb_0/U0/TMDS_ClockingX/CLK                   | HDMI_bd_i/dvi2rgb_0/U0/DataDecoders[0].DecoderX/PhaseAlignX/pAllVld                                           |                                                                                           |                2 |             32 |
|  HDMI_bd_i/clk_wiz_0/inst/clk_out1                           | HDMI_bd_i/dvi2rgb_0/U0/GenerateDDC.DDC_EEPROM/I2C_SlaveController/E[0]                                        |                                                                                           |                3 |             32 |
|  HDMI_bd_i/clk_wiz_0/inst/clk_out1                           | HDMI_bd_i/dvi2rgb_0/U0/DataDecoders[1].DecoderX/sel                                                           | HDMI_bd_i/dvi2rgb_0/U0/DataDecoders[1].DecoderX/SyncBaseRst/SyncAsyncx/oSyncStages[1]     |                6 |             48 |
|  HDMI_bd_i/clk_wiz_0/inst/clk_out1                           | HDMI_bd_i/dvi2rgb_0/U0/DataDecoders[2].DecoderX/sel                                                           | HDMI_bd_i/dvi2rgb_0/U0/DataDecoders[2].DecoderX/SyncBaseRst/SyncAsyncx/oSyncStages[1]     |                6 |             48 |
|  HDMI_bd_i/clk_wiz_0/inst/clk_out1                           | HDMI_bd_i/dvi2rgb_0/U0/DataDecoders[0].DecoderX/sel                                                           | HDMI_bd_i/dvi2rgb_0/U0/DataDecoders[0].DecoderX/SyncBaseRst/SyncAsyncx/oSyncStages[1]     |                6 |             48 |
|  HDMI_bd_i/dvi2rgb_0/U0/GenerateBUFG.ResyncToBUFG_X/PixelClk | HDMI_bd_i/pixel16_0/U0/pixels_out_reg[0][rgb]0                                                                |                                                                                           |                5 |             54 |
|  HDMI_bd_i/dvi2rgb_0/U0/GenerateBUFG.ResyncToBUFG_X/PixelClk | HDMI_bd_i/pixel16_0/U0/counter                                                                                | reset_IBUF                                                                                |                5 |             62 |
|  HDMI_bd_i/dvi2rgb_0/U0/GenerateBUFG.ResyncToBUFG_X/PixelClk |                                                                                                               | HDMI_bd_i/rgb2dvi_0/U0/DataEncoders[0].DataEncoder/SR[0]                                  |               18 |             64 |
|  HDMI_bd_i/clk_wiz_0/inst/clk_out1                           |                                                                                                               |                                                                                           |               23 |             72 |
|  HDMI_bd_i/dvi2rgb_0/U0/GenerateBUFG.ResyncToBUFG_X/PixelClk |                                                                                                               |                                                                                           |               31 |            238 |
|  HDMI_bd_i/dvi2rgb_0/U0/TMDS_ClockingX/CLK                   |                                                                                                               |                                                                                           |               38 |            300 |
|  HDMI_bd_i/dvi2rgb_0/U0/GenerateBUFG.ResyncToBUFG_X/PixelClk | HDMI_bd_i/pixel16_0/U0/pixel_int_buffer0                                                                      | HDMI_bd_i/pixel16_0/U0/pixels_int_encrypted[0][rgb][23]_i_1_n_0                           |              112 |            768 |
|  HDMI_bd_i/dvi2rgb_0/U0/GenerateBUFG.ResyncToBUFG_X/PixelClk | HDMI_bd_i/pixel16_0/U0/pixels_out_reg[1][rgb]0                                                                |                                                                                           |               56 |            810 |
|  HDMI_bd_i/dvi2rgb_0/U0/GenerateBUFG.ResyncToBUFG_X/PixelClk | HDMI_bd_i/pixel16_0/U0/pixel_int_buffer0                                                                      |                                                                                           |              143 |            864 |
|  HDMI_bd_i/dvi2rgb_0/U0/GenerateBUFG.ResyncToBUFG_X/PixelClk | HDMI_bd_i/pixel16_0/U0/pixels_int[0][rgb][23]_i_1_n_0                                                         |                                                                                           |              137 |            864 |
|  HDMI_bd_i/dvi2rgb_0/U0/GenerateBUFG.ResyncToBUFG_X/PixelClk | HDMI_bd_i/pixel16_0/U0/pixels_in_reg[0][rgb]0                                                                 |                                                                                           |              109 |            864 |
+--------------------------------------------------------------+---------------------------------------------------------------------------------------------------------------+-------------------------------------------------------------------------------------------+------------------+----------------+


