
*** Running vivado
    with args -log HDMI_bd_pixel16_0_0.vds -m64 -product Vivado -mode batch -messageDb vivado.pb -notrace -source HDMI_bd_pixel16_0_0.tcl


****** Vivado v2018.2.1 (64-bit)
  **** SW Build 2288692 on Thu Jul 26 18:24:02 MDT 2018
  **** IP Build 2289599 on Thu Jul 26 21:09:20 MDT 2018
    ** Copyright 1986-2018 Xilinx, Inc. All Rights Reserved.

source HDMI_bd_pixel16_0_0.tcl -notrace
Command: synth_design -top HDMI_bd_pixel16_0_0 -part xc7z020clg400-1 -mode out_of_context
Starting synth_design
Attempting to get a license for feature 'Synthesis' and/or device 'xc7z020'
INFO: [Common 17-349] Got license for feature 'Synthesis' and/or device 'xc7z020'
INFO: Launching helper process for spawning children vivado processes
INFO: Helper process launched with PID 12200 
---------------------------------------------------------------------------------
Starting RTL Elaboration : Time (s): cpu = 00:00:02 ; elapsed = 00:00:02 . Memory (MB): peak = 391.797 ; gain = 102.684
---------------------------------------------------------------------------------
INFO: [Synth 8-638] synthesizing module 'HDMI_bd_pixel16_0_0' [c:/Users/dabou538/Documents/GitHub/projet_vlsi/SerpentEncryption/FSM_HDMI_Encrypt/ZYBO_HDMI_MGA_2018_2/project_1/project_1.srcs/sources_1/bd/HDMI_bd/ip/HDMI_bd_pixel16_0_0/synth/HDMI_bd_pixel16_0_0.vhd:71]
INFO: [Synth 8-3491] module 'pixel16' declared at 'C:/Users/dabou538/Documents/GitHub/projet_vlsi/SerpentEncryption/FSM_HDMI_Encrypt/ZYBO_HDMI_MGA_2018_2/project_1/project_1.srcs/sources_1/new/pixel16.vhd:38' bound to instance 'U0' of component 'pixel16' [c:/Users/dabou538/Documents/GitHub/projet_vlsi/SerpentEncryption/FSM_HDMI_Encrypt/ZYBO_HDMI_MGA_2018_2/project_1/project_1.srcs/sources_1/bd/HDMI_bd/ip/HDMI_bd_pixel16_0_0/synth/HDMI_bd_pixel16_0_0.vhd:103]
INFO: [Synth 8-638] synthesizing module 'pixel16' [C:/Users/dabou538/Documents/GitHub/projet_vlsi/SerpentEncryption/FSM_HDMI_Encrypt/ZYBO_HDMI_MGA_2018_2/project_1/project_1.srcs/sources_1/new/pixel16.vhd:51]
INFO: [Synth 8-638] synthesizing module 'key_padding' [C:/Users/dabou538/Documents/GitHub/projet_vlsi/SerpentEncryption/FSM_HDMI_Encrypt/ZYBO_HDMI_MGA_2018_2/project_1/project_1.srcs/sources_1/key_padding.vhd:9]
INFO: [Synth 8-256] done synthesizing module 'key_padding' (1#1) [C:/Users/dabou538/Documents/GitHub/projet_vlsi/SerpentEncryption/FSM_HDMI_Encrypt/ZYBO_HDMI_MGA_2018_2/project_1/project_1.srcs/sources_1/key_padding.vhd:9]
INFO: [Synth 8-638] synthesizing module 'key_expansion' [C:/Users/dabou538/Documents/GitHub/projet_vlsi/SerpentEncryption/FSM_HDMI_Encrypt/ZYBO_HDMI_MGA_2018_2/project_1/project_1.srcs/sources_1/key_expansion.vhd:13]
INFO: [Synth 8-638] synthesizing module 'top_para_sbox_0' [C:/Users/dabou538/Documents/GitHub/projet_vlsi/SerpentEncryption/FSM_HDMI_Encrypt/ZYBO_HDMI_MGA_2018_2/project_1/project_1.srcs/sources_1/top_para_sbox_0.vhd:41]
INFO: [Synth 8-638] synthesizing module 'parallel_s_box_0' [C:/Users/dabou538/Documents/GitHub/projet_vlsi/SerpentEncryption/FSM_HDMI_Encrypt/ZYBO_HDMI_MGA_2018_2/project_1/project_1.srcs/sources_1/parallel_s_box_0.vhd:41]
INFO: [Synth 8-638] synthesizing module 's_box_0' [C:/Users/dabou538/Documents/GitHub/projet_vlsi/SerpentEncryption/FSM_HDMI_Encrypt/ZYBO_HDMI_MGA_2018_2/project_1/project_1.srcs/sources_1/s_box_0.vhd:31]
INFO: [Synth 8-256] done synthesizing module 's_box_0' (2#1) [C:/Users/dabou538/Documents/GitHub/projet_vlsi/SerpentEncryption/FSM_HDMI_Encrypt/ZYBO_HDMI_MGA_2018_2/project_1/project_1.srcs/sources_1/s_box_0.vhd:31]
INFO: [Synth 8-256] done synthesizing module 'parallel_s_box_0' (3#1) [C:/Users/dabou538/Documents/GitHub/projet_vlsi/SerpentEncryption/FSM_HDMI_Encrypt/ZYBO_HDMI_MGA_2018_2/project_1/project_1.srcs/sources_1/parallel_s_box_0.vhd:41]
INFO: [Synth 8-256] done synthesizing module 'top_para_sbox_0' (4#1) [C:/Users/dabou538/Documents/GitHub/projet_vlsi/SerpentEncryption/FSM_HDMI_Encrypt/ZYBO_HDMI_MGA_2018_2/project_1/project_1.srcs/sources_1/top_para_sbox_0.vhd:41]
INFO: [Synth 8-638] synthesizing module 'top_para_sbox_1' [C:/Users/dabou538/Documents/GitHub/projet_vlsi/SerpentEncryption/FSM_HDMI_Encrypt/ZYBO_HDMI_MGA_2018_2/project_1/project_1.srcs/sources_1/top_para_sbox_1.vhd:41]
INFO: [Synth 8-638] synthesizing module 'parallel_s_box_1' [C:/Users/dabou538/Documents/GitHub/projet_vlsi/SerpentEncryption/FSM_HDMI_Encrypt/ZYBO_HDMI_MGA_2018_2/project_1/project_1.srcs/sources_1/parallel_s_box_1.vhd:41]
INFO: [Synth 8-638] synthesizing module 's_box_1' [C:/Users/dabou538/Documents/GitHub/projet_vlsi/SerpentEncryption/FSM_HDMI_Encrypt/ZYBO_HDMI_MGA_2018_2/project_1/project_1.srcs/sources_1/s_box_1.vhd:31]
INFO: [Synth 8-256] done synthesizing module 's_box_1' (5#1) [C:/Users/dabou538/Documents/GitHub/projet_vlsi/SerpentEncryption/FSM_HDMI_Encrypt/ZYBO_HDMI_MGA_2018_2/project_1/project_1.srcs/sources_1/s_box_1.vhd:31]
INFO: [Synth 8-256] done synthesizing module 'parallel_s_box_1' (6#1) [C:/Users/dabou538/Documents/GitHub/projet_vlsi/SerpentEncryption/FSM_HDMI_Encrypt/ZYBO_HDMI_MGA_2018_2/project_1/project_1.srcs/sources_1/parallel_s_box_1.vhd:41]
INFO: [Synth 8-256] done synthesizing module 'top_para_sbox_1' (7#1) [C:/Users/dabou538/Documents/GitHub/projet_vlsi/SerpentEncryption/FSM_HDMI_Encrypt/ZYBO_HDMI_MGA_2018_2/project_1/project_1.srcs/sources_1/top_para_sbox_1.vhd:41]
INFO: [Synth 8-638] synthesizing module 'top_para_sbox_2' [C:/Users/dabou538/Documents/GitHub/projet_vlsi/SerpentEncryption/FSM_HDMI_Encrypt/ZYBO_HDMI_MGA_2018_2/project_1/project_1.srcs/sources_1/top_para_sbox_2.vhd:41]
INFO: [Synth 8-638] synthesizing module 'parallel_s_box_2' [C:/Users/dabou538/Documents/GitHub/projet_vlsi/SerpentEncryption/FSM_HDMI_Encrypt/ZYBO_HDMI_MGA_2018_2/project_1/project_1.srcs/sources_1/parallel_s_box_2.vhd:41]
INFO: [Synth 8-638] synthesizing module 's_box_2' [C:/Users/dabou538/Documents/GitHub/projet_vlsi/SerpentEncryption/FSM_HDMI_Encrypt/ZYBO_HDMI_MGA_2018_2/project_1/project_1.srcs/sources_1/s_box_2.vhd:31]
INFO: [Synth 8-256] done synthesizing module 's_box_2' (8#1) [C:/Users/dabou538/Documents/GitHub/projet_vlsi/SerpentEncryption/FSM_HDMI_Encrypt/ZYBO_HDMI_MGA_2018_2/project_1/project_1.srcs/sources_1/s_box_2.vhd:31]
INFO: [Synth 8-256] done synthesizing module 'parallel_s_box_2' (9#1) [C:/Users/dabou538/Documents/GitHub/projet_vlsi/SerpentEncryption/FSM_HDMI_Encrypt/ZYBO_HDMI_MGA_2018_2/project_1/project_1.srcs/sources_1/parallel_s_box_2.vhd:41]
INFO: [Synth 8-256] done synthesizing module 'top_para_sbox_2' (10#1) [C:/Users/dabou538/Documents/GitHub/projet_vlsi/SerpentEncryption/FSM_HDMI_Encrypt/ZYBO_HDMI_MGA_2018_2/project_1/project_1.srcs/sources_1/top_para_sbox_2.vhd:41]
INFO: [Synth 8-638] synthesizing module 'top_para_sbox_3' [C:/Users/dabou538/Documents/GitHub/projet_vlsi/SerpentEncryption/FSM_HDMI_Encrypt/ZYBO_HDMI_MGA_2018_2/project_1/project_1.srcs/sources_1/top_para_sbox_3.vhd:41]
INFO: [Synth 8-638] synthesizing module 'parallel_s_box_3' [C:/Users/dabou538/Documents/GitHub/projet_vlsi/SerpentEncryption/FSM_HDMI_Encrypt/ZYBO_HDMI_MGA_2018_2/project_1/project_1.srcs/sources_1/parallel_s_box_3.vhd:41]
INFO: [Synth 8-638] synthesizing module 's_box_3' [C:/Users/dabou538/Documents/GitHub/projet_vlsi/SerpentEncryption/FSM_HDMI_Encrypt/ZYBO_HDMI_MGA_2018_2/project_1/project_1.srcs/sources_1/s_box_3.vhd:31]
INFO: [Synth 8-256] done synthesizing module 's_box_3' (11#1) [C:/Users/dabou538/Documents/GitHub/projet_vlsi/SerpentEncryption/FSM_HDMI_Encrypt/ZYBO_HDMI_MGA_2018_2/project_1/project_1.srcs/sources_1/s_box_3.vhd:31]
INFO: [Synth 8-256] done synthesizing module 'parallel_s_box_3' (12#1) [C:/Users/dabou538/Documents/GitHub/projet_vlsi/SerpentEncryption/FSM_HDMI_Encrypt/ZYBO_HDMI_MGA_2018_2/project_1/project_1.srcs/sources_1/parallel_s_box_3.vhd:41]
INFO: [Synth 8-256] done synthesizing module 'top_para_sbox_3' (13#1) [C:/Users/dabou538/Documents/GitHub/projet_vlsi/SerpentEncryption/FSM_HDMI_Encrypt/ZYBO_HDMI_MGA_2018_2/project_1/project_1.srcs/sources_1/top_para_sbox_3.vhd:41]
INFO: [Synth 8-638] synthesizing module 'top_para_sbox_4' [C:/Users/dabou538/Documents/GitHub/projet_vlsi/SerpentEncryption/FSM_HDMI_Encrypt/ZYBO_HDMI_MGA_2018_2/project_1/project_1.srcs/sources_1/top_para_sbox_4.vhd:41]
INFO: [Synth 8-638] synthesizing module 'parallel_s_box_4' [C:/Users/dabou538/Documents/GitHub/projet_vlsi/SerpentEncryption/FSM_HDMI_Encrypt/ZYBO_HDMI_MGA_2018_2/project_1/project_1.srcs/sources_1/parallel_s_box_4.vhd:41]
INFO: [Synth 8-638] synthesizing module 's_box_4' [C:/Users/dabou538/Documents/GitHub/projet_vlsi/SerpentEncryption/FSM_HDMI_Encrypt/ZYBO_HDMI_MGA_2018_2/project_1/project_1.srcs/sources_1/s_box_4.vhd:31]
INFO: [Synth 8-256] done synthesizing module 's_box_4' (14#1) [C:/Users/dabou538/Documents/GitHub/projet_vlsi/SerpentEncryption/FSM_HDMI_Encrypt/ZYBO_HDMI_MGA_2018_2/project_1/project_1.srcs/sources_1/s_box_4.vhd:31]
INFO: [Synth 8-256] done synthesizing module 'parallel_s_box_4' (15#1) [C:/Users/dabou538/Documents/GitHub/projet_vlsi/SerpentEncryption/FSM_HDMI_Encrypt/ZYBO_HDMI_MGA_2018_2/project_1/project_1.srcs/sources_1/parallel_s_box_4.vhd:41]
INFO: [Synth 8-256] done synthesizing module 'top_para_sbox_4' (16#1) [C:/Users/dabou538/Documents/GitHub/projet_vlsi/SerpentEncryption/FSM_HDMI_Encrypt/ZYBO_HDMI_MGA_2018_2/project_1/project_1.srcs/sources_1/top_para_sbox_4.vhd:41]
INFO: [Synth 8-638] synthesizing module 'top_para_sbox_5' [C:/Users/dabou538/Documents/GitHub/projet_vlsi/SerpentEncryption/FSM_HDMI_Encrypt/ZYBO_HDMI_MGA_2018_2/project_1/project_1.srcs/sources_1/top_para_sbox_5.vhd:41]
INFO: [Synth 8-638] synthesizing module 'parallel_s_box_5' [C:/Users/dabou538/Documents/GitHub/projet_vlsi/SerpentEncryption/FSM_HDMI_Encrypt/ZYBO_HDMI_MGA_2018_2/project_1/project_1.srcs/sources_1/parallel_s_box_5.vhd:41]
INFO: [Synth 8-638] synthesizing module 's_box_5' [C:/Users/dabou538/Documents/GitHub/projet_vlsi/SerpentEncryption/FSM_HDMI_Encrypt/ZYBO_HDMI_MGA_2018_2/project_1/project_1.srcs/sources_1/s_box_5.vhd:31]
INFO: [Synth 8-256] done synthesizing module 's_box_5' (17#1) [C:/Users/dabou538/Documents/GitHub/projet_vlsi/SerpentEncryption/FSM_HDMI_Encrypt/ZYBO_HDMI_MGA_2018_2/project_1/project_1.srcs/sources_1/s_box_5.vhd:31]
INFO: [Synth 8-256] done synthesizing module 'parallel_s_box_5' (18#1) [C:/Users/dabou538/Documents/GitHub/projet_vlsi/SerpentEncryption/FSM_HDMI_Encrypt/ZYBO_HDMI_MGA_2018_2/project_1/project_1.srcs/sources_1/parallel_s_box_5.vhd:41]
INFO: [Synth 8-256] done synthesizing module 'top_para_sbox_5' (19#1) [C:/Users/dabou538/Documents/GitHub/projet_vlsi/SerpentEncryption/FSM_HDMI_Encrypt/ZYBO_HDMI_MGA_2018_2/project_1/project_1.srcs/sources_1/top_para_sbox_5.vhd:41]
INFO: [Synth 8-638] synthesizing module 'top_para_sbox_6' [C:/Users/dabou538/Documents/GitHub/projet_vlsi/SerpentEncryption/FSM_HDMI_Encrypt/ZYBO_HDMI_MGA_2018_2/project_1/project_1.srcs/sources_1/top_para_sbox_6.vhd:41]
INFO: [Synth 8-638] synthesizing module 'parallel_s_box_6' [C:/Users/dabou538/Documents/GitHub/projet_vlsi/SerpentEncryption/FSM_HDMI_Encrypt/ZYBO_HDMI_MGA_2018_2/project_1/project_1.srcs/sources_1/parallel_s_box_6.vhd:41]
INFO: [Synth 8-638] synthesizing module 's_box_6' [C:/Users/dabou538/Documents/GitHub/projet_vlsi/SerpentEncryption/FSM_HDMI_Encrypt/ZYBO_HDMI_MGA_2018_2/project_1/project_1.srcs/sources_1/s_box_6.vhd:31]
INFO: [Synth 8-256] done synthesizing module 's_box_6' (20#1) [C:/Users/dabou538/Documents/GitHub/projet_vlsi/SerpentEncryption/FSM_HDMI_Encrypt/ZYBO_HDMI_MGA_2018_2/project_1/project_1.srcs/sources_1/s_box_6.vhd:31]
INFO: [Synth 8-256] done synthesizing module 'parallel_s_box_6' (21#1) [C:/Users/dabou538/Documents/GitHub/projet_vlsi/SerpentEncryption/FSM_HDMI_Encrypt/ZYBO_HDMI_MGA_2018_2/project_1/project_1.srcs/sources_1/parallel_s_box_6.vhd:41]
INFO: [Synth 8-256] done synthesizing module 'top_para_sbox_6' (22#1) [C:/Users/dabou538/Documents/GitHub/projet_vlsi/SerpentEncryption/FSM_HDMI_Encrypt/ZYBO_HDMI_MGA_2018_2/project_1/project_1.srcs/sources_1/top_para_sbox_6.vhd:41]
INFO: [Synth 8-638] synthesizing module 'top_para_sbox_7' [C:/Users/dabou538/Documents/GitHub/projet_vlsi/SerpentEncryption/FSM_HDMI_Encrypt/ZYBO_HDMI_MGA_2018_2/project_1/project_1.srcs/sources_1/top_para_sbox_7.vhd:41]
INFO: [Synth 8-638] synthesizing module 'parallel_s_box_7' [C:/Users/dabou538/Documents/GitHub/projet_vlsi/SerpentEncryption/FSM_HDMI_Encrypt/ZYBO_HDMI_MGA_2018_2/project_1/project_1.srcs/sources_1/parallel_s_box_7.vhd:41]
INFO: [Synth 8-638] synthesizing module 's_box_7' [C:/Users/dabou538/Documents/GitHub/projet_vlsi/SerpentEncryption/FSM_HDMI_Encrypt/ZYBO_HDMI_MGA_2018_2/project_1/project_1.srcs/sources_1/s_box_7.vhd:31]
INFO: [Synth 8-256] done synthesizing module 's_box_7' (23#1) [C:/Users/dabou538/Documents/GitHub/projet_vlsi/SerpentEncryption/FSM_HDMI_Encrypt/ZYBO_HDMI_MGA_2018_2/project_1/project_1.srcs/sources_1/s_box_7.vhd:31]
INFO: [Synth 8-256] done synthesizing module 'parallel_s_box_7' (24#1) [C:/Users/dabou538/Documents/GitHub/projet_vlsi/SerpentEncryption/FSM_HDMI_Encrypt/ZYBO_HDMI_MGA_2018_2/project_1/project_1.srcs/sources_1/parallel_s_box_7.vhd:41]
INFO: [Synth 8-256] done synthesizing module 'top_para_sbox_7' (25#1) [C:/Users/dabou538/Documents/GitHub/projet_vlsi/SerpentEncryption/FSM_HDMI_Encrypt/ZYBO_HDMI_MGA_2018_2/project_1/project_1.srcs/sources_1/top_para_sbox_7.vhd:41]
INFO: [Synth 8-256] done synthesizing module 'key_expansion' (26#1) [C:/Users/dabou538/Documents/GitHub/projet_vlsi/SerpentEncryption/FSM_HDMI_Encrypt/ZYBO_HDMI_MGA_2018_2/project_1/project_1.srcs/sources_1/key_expansion.vhd:13]
INFO: [Synth 8-3491] module 'serpent_decryption_block' declared at 'C:/Users/dabou538/Documents/GitHub/projet_vlsi/SerpentDecryption/SerpentDecryption.srcs/sources_1/new/serpent_decryption_block.vhd:43' bound to instance 'block1' of component 'serpent_decryption_block' [C:/Users/dabou538/Documents/GitHub/projet_vlsi/SerpentEncryption/FSM_HDMI_Encrypt/ZYBO_HDMI_MGA_2018_2/project_1/project_1.srcs/sources_1/new/pixel16.vhd:124]
INFO: [Synth 8-638] synthesizing module 'serpent_decryption_block' [C:/Users/dabou538/Documents/GitHub/projet_vlsi/SerpentDecryption/SerpentDecryption.srcs/sources_1/new/serpent_decryption_block.vhd:52]
INFO: [Synth 8-638] synthesizing module 'inv_linear_transform' [C:/Users/dabou538/Documents/GitHub/projet_vlsi/SerpentDecryption/SerpentDecryption.srcs/sources_1/new/inv_linear_transform.vhd:41]
INFO: [Synth 8-256] done synthesizing module 'inv_linear_transform' (27#1) [C:/Users/dabou538/Documents/GitHub/projet_vlsi/SerpentDecryption/SerpentDecryption.srcs/sources_1/new/inv_linear_transform.vhd:41]
INFO: [Synth 8-638] synthesizing module 'inv_parallel_sbox_7' [C:/Users/dabou538/Documents/GitHub/projet_vlsi/SerpentDecryption/SerpentDecryption.srcs/sources_1/new/inv_parallel_sbox_7.vhd:20]
INFO: [Synth 8-638] synthesizing module 'inv_sbox_7' [C:/Users/dabou538/Documents/GitHub/projet_vlsi/SerpentDecryption/SerpentDecryption.srcs/sources_1/new/inv_sbox_7.vhd:10]
INFO: [Synth 8-256] done synthesizing module 'inv_sbox_7' (28#1) [C:/Users/dabou538/Documents/GitHub/projet_vlsi/SerpentDecryption/SerpentDecryption.srcs/sources_1/new/inv_sbox_7.vhd:10]
INFO: [Synth 8-256] done synthesizing module 'inv_parallel_sbox_7' (29#1) [C:/Users/dabou538/Documents/GitHub/projet_vlsi/SerpentDecryption/SerpentDecryption.srcs/sources_1/new/inv_parallel_sbox_7.vhd:20]
INFO: [Synth 8-638] synthesizing module 'inv_parallel_sbox_6' [C:/Users/dabou538/Documents/GitHub/projet_vlsi/SerpentDecryption/SerpentDecryption.srcs/sources_1/new/inv_parallel_sbox_6.vhd:20]
INFO: [Synth 8-638] synthesizing module 'inv_sbox_6' [C:/Users/dabou538/Documents/GitHub/projet_vlsi/SerpentDecryption/SerpentDecryption.srcs/sources_1/new/inv_sbox_6.vhd:10]
INFO: [Synth 8-256] done synthesizing module 'inv_sbox_6' (30#1) [C:/Users/dabou538/Documents/GitHub/projet_vlsi/SerpentDecryption/SerpentDecryption.srcs/sources_1/new/inv_sbox_6.vhd:10]
INFO: [Synth 8-256] done synthesizing module 'inv_parallel_sbox_6' (31#1) [C:/Users/dabou538/Documents/GitHub/projet_vlsi/SerpentDecryption/SerpentDecryption.srcs/sources_1/new/inv_parallel_sbox_6.vhd:20]
INFO: [Synth 8-638] synthesizing module 'inv_parallel_sbox_5' [C:/Users/dabou538/Documents/GitHub/projet_vlsi/SerpentDecryption/SerpentDecryption.srcs/sources_1/new/inv_parallel_sbox_5.vhd:20]
INFO: [Synth 8-638] synthesizing module 'inv_sbox_5' [C:/Users/dabou538/Documents/GitHub/projet_vlsi/SerpentDecryption/SerpentDecryption.srcs/sources_1/new/inv_sbox_5.vhd:10]
INFO: [Synth 8-256] done synthesizing module 'inv_sbox_5' (32#1) [C:/Users/dabou538/Documents/GitHub/projet_vlsi/SerpentDecryption/SerpentDecryption.srcs/sources_1/new/inv_sbox_5.vhd:10]
INFO: [Synth 8-256] done synthesizing module 'inv_parallel_sbox_5' (33#1) [C:/Users/dabou538/Documents/GitHub/projet_vlsi/SerpentDecryption/SerpentDecryption.srcs/sources_1/new/inv_parallel_sbox_5.vhd:20]
INFO: [Synth 8-638] synthesizing module 'inv_parallel_sbox_4' [C:/Users/dabou538/Documents/GitHub/projet_vlsi/SerpentDecryption/SerpentDecryption.srcs/sources_1/new/inv_parallel_sbox_4.vhd:20]
INFO: [Synth 8-638] synthesizing module 'inv_sbox_4' [C:/Users/dabou538/Documents/GitHub/projet_vlsi/SerpentDecryption/SerpentDecryption.srcs/sources_1/new/inv_sbox_4.vhd:10]
INFO: [Synth 8-256] done synthesizing module 'inv_sbox_4' (34#1) [C:/Users/dabou538/Documents/GitHub/projet_vlsi/SerpentDecryption/SerpentDecryption.srcs/sources_1/new/inv_sbox_4.vhd:10]
INFO: [Synth 8-256] done synthesizing module 'inv_parallel_sbox_4' (35#1) [C:/Users/dabou538/Documents/GitHub/projet_vlsi/SerpentDecryption/SerpentDecryption.srcs/sources_1/new/inv_parallel_sbox_4.vhd:20]
INFO: [Synth 8-638] synthesizing module 'inv_parallel_sbox_3' [C:/Users/dabou538/Documents/GitHub/projet_vlsi/SerpentDecryption/SerpentDecryption.srcs/sources_1/new/inv_parallel_sbox_3.vhd:20]
INFO: [Synth 8-638] synthesizing module 'inv_sbox_3' [C:/Users/dabou538/Documents/GitHub/projet_vlsi/SerpentDecryption/SerpentDecryption.srcs/sources_1/new/inv_sbox_3.vhd:10]
INFO: [Synth 8-256] done synthesizing module 'inv_sbox_3' (36#1) [C:/Users/dabou538/Documents/GitHub/projet_vlsi/SerpentDecryption/SerpentDecryption.srcs/sources_1/new/inv_sbox_3.vhd:10]
INFO: [Synth 8-256] done synthesizing module 'inv_parallel_sbox_3' (37#1) [C:/Users/dabou538/Documents/GitHub/projet_vlsi/SerpentDecryption/SerpentDecryption.srcs/sources_1/new/inv_parallel_sbox_3.vhd:20]
INFO: [Synth 8-638] synthesizing module 'inv_parallel_sbox_2' [C:/Users/dabou538/Documents/GitHub/projet_vlsi/SerpentDecryption/SerpentDecryption.srcs/sources_1/new/inv_parallel_sbox_2.vhd:20]
INFO: [Synth 8-638] synthesizing module 'inv_sbox_2' [C:/Users/dabou538/Documents/GitHub/projet_vlsi/SerpentDecryption/SerpentDecryption.srcs/sources_1/new/inv_sbox_2.vhd:10]
INFO: [Synth 8-256] done synthesizing module 'inv_sbox_2' (38#1) [C:/Users/dabou538/Documents/GitHub/projet_vlsi/SerpentDecryption/SerpentDecryption.srcs/sources_1/new/inv_sbox_2.vhd:10]
INFO: [Synth 8-256] done synthesizing module 'inv_parallel_sbox_2' (39#1) [C:/Users/dabou538/Documents/GitHub/projet_vlsi/SerpentDecryption/SerpentDecryption.srcs/sources_1/new/inv_parallel_sbox_2.vhd:20]
INFO: [Synth 8-638] synthesizing module 'inv_parallel_sbox_1' [C:/Users/dabou538/Documents/GitHub/projet_vlsi/SerpentDecryption/SerpentDecryption.srcs/sources_1/new/inv_parallel_sbox_1.vhd:20]
INFO: [Synth 8-638] synthesizing module 'inv_sbox_1' [C:/Users/dabou538/Documents/GitHub/projet_vlsi/SerpentDecryption/SerpentDecryption.srcs/sources_1/new/inv_sbox_1.vhd:10]
INFO: [Synth 8-256] done synthesizing module 'inv_sbox_1' (40#1) [C:/Users/dabou538/Documents/GitHub/projet_vlsi/SerpentDecryption/SerpentDecryption.srcs/sources_1/new/inv_sbox_1.vhd:10]
INFO: [Synth 8-256] done synthesizing module 'inv_parallel_sbox_1' (41#1) [C:/Users/dabou538/Documents/GitHub/projet_vlsi/SerpentDecryption/SerpentDecryption.srcs/sources_1/new/inv_parallel_sbox_1.vhd:20]
INFO: [Synth 8-638] synthesizing module 'inv_parallel_sbox_0' [C:/Users/dabou538/Documents/GitHub/projet_vlsi/SerpentDecryption/SerpentDecryption.srcs/sources_1/new/inv_parallel_sbox_0.vhd:20]
INFO: [Synth 8-638] synthesizing module 'inv_sbox_0' [C:/Users/dabou538/Documents/GitHub/projet_vlsi/SerpentDecryption/SerpentDecryption.srcs/sources_1/new/inv_sbox_0.vhd:12]
INFO: [Synth 8-256] done synthesizing module 'inv_sbox_0' (42#1) [C:/Users/dabou538/Documents/GitHub/projet_vlsi/SerpentDecryption/SerpentDecryption.srcs/sources_1/new/inv_sbox_0.vhd:12]
INFO: [Synth 8-256] done synthesizing module 'inv_parallel_sbox_0' (43#1) [C:/Users/dabou538/Documents/GitHub/projet_vlsi/SerpentDecryption/SerpentDecryption.srcs/sources_1/new/inv_parallel_sbox_0.vhd:20]
INFO: [Synth 8-256] done synthesizing module 'serpent_decryption_block' (44#1) [C:/Users/dabou538/Documents/GitHub/projet_vlsi/SerpentDecryption/SerpentDecryption.srcs/sources_1/new/serpent_decryption_block.vhd:52]
INFO: [Synth 8-3491] module 'serpent_decryption_block' declared at 'C:/Users/dabou538/Documents/GitHub/projet_vlsi/SerpentDecryption/SerpentDecryption.srcs/sources_1/new/serpent_decryption_block.vhd:43' bound to instance 'block2' of component 'serpent_decryption_block' [C:/Users/dabou538/Documents/GitHub/projet_vlsi/SerpentEncryption/FSM_HDMI_Encrypt/ZYBO_HDMI_MGA_2018_2/project_1/project_1.srcs/sources_1/new/pixel16.vhd:130]
INFO: [Synth 8-3491] module 'serpent_decryption_block' declared at 'C:/Users/dabou538/Documents/GitHub/projet_vlsi/SerpentDecryption/SerpentDecryption.srcs/sources_1/new/serpent_decryption_block.vhd:43' bound to instance 'block3' of component 'serpent_decryption_block' [C:/Users/dabou538/Documents/GitHub/projet_vlsi/SerpentEncryption/FSM_HDMI_Encrypt/ZYBO_HDMI_MGA_2018_2/project_1/project_1.srcs/sources_1/new/pixel16.vhd:136]
WARNING: [Synth 8-6014] Unused sequential element start_int_reg was removed.  [C:/Users/dabou538/Documents/GitHub/projet_vlsi/SerpentEncryption/FSM_HDMI_Encrypt/ZYBO_HDMI_MGA_2018_2/project_1/project_1.srcs/sources_1/new/pixel16.vhd:214]
INFO: [Synth 8-256] done synthesizing module 'pixel16' (45#1) [C:/Users/dabou538/Documents/GitHub/projet_vlsi/SerpentEncryption/FSM_HDMI_Encrypt/ZYBO_HDMI_MGA_2018_2/project_1/project_1.srcs/sources_1/new/pixel16.vhd:51]
INFO: [Synth 8-256] done synthesizing module 'HDMI_bd_pixel16_0_0' (46#1) [c:/Users/dabou538/Documents/GitHub/projet_vlsi/SerpentEncryption/FSM_HDMI_Encrypt/ZYBO_HDMI_MGA_2018_2/project_1/project_1.srcs/sources_1/bd/HDMI_bd/ip/HDMI_bd_pixel16_0_0/synth/HDMI_bd_pixel16_0_0.vhd:71]
WARNING: [Synth 8-3331] design serpent_decryption_block has unconnected port i_pixel_clk
---------------------------------------------------------------------------------
Finished RTL Elaboration : Time (s): cpu = 00:00:03 ; elapsed = 00:00:04 . Memory (MB): peak = 482.891 ; gain = 193.777
---------------------------------------------------------------------------------

Report Check Netlist: 
+------+------------------+-------+---------+-------+------------------+
|      |Item              |Errors |Warnings |Status |Description       |
+------+------------------+-------+---------+-------+------------------+
|1     |multi_driven_nets |      0|        0|Passed |Multi driven nets |
+------+------------------+-------+---------+-------+------------------+
---------------------------------------------------------------------------------
Start Handling Custom Attributes
---------------------------------------------------------------------------------
---------------------------------------------------------------------------------
Finished Handling Custom Attributes : Time (s): cpu = 00:00:04 ; elapsed = 00:00:04 . Memory (MB): peak = 482.891 ; gain = 193.777
---------------------------------------------------------------------------------
---------------------------------------------------------------------------------
Finished RTL Optimization Phase 1 : Time (s): cpu = 00:00:04 ; elapsed = 00:00:04 . Memory (MB): peak = 482.891 ; gain = 193.777
---------------------------------------------------------------------------------
INFO: [Device 21-403] Loading part xc7z020clg400-1
INFO: [Project 1-570] Preparing netlist for logic optimization

Processing XDC Constraints
Initializing timing engine
Completed Processing XDC Constraints

INFO: [Project 1-111] Unisim Transformation Summary:
No Unisim elements were transformed.

WARNING: [Constraints 18-5210] No constraint will be written out.
Constraint Validation Runtime : Time (s): cpu = 00:00:00 ; elapsed = 00:00:00.077 . Memory (MB): peak = 901.742 ; gain = 5.262
---------------------------------------------------------------------------------
Finished Constraint Validation : Time (s): cpu = 00:00:16 ; elapsed = 00:00:18 . Memory (MB): peak = 901.742 ; gain = 612.629
---------------------------------------------------------------------------------
---------------------------------------------------------------------------------
Start Loading Part and Timing Information
---------------------------------------------------------------------------------
Loading part: xc7z020clg400-1
---------------------------------------------------------------------------------
Finished Loading Part and Timing Information : Time (s): cpu = 00:00:16 ; elapsed = 00:00:18 . Memory (MB): peak = 901.742 ; gain = 612.629
---------------------------------------------------------------------------------
---------------------------------------------------------------------------------
Start Applying 'set_property' XDC Constraints
---------------------------------------------------------------------------------
---------------------------------------------------------------------------------
Finished applying 'set_property' XDC Constraints : Time (s): cpu = 00:00:16 ; elapsed = 00:00:18 . Memory (MB): peak = 901.742 ; gain = 612.629
---------------------------------------------------------------------------------
---------------------------------------------------------------------------------
Finished RTL Optimization Phase 2 : Time (s): cpu = 00:00:17 ; elapsed = 00:00:19 . Memory (MB): peak = 901.742 ; gain = 612.629
---------------------------------------------------------------------------------

Report RTL Partitions: 
+------+-------------------------------+------------+----------+
|      |RTL Partition                  |Replication |Instances |
+------+-------------------------------+------------+----------+
|1     |key_expansion__GB0             |           1|     23933|
|2     |key_expansion__GB1             |           1|     23815|
|3     |key_expansion__GB2             |           1|     12039|
|4     |key_expansion__GB3             |           1|     18817|
|5     |serpent_decryption_block__GBM0 |           1|     20480|
|6     |serpent_decryption_block__GBM1 |           1|     19435|
|7     |serpent_decryption_block__GBM2 |           1|     11470|
|8     |pixel16__GC0                   |           1|      3126|
+------+-------------------------------+------------+----------+
---------------------------------------------------------------------------------
Start RTL Component Statistics 
---------------------------------------------------------------------------------
Detailed RTL Component Info : 
+---Adders : 
	   2 Input      8 Bit       Adders := 1     
+---XORs : 
	   2 Input    128 Bit         XORs := 27    
	   5 Input     32 Bit         XORs := 132   
	   3 Input     32 Bit         XORs := 96    
+---Registers : 
	              384 Bit    Registers := 1     
	               24 Bit    Registers := 65    
	                8 Bit    Registers := 1     
	                2 Bit    Registers := 1     
	                1 Bit    Registers := 195   
+---Muxes : 
	   2 Input    128 Bit        Muxes := 3     
	   4 Input     24 Bit        Muxes := 16    
	   2 Input     24 Bit        Muxes := 15    
	   4 Input      8 Bit        Muxes := 1     
	   2 Input      8 Bit        Muxes := 1     
	   4 Input      2 Bit        Muxes := 1     
	   4 Input      1 Bit        Muxes := 58    
	   2 Input      1 Bit        Muxes := 46    
---------------------------------------------------------------------------------
Finished RTL Component Statistics 
---------------------------------------------------------------------------------
---------------------------------------------------------------------------------
Start RTL Hierarchical Component Statistics 
---------------------------------------------------------------------------------
Hierarchical RTL Component report 
Module key_expansion 
Detailed RTL Component Info : 
+---XORs : 
	   5 Input     32 Bit         XORs := 132   
Module inv_linear_transform__1 
Detailed RTL Component Info : 
+---XORs : 
	   3 Input     32 Bit         XORs := 4     
Module inv_linear_transform__2 
Detailed RTL Component Info : 
+---XORs : 
	   3 Input     32 Bit         XORs := 4     
Module inv_linear_transform__3 
Detailed RTL Component Info : 
+---XORs : 
	   3 Input     32 Bit         XORs := 4     
Module inv_linear_transform__4 
Detailed RTL Component Info : 
+---XORs : 
	   3 Input     32 Bit         XORs := 4     
Module inv_linear_transform__5 
Detailed RTL Component Info : 
+---XORs : 
	   3 Input     32 Bit         XORs := 4     
Module inv_linear_transform__6 
Detailed RTL Component Info : 
+---XORs : 
	   3 Input     32 Bit         XORs := 4     
Module inv_linear_transform__7 
Detailed RTL Component Info : 
+---XORs : 
	   3 Input     32 Bit         XORs := 4     
Module inv_linear_transform 
Detailed RTL Component Info : 
+---XORs : 
	   3 Input     32 Bit         XORs := 4     
Module serpent_decryption_block 
Detailed RTL Component Info : 
+---XORs : 
	   2 Input    128 Bit         XORs := 9     
+---Muxes : 
	   2 Input    128 Bit        Muxes := 1     
Module pixel16 
Detailed RTL Component Info : 
+---Adders : 
	   2 Input      8 Bit       Adders := 1     
+---Registers : 
	              384 Bit    Registers := 1     
	               24 Bit    Registers := 65    
	                8 Bit    Registers := 1     
	                2 Bit    Registers := 1     
	                1 Bit    Registers := 195   
+---Muxes : 
	   4 Input     24 Bit        Muxes := 16    
	   2 Input     24 Bit        Muxes := 15    
	   4 Input      8 Bit        Muxes := 1     
	   2 Input      8 Bit        Muxes := 1     
	   4 Input      2 Bit        Muxes := 1     
	   4 Input      1 Bit        Muxes := 58    
	   2 Input      1 Bit        Muxes := 46    
---------------------------------------------------------------------------------
Finished RTL Hierarchical Component Statistics
---------------------------------------------------------------------------------
---------------------------------------------------------------------------------
Start Part Resource Summary
---------------------------------------------------------------------------------
Part Resources:
DSPs: 220 (col length:60)
BRAMs: 280 (col length: RAMB18 60 RAMB36 30)
---------------------------------------------------------------------------------
Finished Part Resource Summary
---------------------------------------------------------------------------------
INFO: [Synth 8-5580] Multithreading enabled for synth_design using a maximum of 2 processes.
---------------------------------------------------------------------------------
Start Cross Boundary and Area Optimization
---------------------------------------------------------------------------------
INFO: [Synth 8-3886] merging instance 'U0i_13/counter_reg[4]' (FDCE) to 'U0i_13/counter_reg[5]'
INFO: [Synth 8-3886] merging instance 'U0i_13/counter_reg[7]' (FDCE) to 'U0i_13/counter_reg[5]'
INFO: [Synth 8-3886] merging instance 'U0i_13/counter_reg[5]' (FDCE) to 'U0i_13/counter_reg[6]'
INFO: [Synth 8-3333] propagating constant 0 across sequential element (U0i_13/\counter_reg[6] )
WARNING: [Synth 8-3917] design serpent_decryption_block__GBM1 has port P[5] driven by constant 0
WARNING: [Synth 8-3917] design serpent_decryption_block__GBM1 has port P[2] driven by constant 0
WARNING: [Synth 8-3917] design serpent_decryption_block__GBM1 has port P[1] driven by constant 0
WARNING: [Synth 8-3917] design serpent_decryption_block__GBM1 has port P[0] driven by constant 0
WARNING: [Synth 8-3917] design serpent_decryption_block__GBM1 has port O11[2] driven by constant 0
WARNING: [Synth 8-3917] design serpent_decryption_block__GBM1 has port O11[1] driven by constant 0
WARNING: [Synth 8-3917] design serpent_decryption_block__GBM1 has port O11[0] driven by constant 1
WARNING: [Synth 8-3917] design serpent_decryption_block__GBM1 has port O12[2] driven by constant 0
WARNING: [Synth 8-3917] design serpent_decryption_block__GBM1 has port O12[1] driven by constant 1
WARNING: [Synth 8-3917] design serpent_decryption_block__GBM1 has port O12[0] driven by constant 0
WARNING: [Synth 8-3917] design serpent_decryption_block__GBM1 has port O13[2] driven by constant 0
WARNING: [Synth 8-3917] design serpent_decryption_block__GBM1 has port O13[1] driven by constant 1
WARNING: [Synth 8-3917] design serpent_decryption_block__GBM1 has port O13[0] driven by constant 1
WARNING: [Synth 8-3917] design serpent_decryption_block__GBM1 has port O14[2] driven by constant 1
WARNING: [Synth 8-3917] design serpent_decryption_block__GBM1 has port O14[1] driven by constant 0
WARNING: [Synth 8-3917] design serpent_decryption_block__GBM1 has port O14[0] driven by constant 0
---------------------------------------------------------------------------------
Finished Cross Boundary and Area Optimization : Time (s): cpu = 00:01:22 ; elapsed = 00:03:46 . Memory (MB): peak = 901.742 ; gain = 612.629
---------------------------------------------------------------------------------

Report RTL Partitions: 
+------+-------------------------------+------------+----------+
|      |RTL Partition                  |Replication |Instances |
+------+-------------------------------+------------+----------+
|1     |key_expansion__GB0             |           1|     29582|
|2     |key_expansion__GB1             |           1|     31404|
|3     |key_expansion__GB2             |           1|     11734|
|4     |key_expansion__GB3             |           1|     19614|
|5     |serpent_decryption_block__GBM0 |           3|     19968|
|6     |serpent_decryption_block__GBM1 |           3|      4904|
|7     |serpent_decryption_block__GBM2 |           3|      5358|
|8     |pixel16__GC0                   |           1|      2609|
+------+-------------------------------+------------+----------+
---------------------------------------------------------------------------------
Start Applying XDC Timing Constraints
---------------------------------------------------------------------------------
---------------------------------------------------------------------------------
Finished Applying XDC Timing Constraints : Time (s): cpu = 00:01:31 ; elapsed = 00:03:57 . Memory (MB): peak = 902.648 ; gain = 613.535
---------------------------------------------------------------------------------
---------------------------------------------------------------------------------
Start Timing Optimization
---------------------------------------------------------------------------------
---------------------------------------------------------------------------------
Finished Timing Optimization : Time (s): cpu = 00:01:32 ; elapsed = 00:03:58 . Memory (MB): peak = 908.203 ; gain = 619.090
---------------------------------------------------------------------------------

Report RTL Partitions: 
+------+-------------------------------+------------+----------+
|      |RTL Partition                  |Replication |Instances |
+------+-------------------------------+------------+----------+
|1     |key_expansion__GB0             |           1|         3|
|2     |key_expansion__GB1             |           1|       464|
|3     |serpent_decryption_block__GBM1 |           3|      3000|
|4     |serpent_decryption_block__GBM2 |           3|      5111|
|5     |pixel16__GC0                   |           1|      2609|
+------+-------------------------------+------------+----------+
---------------------------------------------------------------------------------
Start Technology Mapping
---------------------------------------------------------------------------------
Warning: Parallel synthesis criteria is not met 
---------------------------------------------------------------------------------
Finished Technology Mapping : Time (s): cpu = 00:01:34 ; elapsed = 00:03:59 . Memory (MB): peak = 920.070 ; gain = 630.957
---------------------------------------------------------------------------------

Report RTL Partitions: 
+-+--------------+------------+----------+
| |RTL Partition |Replication |Instances |
+-+--------------+------------+----------+
+-+--------------+------------+----------+
---------------------------------------------------------------------------------
Start IO Insertion
---------------------------------------------------------------------------------
---------------------------------------------------------------------------------
Start Flattening Before IO Insertion
---------------------------------------------------------------------------------
---------------------------------------------------------------------------------
Finished Flattening Before IO Insertion
---------------------------------------------------------------------------------
---------------------------------------------------------------------------------
Start Final Netlist Cleanup
---------------------------------------------------------------------------------
---------------------------------------------------------------------------------
Finished Final Netlist Cleanup
---------------------------------------------------------------------------------
---------------------------------------------------------------------------------
Finished IO Insertion : Time (s): cpu = 00:01:35 ; elapsed = 00:04:00 . Memory (MB): peak = 920.070 ; gain = 630.957
---------------------------------------------------------------------------------

Report Check Netlist: 
+------+------------------+-------+---------+-------+------------------+
|      |Item              |Errors |Warnings |Status |Description       |
+------+------------------+-------+---------+-------+------------------+
|1     |multi_driven_nets |      0|        0|Passed |Multi driven nets |
+------+------------------+-------+---------+-------+------------------+
---------------------------------------------------------------------------------
Start Renaming Generated Instances
---------------------------------------------------------------------------------
---------------------------------------------------------------------------------
Finished Renaming Generated Instances : Time (s): cpu = 00:01:35 ; elapsed = 00:04:00 . Memory (MB): peak = 920.070 ; gain = 630.957
---------------------------------------------------------------------------------

Report RTL Partitions: 
+-+--------------+------------+----------+
| |RTL Partition |Replication |Instances |
+-+--------------+------------+----------+
+-+--------------+------------+----------+
---------------------------------------------------------------------------------
Start Rebuilding User Hierarchy
---------------------------------------------------------------------------------
---------------------------------------------------------------------------------
Finished Rebuilding User Hierarchy : Time (s): cpu = 00:01:35 ; elapsed = 00:04:00 . Memory (MB): peak = 920.070 ; gain = 630.957
---------------------------------------------------------------------------------
---------------------------------------------------------------------------------
Start Renaming Generated Ports
---------------------------------------------------------------------------------
---------------------------------------------------------------------------------
Finished Renaming Generated Ports : Time (s): cpu = 00:01:35 ; elapsed = 00:04:00 . Memory (MB): peak = 920.070 ; gain = 630.957
---------------------------------------------------------------------------------
---------------------------------------------------------------------------------
Start Handling Custom Attributes
---------------------------------------------------------------------------------
---------------------------------------------------------------------------------
Finished Handling Custom Attributes : Time (s): cpu = 00:01:35 ; elapsed = 00:04:00 . Memory (MB): peak = 920.070 ; gain = 630.957
---------------------------------------------------------------------------------
---------------------------------------------------------------------------------
Start Renaming Generated Nets
---------------------------------------------------------------------------------
---------------------------------------------------------------------------------
Finished Renaming Generated Nets : Time (s): cpu = 00:01:35 ; elapsed = 00:04:01 . Memory (MB): peak = 920.070 ; gain = 630.957
---------------------------------------------------------------------------------
---------------------------------------------------------------------------------
Start Writing Synthesis Report
---------------------------------------------------------------------------------

Report BlackBoxes: 
+-+--------------+----------+
| |BlackBox name |Instances |
+-+--------------+----------+
+-+--------------+----------+

Report Cell Usage: 
+------+-----+------+
|      |Cell |Count |
+------+-----+------+
|1     |LUT2 |    73|
|2     |LUT3 |  1659|
|3     |LUT4 |  2188|
|4     |LUT5 |  1205|
|5     |LUT6 |  1156|
|6     |FDCE |    33|
|7     |FDRE |  2112|
+------+-----+------+

Report Instance Areas: 
+------+------------------------+---------------------------+------+
|      |Instance                |Module                     |Cells |
+------+------------------------+---------------------------+------+
|1     |top                     |                           |  8426|
|2     |  U0                    |pixel16                    |  8426|
|3     |    block1              |serpent_decryption_block   |   920|
|4     |      linear_transform0 |inv_linear_transform_17    |   115|
|5     |      linear_transform1 |inv_linear_transform_18    |   115|
|6     |      linear_transform2 |inv_linear_transform_19    |   115|
|7     |      linear_transform3 |inv_linear_transform_20    |   115|
|8     |      linear_transform4 |inv_linear_transform_21    |   115|
|9     |      linear_transform5 |inv_linear_transform_22    |   115|
|10    |      linear_transform6 |inv_linear_transform_23    |   115|
|11    |      linear_transform7 |inv_linear_transform_24    |   115|
|12    |    block2              |serpent_decryption_block_0 |   920|
|13    |      linear_transform0 |inv_linear_transform_9     |   115|
|14    |      linear_transform1 |inv_linear_transform_10    |   115|
|15    |      linear_transform2 |inv_linear_transform_11    |   115|
|16    |      linear_transform3 |inv_linear_transform_12    |   115|
|17    |      linear_transform4 |inv_linear_transform_13    |   115|
|18    |      linear_transform5 |inv_linear_transform_14    |   115|
|19    |      linear_transform6 |inv_linear_transform_15    |   115|
|20    |      linear_transform7 |inv_linear_transform_16    |   115|
|21    |    block3              |serpent_decryption_block_1 |   920|
|22    |      linear_transform0 |inv_linear_transform       |   115|
|23    |      linear_transform1 |inv_linear_transform_2     |   115|
|24    |      linear_transform2 |inv_linear_transform_3     |   115|
|25    |      linear_transform3 |inv_linear_transform_4     |   115|
|26    |      linear_transform4 |inv_linear_transform_5     |   115|
|27    |      linear_transform5 |inv_linear_transform_6     |   115|
|28    |      linear_transform6 |inv_linear_transform_7     |   115|
|29    |      linear_transform7 |inv_linear_transform_8     |   115|
+------+------------------------+---------------------------+------+
---------------------------------------------------------------------------------
Finished Writing Synthesis Report : Time (s): cpu = 00:01:35 ; elapsed = 00:04:01 . Memory (MB): peak = 920.070 ; gain = 630.957
---------------------------------------------------------------------------------
Synthesis finished with 0 errors, 0 critical warnings and 16 warnings.
Synthesis Optimization Runtime : Time (s): cpu = 00:01:21 ; elapsed = 00:03:50 . Memory (MB): peak = 920.070 ; gain = 212.105
Synthesis Optimization Complete : Time (s): cpu = 00:01:35 ; elapsed = 00:04:01 . Memory (MB): peak = 920.070 ; gain = 630.957
INFO: [Project 1-571] Translating synthesized netlist
INFO: [Project 1-570] Preparing netlist for logic optimization
INFO: [Opt 31-138] Pushed 0 inverter(s) to 0 load pin(s).
INFO: [Project 1-111] Unisim Transformation Summary:
No Unisim elements were transformed.

INFO: [Common 17-83] Releasing license: Synthesis
110 Infos, 19 Warnings, 0 Critical Warnings and 0 Errors encountered.
synth_design completed successfully
synth_design: Time (s): cpu = 00:01:38 ; elapsed = 00:04:04 . Memory (MB): peak = 920.070 ; gain = 644.098
WARNING: [Constraints 18-5210] No constraint will be written out.
INFO: [Common 17-1381] The checkpoint 'C:/Users/dabou538/Documents/GitHub/projet_vlsi/SerpentEncryption/FSM_HDMI_Encrypt/ZYBO_HDMI_MGA_2018_2/project_1/project_1.runs/HDMI_bd_pixel16_0_0_synth_1/HDMI_bd_pixel16_0_0.dcp' has been generated.
INFO: [Coretcl 2-1174] Renamed 28 cell refs.
WARNING: [Constraints 18-5210] No constraint will be written out.
INFO: [Common 17-1381] The checkpoint 'C:/Users/dabou538/Documents/GitHub/projet_vlsi/SerpentEncryption/FSM_HDMI_Encrypt/ZYBO_HDMI_MGA_2018_2/project_1/project_1.runs/HDMI_bd_pixel16_0_0_synth_1/HDMI_bd_pixel16_0_0.dcp' has been generated.
INFO: [runtcl-4] Executing : report_utilization -file HDMI_bd_pixel16_0_0_utilization_synth.rpt -pb HDMI_bd_pixel16_0_0_utilization_synth.pb
report_utilization: Time (s): cpu = 00:00:00 ; elapsed = 00:00:00.069 . Memory (MB): peak = 920.070 ; gain = 0.000
INFO: [Common 17-206] Exiting Vivado at Sat Dec  4 19:00:23 2021...
