Copyright 1986-2018 Xilinx, Inc. All Rights Reserved.
-------------------------------------------------------------------------------------------------------------------------------------------------------------------
| Tool Version     : Vivado v.2018.2.1 (win64) Build 2288692 Thu Jul 26 18:24:02 MDT 2018
| Date             : Sat Dec  4 19:02:29 2021
| Host             : pcetu-131 running 64-bit major release  (build 9200)
| Command          : report_power -file HDMI_bd_wrapper_power_routed.rpt -pb HDMI_bd_wrapper_power_summary_routed.pb -rpx HDMI_bd_wrapper_power_routed.rpx
| Design           : HDMI_bd_wrapper
| Device           : xc7z020clg400-1
| Design State     : routed
| Grade            : commercial
| Process          : typical
| Characterization : Production
-------------------------------------------------------------------------------------------------------------------------------------------------------------------

Power Report

Table of Contents
-----------------
1. Summary
1.1 On-Chip Components
1.2 Power Supply Summary
1.3 Confidence Level
2. Settings
2.1 Environment
2.2 Clock Constraints
3. Detailed Reports
3.1 By Hierarchy

1. Summary
----------

+--------------------------+--------------+
| Total On-Chip Power (W)  | 3.768        |
| Design Power Budget (W)  | Unspecified* |
| Power Budget Margin (W)  | NA           |
| Dynamic (W)              | 3.548        |
| Device Static (W)        | 0.220        |
| Effective TJA (C/W)      | 11.5         |
| Max Ambient (C)          | 41.5         |
| Junction Temperature (C) | 68.5         |
| Confidence Level         | Low          |
| Setting File             | ---          |
| Simulation Activity File | ---          |
| Design Nets Matched      | NA           |
+--------------------------+--------------+
* Specify Design Power Budget using, set_operating_conditions -design_power_budget <value in Watts>


1.1 On-Chip Components
----------------------

+--------------------------+-----------+----------+-----------+-----------------+
| On-Chip                  | Power (W) | Used     | Available | Utilization (%) |
+--------------------------+-----------+----------+-----------+-----------------+
| Clocks                   |     0.005 |        5 |       --- |             --- |
| Slice Logic              |     1.735 |     9949 |       --- |             --- |
|   LUT as Logic           |     1.734 |     4933 |     53200 |            9.27 |
|   Register               |    <0.001 |     2787 |    106400 |            2.62 |
|   CARRY4                 |    <0.001 |       18 |     13300 |            0.14 |
|   BUFG                   |    <0.001 |        3 |        32 |            9.38 |
|   LUT as Distributed RAM |    <0.001 |       24 |     17400 |            0.14 |
|   F7/F8 Muxes            |    <0.001 |       27 |     53200 |            0.05 |
|   Others                 |    <0.001 |       99 |       --- |             --- |
|   BUFR                   |     0.000 |        3 |        88 |            3.41 |
| Signals                  |     1.410 |     8674 |       --- |             --- |
| MMCM                     |     0.124 |        2 |         4 |           50.00 |
| PLL                      |     0.110 |        1 |         4 |           25.00 |
| I/O                      |     0.165 |       21 |       125 |           16.80 |
| Static Power             |     0.220 |          |           |                 |
| Total                    |     3.768 |          |           |                 |
+--------------------------+-----------+----------+-----------+-----------------+


1.2 Power Supply Summary
------------------------

+-----------+-------------+-----------+-------------+------------+
| Source    | Voltage (V) | Total (A) | Dynamic (A) | Static (A) |
+-----------+-------------+-----------+-------------+------------+
| Vccint    |       1.000 |     3.203 |       3.163 |      0.040 |
| Vccaux    |       1.800 |     0.166 |       0.140 |      0.026 |
| Vcco33    |       3.300 |     0.041 |       0.040 |      0.001 |
| Vcco25    |       2.500 |     0.000 |       0.000 |      0.000 |
| Vcco18    |       1.800 |     0.000 |       0.000 |      0.000 |
| Vcco15    |       1.500 |     0.000 |       0.000 |      0.000 |
| Vcco135   |       1.350 |     0.000 |       0.000 |      0.000 |
| Vcco12    |       1.200 |     0.000 |       0.000 |      0.000 |
| Vccaux_io |       1.800 |     0.000 |       0.000 |      0.000 |
| Vccbram   |       1.000 |     0.003 |       0.000 |      0.003 |
| MGTAVcc   |       1.000 |     0.000 |       0.000 |      0.000 |
| MGTAVtt   |       1.200 |     0.000 |       0.000 |      0.000 |
| MGTVccaux |       1.800 |     0.000 |       0.000 |      0.000 |
| Vccpint   |       1.000 |     0.068 |       0.000 |      0.068 |
| Vccpaux   |       1.800 |     0.010 |       0.000 |      0.010 |
| Vccpll    |       1.800 |     0.003 |       0.000 |      0.003 |
| Vcco_ddr  |       1.500 |     0.000 |       0.000 |      0.000 |
| Vcco_mio0 |       1.800 |     0.000 |       0.000 |      0.000 |
| Vcco_mio1 |       1.800 |     0.000 |       0.000 |      0.000 |
| Vccadc    |       1.800 |     0.020 |       0.000 |      0.020 |
+-----------+-------------+-----------+-------------+------------+


1.3 Confidence Level
--------------------

+-----------------------------+------------+--------------------------------------------------------+--------------------------------------------------------------------------------------------------------------------+
| User Input Data             | Confidence | Details                                                | Action                                                                                                             |
+-----------------------------+------------+--------------------------------------------------------+--------------------------------------------------------------------------------------------------------------------+
| Design implementation state | High       | Design is routed                                       |                                                                                                                    |
| Clock nodes activity        | Low        | User specified less than 75% of clocks                 | Provide missing clock activity with a constraint file, simulation results or by editing the "By Clock Domain" view |
| I/O nodes activity          | Low        | More than 75% of inputs are missing user specification | Provide missing input activity with simulation results or by editing the "By Resource Type -> I/Os" view           |
| Internal nodes activity     | Medium     | User specified less than 25% of internal nodes         | Provide missing internal nodes activity with simulation results or by editing the "By Resource Type" views         |
| Device models               | High       | Device models are Production                           |                                                                                                                    |
|                             |            |                                                        |                                                                                                                    |
| Overall confidence level    | Low        |                                                        |                                                                                                                    |
+-----------------------------+------------+--------------------------------------------------------+--------------------------------------------------------------------------------------------------------------------+


2. Settings
-----------

2.1 Environment
---------------

+-----------------------+------------------------+
| Ambient Temp (C)      | 25.0                   |
| ThetaJA (C/W)         | 11.5                   |
| Airflow (LFM)         | 250                    |
| Heat Sink             | none                   |
| ThetaSA (C/W)         | 0.0                    |
| Board Selection       | medium (10"x10")       |
| # of Board Layers     | 8to11 (8 to 11 Layers) |
| Board Temperature (C) | 25.0                   |
+-----------------------+------------------------+


2.2 Clock Constraints
---------------------

+------------------------------+-------------------------------------------------------+-----------------+
| Clock                        | Domain                                                | Constraint (ns) |
+------------------------------+-------------------------------------------------------+-----------------+
| CLK                          | CLK                                                   |             8.0 |
| clk_out1_HDMI_bd_clk_wiz_0_0 | HDMI_bd_i/clk_wiz_0/inst/clk_out1_HDMI_bd_clk_wiz_0_0 |             5.0 |
| clkfbout_HDMI_bd_clk_wiz_0_0 | HDMI_bd_i/clk_wiz_0/inst/clkfbout_HDMI_bd_clk_wiz_0_0 |             8.0 |
+------------------------------+-------------------------------------------------------+-----------------+


3. Detailed Reports
-------------------

3.1 By Hierarchy
----------------

+----------------------------------------+-----------+
| Name                                   | Power (W) |
+----------------------------------------+-----------+
| HDMI_bd_wrapper                        |     3.548 |
|   HDMI_bd_i                            |     3.548 |
|     clk_wiz_0                          |     0.111 |
|       inst                             |     0.111 |
|     dvi2rgb_0                          |     0.100 |
|       U0                               |     0.100 |
|         DataDecoders[0].DecoderX       |     0.011 |
|           ChannelBondX                 |    <0.001 |
|             pFIFO_reg_0_31_0_5         |    <0.001 |
|             pFIFO_reg_0_31_6_9         |    <0.001 |
|           InputSERDES_X                |     0.010 |
|           PhaseAlignX                  |    <0.001 |
|           SyncBaseOvf                  |    <0.001 |
|             SyncAsyncx                 |    <0.001 |
|           SyncBaseRst                  |    <0.001 |
|             SyncAsyncx                 |    <0.001 |
|         DataDecoders[1].DecoderX       |     0.011 |
|           ChannelBondX                 |    <0.001 |
|             pFIFO_reg_0_31_0_5         |    <0.001 |
|             pFIFO_reg_0_31_6_9         |    <0.001 |
|           InputSERDES_X                |     0.010 |
|           PhaseAlignX                  |    <0.001 |
|           SyncBaseOvf                  |    <0.001 |
|             SyncAsyncx                 |    <0.001 |
|           SyncBaseRst                  |    <0.001 |
|             SyncAsyncx                 |    <0.001 |
|         DataDecoders[2].DecoderX       |     0.011 |
|           ChannelBondX                 |    <0.001 |
|             pFIFO_reg_0_31_0_5         |    <0.001 |
|             pFIFO_reg_0_31_6_9         |    <0.001 |
|           InputSERDES_X                |     0.010 |
|           PhaseAlignX                  |    <0.001 |
|           SyncBaseOvf                  |    <0.001 |
|             SyncAsyncx                 |    <0.001 |
|           SyncBaseRst                  |    <0.001 |
|             SyncAsyncx                 |    <0.001 |
|         GenerateBUFG.ResyncToBUFG_X    |    <0.001 |
|         GenerateDDC.DDC_EEPROM         |     0.002 |
|           I2C_SlaveController          |     0.002 |
|             GlitchF_SCL                |    <0.001 |
|             GlitchF_SDA                |    <0.001 |
|             SyncSCL                    |    <0.001 |
|             SyncSDA                    |    <0.001 |
|         LockLostReset                  |     0.000 |
|           SyncAsyncx                   |     0.000 |
|         TMDS_ClockingX                 |     0.065 |
|           LockLostReset                |    <0.001 |
|             SyncAsyncx                 |    <0.001 |
|           MMCM_LockSync                |    <0.001 |
|           RdyLostReset                 |    <0.001 |
|             SyncAsyncx                 |    <0.001 |
|     pixel16_0                          |     3.137 |
|       U0                               |     3.137 |
|         block1                         |     0.429 |
|           linear_transform0            |     0.086 |
|           linear_transform1            |     0.086 |
|           linear_transform2            |     0.087 |
|           linear_transform3            |     0.088 |
|           linear_transform4            |     0.059 |
|           linear_transform5            |     0.019 |
|           linear_transform6            |     0.004 |
|           linear_transform7            |    <0.001 |
|         block2                         |     0.421 |
|           linear_transform0            |     0.087 |
|           linear_transform1            |     0.083 |
|           linear_transform2            |     0.086 |
|           linear_transform3            |     0.085 |
|           linear_transform4            |     0.057 |
|           linear_transform5            |     0.019 |
|           linear_transform6            |     0.004 |
|           linear_transform7            |    <0.001 |
|         block3                         |     0.422 |
|           linear_transform0            |     0.086 |
|           linear_transform1            |     0.082 |
|           linear_transform2            |     0.086 |
|           linear_transform3            |     0.089 |
|           linear_transform4            |     0.056 |
|           linear_transform5            |     0.018 |
|           linear_transform6            |     0.004 |
|           linear_transform7            |    <0.001 |
|     rgb2dvi_0                          |     0.199 |
|       U0                               |     0.199 |
|         ClockGenInternal.ClockGenX     |     0.062 |
|           LockLostReset                |     0.000 |
|             SyncAsyncx                 |     0.000 |
|           PLL_LockSyncAsync            |     0.000 |
|         ClockSerializer                |     0.033 |
|         DataEncoders[0].DataEncoder    |     0.002 |
|         DataEncoders[0].DataSerializer |     0.034 |
|         DataEncoders[1].DataEncoder    |     0.001 |
|         DataEncoders[1].DataSerializer |     0.033 |
|         DataEncoders[2].DataEncoder    |     0.001 |
|         DataEncoders[2].DataSerializer |     0.033 |
|         LockLostReset                  |     0.000 |
|           SyncAsyncx                   |     0.000 |
|     xlconstant_0                       |     0.000 |
|   hdmi_in_ddc_scl_iobuf                |     0.000 |
|   hdmi_in_ddc_sda_iobuf                |     0.000 |
+----------------------------------------+-----------+


