
*** Running vivado
    with args -log HDMI_bd_wrapper.vdi -applog -m64 -product Vivado -messageDb vivado.pb -mode batch -source HDMI_bd_wrapper.tcl -notrace


****** Vivado v2018.2.1 (64-bit)
  **** SW Build 2288692 on Thu Jul 26 18:24:02 MDT 2018
  **** IP Build 2289599 on Thu Jul 26 21:09:20 MDT 2018
    ** Copyright 1986-2018 Xilinx, Inc. All Rights Reserved.

source HDMI_bd_wrapper.tcl -notrace
INFO: [IP_Flow 19-234] Refreshing IP repositories
INFO: [IP_Flow 19-1700] Loaded user IP repository 'c:/Users/chbre42/Documents/projet_vlsi/SerpentEncryption/FSM_HDMI_Encrypt/ZYBO_HDMI_MGA_2018_2/repo'.
INFO: [IP_Flow 19-2313] Loaded Vivado IP repository 'C:/Programs/Xilinx/Vivado/2018.2/data/ip'.
Command: link_design -top HDMI_bd_wrapper -part xc7z020clg400-1
Design is defaulting to srcset: sources_1
Design is defaulting to constrset: constrs_1
INFO: [Project 1-454] Reading design checkpoint 'c:/Users/chbre42/Documents/projet_vlsi/SerpentEncryption/FSM_HDMI_Encrypt/ZYBO_HDMI_MGA_2018_2/project_1/project_1.srcs/sources_1/bd/HDMI_bd/ip/HDMI_bd_Main_Encryption_Modu_0_0/HDMI_bd_Main_Encryption_Modu_0_0.dcp' for cell 'HDMI_bd_i/Main_Encryption_Modu_0'
INFO: [Project 1-454] Reading design checkpoint 'c:/Users/chbre42/Documents/projet_vlsi/SerpentEncryption/FSM_HDMI_Encrypt/ZYBO_HDMI_MGA_2018_2/project_1/project_1.srcs/sources_1/bd/HDMI_bd/ip/HDMI_bd_clk_wiz_0_0/HDMI_bd_clk_wiz_0_0.dcp' for cell 'HDMI_bd_i/clk_wiz_0'
INFO: [Project 1-454] Reading design checkpoint 'c:/Users/chbre42/Documents/projet_vlsi/SerpentEncryption/FSM_HDMI_Encrypt/ZYBO_HDMI_MGA_2018_2/project_1/project_1.srcs/sources_1/bd/HDMI_bd/ip/HDMI_bd_dvi2rgb_0_0/HDMI_bd_dvi2rgb_0_0.dcp' for cell 'HDMI_bd_i/dvi2rgb_0'
INFO: [Project 1-454] Reading design checkpoint 'c:/Users/chbre42/Documents/projet_vlsi/SerpentEncryption/FSM_HDMI_Encrypt/ZYBO_HDMI_MGA_2018_2/project_1/project_1.srcs/sources_1/bd/HDMI_bd/ip/HDMI_bd_rgb2dvi_0_0/HDMI_bd_rgb2dvi_0_0.dcp' for cell 'HDMI_bd_i/rgb2dvi_0'
INFO: [Project 1-454] Reading design checkpoint 'c:/Users/chbre42/Documents/projet_vlsi/SerpentEncryption/FSM_HDMI_Encrypt/ZYBO_HDMI_MGA_2018_2/project_1/project_1.srcs/sources_1/bd/HDMI_bd/ip/HDMI_bd_xlconstant_0_0/HDMI_bd_xlconstant_0_0.dcp' for cell 'HDMI_bd_i/xlconstant_0'
INFO: [Netlist 29-17] Analyzing 78 Unisim elements for replacement
INFO: [Netlist 29-28] Unisim Transformation completed in 0 CPU seconds
INFO: [Project 1-479] Netlist was created with Vivado 2018.2.1
INFO: [Device 21-403] Loading part xc7z020clg400-1
INFO: [Project 1-570] Preparing netlist for logic optimization
Parsing XDC File [c:/Users/chbre42/Documents/projet_vlsi/SerpentEncryption/FSM_HDMI_Encrypt/ZYBO_HDMI_MGA_2018_2/project_1/project_1.srcs/sources_1/bd/HDMI_bd/ip/HDMI_bd_clk_wiz_0_0/HDMI_bd_clk_wiz_0_0_board.xdc] for cell 'HDMI_bd_i/clk_wiz_0/inst'
Finished Parsing XDC File [c:/Users/chbre42/Documents/projet_vlsi/SerpentEncryption/FSM_HDMI_Encrypt/ZYBO_HDMI_MGA_2018_2/project_1/project_1.srcs/sources_1/bd/HDMI_bd/ip/HDMI_bd_clk_wiz_0_0/HDMI_bd_clk_wiz_0_0_board.xdc] for cell 'HDMI_bd_i/clk_wiz_0/inst'
Parsing XDC File [c:/Users/chbre42/Documents/projet_vlsi/SerpentEncryption/FSM_HDMI_Encrypt/ZYBO_HDMI_MGA_2018_2/project_1/project_1.srcs/sources_1/bd/HDMI_bd/ip/HDMI_bd_clk_wiz_0_0/HDMI_bd_clk_wiz_0_0.xdc] for cell 'HDMI_bd_i/clk_wiz_0/inst'
INFO: [Timing 38-35] Done setting XDC timing constraints. [c:/Users/chbre42/Documents/projet_vlsi/SerpentEncryption/FSM_HDMI_Encrypt/ZYBO_HDMI_MGA_2018_2/project_1/project_1.srcs/sources_1/bd/HDMI_bd/ip/HDMI_bd_clk_wiz_0_0/HDMI_bd_clk_wiz_0_0.xdc:57]
INFO: [Timing 38-2] Deriving generated clocks [c:/Users/chbre42/Documents/projet_vlsi/SerpentEncryption/FSM_HDMI_Encrypt/ZYBO_HDMI_MGA_2018_2/project_1/project_1.srcs/sources_1/bd/HDMI_bd/ip/HDMI_bd_clk_wiz_0_0/HDMI_bd_clk_wiz_0_0.xdc:57]
get_clocks: Time (s): cpu = 00:00:10 ; elapsed = 00:00:12 . Memory (MB): peak = 1241.188 ; gain = 567.934
Finished Parsing XDC File [c:/Users/chbre42/Documents/projet_vlsi/SerpentEncryption/FSM_HDMI_Encrypt/ZYBO_HDMI_MGA_2018_2/project_1/project_1.srcs/sources_1/bd/HDMI_bd/ip/HDMI_bd_clk_wiz_0_0/HDMI_bd_clk_wiz_0_0.xdc] for cell 'HDMI_bd_i/clk_wiz_0/inst'
Parsing XDC File [c:/Users/chbre42/Documents/projet_vlsi/SerpentEncryption/FSM_HDMI_Encrypt/ZYBO_HDMI_MGA_2018_2/project_1/project_1.srcs/sources_1/bd/HDMI_bd/ip/HDMI_bd_dvi2rgb_0_0/src/dvi2rgb.xdc] for cell 'HDMI_bd_i/dvi2rgb_0/U0'
Finished Parsing XDC File [c:/Users/chbre42/Documents/projet_vlsi/SerpentEncryption/FSM_HDMI_Encrypt/ZYBO_HDMI_MGA_2018_2/project_1/project_1.srcs/sources_1/bd/HDMI_bd/ip/HDMI_bd_dvi2rgb_0_0/src/dvi2rgb.xdc] for cell 'HDMI_bd_i/dvi2rgb_0/U0'
Parsing XDC File [c:/Users/chbre42/Documents/projet_vlsi/SerpentEncryption/FSM_HDMI_Encrypt/ZYBO_HDMI_MGA_2018_2/project_1/project_1.srcs/sources_1/bd/HDMI_bd/ip/HDMI_bd_rgb2dvi_0_0/src/rgb2dvi.xdc] for cell 'HDMI_bd_i/rgb2dvi_0/U0'
Finished Parsing XDC File [c:/Users/chbre42/Documents/projet_vlsi/SerpentEncryption/FSM_HDMI_Encrypt/ZYBO_HDMI_MGA_2018_2/project_1/project_1.srcs/sources_1/bd/HDMI_bd/ip/HDMI_bd_rgb2dvi_0_0/src/rgb2dvi.xdc] for cell 'HDMI_bd_i/rgb2dvi_0/U0'
Parsing XDC File [C:/Users/chbre42/Documents/projet_vlsi/SerpentEncryption/FSM_HDMI_Encrypt/ZYBO_HDMI_MGA_2018_2/project_1/project_1.srcs/constrs_1/imports/constraints/Zybo-Z7-Master.xdc]
Finished Parsing XDC File [C:/Users/chbre42/Documents/projet_vlsi/SerpentEncryption/FSM_HDMI_Encrypt/ZYBO_HDMI_MGA_2018_2/project_1/project_1.srcs/constrs_1/imports/constraints/Zybo-Z7-Master.xdc]
Parsing XDC File [c:/Users/chbre42/Documents/projet_vlsi/SerpentEncryption/FSM_HDMI_Encrypt/ZYBO_HDMI_MGA_2018_2/project_1/project_1.srcs/sources_1/bd/HDMI_bd/ip/HDMI_bd_rgb2dvi_0_0/src/rgb2dvi_clocks.xdc] for cell 'HDMI_bd_i/rgb2dvi_0/U0'
Finished Parsing XDC File [c:/Users/chbre42/Documents/projet_vlsi/SerpentEncryption/FSM_HDMI_Encrypt/ZYBO_HDMI_MGA_2018_2/project_1/project_1.srcs/sources_1/bd/HDMI_bd/ip/HDMI_bd_rgb2dvi_0_0/src/rgb2dvi_clocks.xdc] for cell 'HDMI_bd_i/rgb2dvi_0/U0'
INFO: [Opt 31-138] Pushed 0 inverter(s) to 0 load pin(s).
INFO: [Project 1-111] Unisim Transformation Summary:
  A total of 8 instances were transformed.
  IOBUF => IOBUF (IBUF, OBUFT): 2 instances
  RAM32M => RAM32M (RAMD32, RAMD32, RAMD32, RAMD32, RAMD32, RAMD32, RAMS32, RAMS32): 6 instances

17 Infos, 0 Warnings, 0 Critical Warnings and 0 Errors encountered.
link_design completed successfully
link_design: Time (s): cpu = 00:00:20 ; elapsed = 00:00:23 . Memory (MB): peak = 1242.234 ; gain = 952.184
Command: opt_design
Attempting to get a license for feature 'Implementation' and/or device 'xc7z020'
INFO: [Common 17-349] Got license for feature 'Implementation' and/or device 'xc7z020'
Running DRC as a precondition to command opt_design

Starting DRC Task
INFO: [DRC 23-27] Running DRC with 2 threads
INFO: [Project 1-461] DRC finished with 0 Errors
INFO: [Project 1-462] Please refer to the DRC report (report_drc) for more information.

Time (s): cpu = 00:00:02 ; elapsed = 00:00:00.901 . Memory (MB): peak = 1242.234 ; gain = 0.000

Starting Cache Timing Information Task
INFO: [Timing 38-35] Done setting XDC timing constraints.
Ending Cache Timing Information Task | Checksum: 13bed3a5b

Time (s): cpu = 00:00:00 ; elapsed = 00:00:00.346 . Memory (MB): peak = 1256.688 ; gain = 14.453

Starting Logic Optimization Task

Phase 1 Retarget
INFO: [Opt 31-138] Pushed 0 inverter(s) to 0 load pin(s).
INFO: [Opt 31-49] Retargeted 0 cell(s).
Phase 1 Retarget | Checksum: 1aae1e3a2

Time (s): cpu = 00:00:01 ; elapsed = 00:00:00.903 . Memory (MB): peak = 1256.688 ; gain = 0.000
INFO: [Opt 31-389] Phase Retarget created 0 cells and removed 0 cells

Phase 2 Constant propagation
INFO: [Opt 31-138] Pushed 0 inverter(s) to 0 load pin(s).
Phase 2 Constant propagation | Checksum: 1aae1e3a2

Time (s): cpu = 00:00:02 ; elapsed = 00:00:01 . Memory (MB): peak = 1256.688 ; gain = 0.000
INFO: [Opt 31-389] Phase Constant propagation created 0 cells and removed 0 cells

Phase 3 Sweep
Phase 3 Sweep | Checksum: 19174279f

Time (s): cpu = 00:00:02 ; elapsed = 00:00:01 . Memory (MB): peak = 1256.688 ; gain = 0.000
INFO: [Opt 31-389] Phase Sweep created 0 cells and removed 0 cells

Phase 4 BUFG optimization
Phase 4 BUFG optimization | Checksum: 19174279f

Time (s): cpu = 00:00:02 ; elapsed = 00:00:02 . Memory (MB): peak = 1256.688 ; gain = 0.000
INFO: [Opt 31-662] Phase BUFG optimization created 0 cells of which 0 are BUFGs and removed 0 cells.

Phase 5 Shift Register Optimization
Phase 5 Shift Register Optimization | Checksum: 1925b7575

Time (s): cpu = 00:00:02 ; elapsed = 00:00:02 . Memory (MB): peak = 1256.688 ; gain = 0.000
INFO: [Opt 31-389] Phase Shift Register Optimization created 0 cells and removed 0 cells

Phase 6 Post Processing Netlist
Phase 6 Post Processing Netlist | Checksum: 1925b7575

Time (s): cpu = 00:00:02 ; elapsed = 00:00:02 . Memory (MB): peak = 1256.688 ; gain = 0.000
INFO: [Opt 31-389] Phase Post Processing Netlist created 0 cells and removed 0 cells

Starting Connectivity Check Task

Time (s): cpu = 00:00:00 ; elapsed = 00:00:00.049 . Memory (MB): peak = 1256.688 ; gain = 0.000
Ending Logic Optimization Task | Checksum: 1925b7575

Time (s): cpu = 00:00:02 ; elapsed = 00:00:02 . Memory (MB): peak = 1256.688 ; gain = 0.000

Starting Power Optimization Task
INFO: [Pwropt 34-132] Skipping clock gating for clocks with a period < 2.00 ns.
Ending Power Optimization Task | Checksum: 1925b7575

Time (s): cpu = 00:00:01 ; elapsed = 00:00:00.039 . Memory (MB): peak = 1256.688 ; gain = 0.000

Starting Final Cleanup Task
Ending Final Cleanup Task | Checksum: 1925b7575

Time (s): cpu = 00:00:00 ; elapsed = 00:00:00 . Memory (MB): peak = 1256.688 ; gain = 0.000
INFO: [Common 17-83] Releasing license: Implementation
33 Infos, 0 Warnings, 0 Critical Warnings and 0 Errors encountered.
opt_design completed successfully
INFO: [Timing 38-480] Writing timing data to binary archive.
Writing placer database...
Writing XDEF routing.
Writing XDEF routing logical nets.
Writing XDEF routing special nets.
Write XDEF Complete: Time (s): cpu = 00:00:00 ; elapsed = 00:00:00.070 . Memory (MB): peak = 1256.688 ; gain = 0.000
INFO: [Common 17-1381] The checkpoint 'C:/Users/chbre42/Documents/projet_vlsi/SerpentEncryption/FSM_HDMI_Encrypt/ZYBO_HDMI_MGA_2018_2/project_1/project_1.runs/impl_1/HDMI_bd_wrapper_opt.dcp' has been generated.
INFO: [runtcl-4] Executing : report_drc -file HDMI_bd_wrapper_drc_opted.rpt -pb HDMI_bd_wrapper_drc_opted.pb -rpx HDMI_bd_wrapper_drc_opted.rpx
Command: report_drc -file HDMI_bd_wrapper_drc_opted.rpt -pb HDMI_bd_wrapper_drc_opted.pb -rpx HDMI_bd_wrapper_drc_opted.rpx
INFO: [DRC 23-27] Running DRC with 2 threads
INFO: [Coretcl 2-168] The results of DRC are in file C:/Users/chbre42/Documents/projet_vlsi/SerpentEncryption/FSM_HDMI_Encrypt/ZYBO_HDMI_MGA_2018_2/project_1/project_1.runs/impl_1/HDMI_bd_wrapper_drc_opted.rpt.
report_drc completed successfully
Command: place_design
Attempting to get a license for feature 'Implementation' and/or device 'xc7z020'
INFO: [Common 17-349] Got license for feature 'Implementation' and/or device 'xc7z020'
INFO: [DRC 23-27] Running DRC with 2 threads
INFO: [Vivado_Tcl 4-198] DRC finished with 0 Errors
INFO: [Vivado_Tcl 4-199] Please refer to the DRC report (report_drc) for more information.
Running DRC as a precondition to command place_design
INFO: [DRC 23-27] Running DRC with 2 threads
INFO: [Vivado_Tcl 4-198] DRC finished with 0 Errors
INFO: [Vivado_Tcl 4-199] Please refer to the DRC report (report_drc) for more information.

Starting Placer Task
INFO: [Place 30-611] Multithreading enabled for place_design using a maximum of 2 CPUs

Phase 1 Placer Initialization

Phase 1.1 Placer Initialization Netlist Sorting
Netlist sorting complete. Time (s): cpu = 00:00:00 ; elapsed = 00:00:00.026 . Memory (MB): peak = 1256.688 ; gain = 0.000
Phase 1.1 Placer Initialization Netlist Sorting | Checksum: 134b9ebe0

Time (s): cpu = 00:00:00 ; elapsed = 00:00:00.031 . Memory (MB): peak = 1256.688 ; gain = 0.000
Netlist sorting complete. Time (s): cpu = 00:00:00 ; elapsed = 00:00:00.026 . Memory (MB): peak = 1256.688 ; gain = 0.000

Phase 1.2 IO Placement/ Clock Placement/ Build Placer Device
INFO: [Timing 38-35] Done setting XDC timing constraints.
Phase 1.2 IO Placement/ Clock Placement/ Build Placer Device | Checksum: fee97074

Time (s): cpu = 00:00:03 ; elapsed = 00:00:03 . Memory (MB): peak = 1256.688 ; gain = 0.000

Phase 1.3 Build Placer Netlist Model
Phase 1.3 Build Placer Netlist Model | Checksum: 10c6df7c4

Time (s): cpu = 00:00:06 ; elapsed = 00:00:05 . Memory (MB): peak = 1275.949 ; gain = 19.262

Phase 1.4 Constrain Clocks/Macros
Phase 1.4 Constrain Clocks/Macros | Checksum: 10c6df7c4

Time (s): cpu = 00:00:06 ; elapsed = 00:00:05 . Memory (MB): peak = 1275.949 ; gain = 19.262
Phase 1 Placer Initialization | Checksum: 10c6df7c4

Time (s): cpu = 00:00:06 ; elapsed = 00:00:05 . Memory (MB): peak = 1275.949 ; gain = 19.262

Phase 2 Global Placement

Phase 2.1 Floorplanning
Phase 2.1 Floorplanning | Checksum: 1722f2ce6

Time (s): cpu = 00:00:07 ; elapsed = 00:00:05 . Memory (MB): peak = 1275.949 ; gain = 19.262

Phase 2.2 Physical Synthesis In Placer
INFO: [Physopt 32-65] No nets found for high-fanout optimization.
INFO: [Physopt 32-232] Optimized 0 net. Created 0 new instance.
INFO: [Physopt 32-775] End 1 Pass. Optimized 0 net or cell. Created 0 new cell, deleted 0 existing cell and moved 0 existing cell
Netlist sorting complete. Time (s): cpu = 00:00:00 ; elapsed = 00:00:00.026 . Memory (MB): peak = 1275.949 ; gain = 0.000

Summary of Physical Synthesis Optimizations
============================================


-----------------------------------------------------------------------------------------------------------------------------
|  Optimization       |  Added Cells  |  Removed Cells  |  Optimized Cells/Nets  |  Dont Touch  |  Iterations  |  Elapsed   |
-----------------------------------------------------------------------------------------------------------------------------
|  Very High Fanout   |            0  |              0  |                     0  |           0  |           1  |  00:00:00  |
|  Total              |            0  |              0  |                     0  |           0  |           1  |  00:00:00  |
-----------------------------------------------------------------------------------------------------------------------------


Phase 2.2 Physical Synthesis In Placer | Checksum: 1037a4e39

Time (s): cpu = 00:00:20 ; elapsed = 00:00:11 . Memory (MB): peak = 1275.949 ; gain = 19.262
Phase 2 Global Placement | Checksum: 174f9e6e5

Time (s): cpu = 00:00:21 ; elapsed = 00:00:12 . Memory (MB): peak = 1275.949 ; gain = 19.262

Phase 3 Detail Placement

Phase 3.1 Commit Multi Column Macros
Phase 3.1 Commit Multi Column Macros | Checksum: 174f9e6e5

Time (s): cpu = 00:00:21 ; elapsed = 00:00:12 . Memory (MB): peak = 1275.949 ; gain = 19.262

Phase 3.2 Commit Most Macros & LUTRAMs
Phase 3.2 Commit Most Macros & LUTRAMs | Checksum: 1577c342e

Time (s): cpu = 00:00:21 ; elapsed = 00:00:12 . Memory (MB): peak = 1275.949 ; gain = 19.262

Phase 3.3 Area Swap Optimization
Phase 3.3 Area Swap Optimization | Checksum: eeeb8d25

Time (s): cpu = 00:00:21 ; elapsed = 00:00:12 . Memory (MB): peak = 1275.949 ; gain = 19.262

Phase 3.4 Pipeline Register Optimization
Phase 3.4 Pipeline Register Optimization | Checksum: 103ac3da1

Time (s): cpu = 00:00:21 ; elapsed = 00:00:12 . Memory (MB): peak = 1275.949 ; gain = 19.262

Phase 3.5 Small Shape Detail Placement
Phase 3.5 Small Shape Detail Placement | Checksum: c9a2f648

Time (s): cpu = 00:00:26 ; elapsed = 00:00:17 . Memory (MB): peak = 1275.949 ; gain = 19.262

Phase 3.6 Re-assign LUT pins
Phase 3.6 Re-assign LUT pins | Checksum: 15e151477

Time (s): cpu = 00:00:27 ; elapsed = 00:00:18 . Memory (MB): peak = 1275.949 ; gain = 19.262

Phase 3.7 Pipeline Register Optimization
Phase 3.7 Pipeline Register Optimization | Checksum: 15e151477

Time (s): cpu = 00:00:27 ; elapsed = 00:00:18 . Memory (MB): peak = 1275.949 ; gain = 19.262
Phase 3 Detail Placement | Checksum: 15e151477

Time (s): cpu = 00:00:27 ; elapsed = 00:00:18 . Memory (MB): peak = 1275.949 ; gain = 19.262

Phase 4 Post Placement Optimization and Clean-Up

Phase 4.1 Post Commit Optimization
INFO: [Timing 38-35] Done setting XDC timing constraints.

Phase 4.1.1 Post Placement Optimization
Post Placement Optimization Initialization | Checksum: 1b2ebf567

Phase 4.1.1.1 BUFG Insertion
INFO: [Place 46-33] Processed net reset_IBUF, BUFG insertion was skipped due to placement/routing conflicts.
INFO: [Place 46-33] Processed net HDMI_bd_i/dvi2rgb_0/U0/GenerateBUFG.ResyncToBUFG_X/vid_pHSync, BUFG insertion was skipped due to placement/routing conflicts.
INFO: [Place 46-31] BUFG insertion identified 2 candidate nets, 0 success, 2 skipped for placement/routing, 0 skipped for timing, 0 skipped for netlist change reason.
Phase 4.1.1.1 BUFG Insertion | Checksum: 1b2ebf567

Time (s): cpu = 00:00:31 ; elapsed = 00:00:20 . Memory (MB): peak = 1324.508 ; gain = 67.820
INFO: [Place 30-746] Post Placement Timing Summary WNS=1.386. For the most accurate timing information please run report_timing.
Phase 4.1.1 Post Placement Optimization | Checksum: 183f8b02b

Time (s): cpu = 00:00:31 ; elapsed = 00:00:20 . Memory (MB): peak = 1324.508 ; gain = 67.820
Phase 4.1 Post Commit Optimization | Checksum: 183f8b02b

Time (s): cpu = 00:00:31 ; elapsed = 00:00:21 . Memory (MB): peak = 1324.508 ; gain = 67.820

Phase 4.2 Post Placement Cleanup
Phase 4.2 Post Placement Cleanup | Checksum: 183f8b02b

Time (s): cpu = 00:00:31 ; elapsed = 00:00:21 . Memory (MB): peak = 1324.508 ; gain = 67.820

Phase 4.3 Placer Reporting
Phase 4.3 Placer Reporting | Checksum: 183f8b02b

Time (s): cpu = 00:00:31 ; elapsed = 00:00:21 . Memory (MB): peak = 1324.508 ; gain = 67.820

Phase 4.4 Final Placement Cleanup
Phase 4.4 Final Placement Cleanup | Checksum: 1db331321

Time (s): cpu = 00:00:31 ; elapsed = 00:00:21 . Memory (MB): peak = 1324.508 ; gain = 67.820
Phase 4 Post Placement Optimization and Clean-Up | Checksum: 1db331321

Time (s): cpu = 00:00:31 ; elapsed = 00:00:21 . Memory (MB): peak = 1324.508 ; gain = 67.820
Ending Placer Task | Checksum: 1503c264d

Time (s): cpu = 00:00:31 ; elapsed = 00:00:21 . Memory (MB): peak = 1324.508 ; gain = 67.820
INFO: [Common 17-83] Releasing license: Implementation
56 Infos, 0 Warnings, 0 Critical Warnings and 0 Errors encountered.
place_design completed successfully
place_design: Time (s): cpu = 00:00:34 ; elapsed = 00:00:22 . Memory (MB): peak = 1324.508 ; gain = 67.820
INFO: [Timing 38-480] Writing timing data to binary archive.
Writing placer database...
Writing XDEF routing.
Writing XDEF routing logical nets.
Writing XDEF routing special nets.
Write XDEF Complete: Time (s): cpu = 00:00:04 ; elapsed = 00:00:01 . Memory (MB): peak = 1329.012 ; gain = 4.504
INFO: [Common 17-1381] The checkpoint 'C:/Users/chbre42/Documents/projet_vlsi/SerpentEncryption/FSM_HDMI_Encrypt/ZYBO_HDMI_MGA_2018_2/project_1/project_1.runs/impl_1/HDMI_bd_wrapper_placed.dcp' has been generated.
INFO: [runtcl-4] Executing : report_io -file HDMI_bd_wrapper_io_placed.rpt
report_io: Time (s): cpu = 00:00:00 ; elapsed = 00:00:00.042 . Memory (MB): peak = 1329.012 ; gain = 0.000
INFO: [runtcl-4] Executing : report_utilization -file HDMI_bd_wrapper_utilization_placed.rpt -pb HDMI_bd_wrapper_utilization_placed.pb
report_utilization: Time (s): cpu = 00:00:00 ; elapsed = 00:00:00.135 . Memory (MB): peak = 1329.012 ; gain = 0.000
INFO: [runtcl-4] Executing : report_control_sets -verbose -file HDMI_bd_wrapper_control_sets_placed.rpt
report_control_sets: Time (s): cpu = 00:00:00 ; elapsed = 00:00:00.043 . Memory (MB): peak = 1329.012 ; gain = 0.000
Command: route_design
Attempting to get a license for feature 'Implementation' and/or device 'xc7z020'
INFO: [Common 17-349] Got license for feature 'Implementation' and/or device 'xc7z020'
Running DRC as a precondition to command route_design
INFO: [DRC 23-27] Running DRC with 2 threads
INFO: [Vivado_Tcl 4-198] DRC finished with 0 Errors
INFO: [Vivado_Tcl 4-199] Please refer to the DRC report (report_drc) for more information.


Starting Routing Task
INFO: [Route 35-254] Multithreading enabled for route_design using a maximum of 2 CPUs
Checksum: PlaceDB: f5fdc463 ConstDB: 0 ShapeSum: 5a3e61ea RouteDB: 0

Phase 1 Build RT Design
Phase 1 Build RT Design | Checksum: e0f763b2

Time (s): cpu = 00:00:28 ; elapsed = 00:00:24 . Memory (MB): peak = 1428.352 ; gain = 99.340
Post Restoration Checksum: NetGraph: 2ded4a59 NumContArr: b30a1959 Constraints: 0 Timing: 0

Phase 2 Router Initialization

Phase 2.1 Create Timer
Phase 2.1 Create Timer | Checksum: e0f763b2

Time (s): cpu = 00:00:28 ; elapsed = 00:00:24 . Memory (MB): peak = 1428.352 ; gain = 99.340

Phase 2.2 Fix Topology Constraints
Phase 2.2 Fix Topology Constraints | Checksum: e0f763b2

Time (s): cpu = 00:00:28 ; elapsed = 00:00:24 . Memory (MB): peak = 1435.617 ; gain = 106.605

Phase 2.3 Pre Route Cleanup
Phase 2.3 Pre Route Cleanup | Checksum: e0f763b2

Time (s): cpu = 00:00:28 ; elapsed = 00:00:24 . Memory (MB): peak = 1435.617 ; gain = 106.605
 Number of Nodes with overlaps = 0

Phase 2.4 Update Timing
Phase 2.4 Update Timing | Checksum: 135a6701a

Time (s): cpu = 00:00:33 ; elapsed = 00:00:27 . Memory (MB): peak = 1460.672 ; gain = 131.660
INFO: [Route 35-416] Intermediate Timing Summary | WNS=1.258  | TNS=0.000  | WHS=-0.137 | THS=-3.079 |

Phase 2 Router Initialization | Checksum: 198d5298e

Time (s): cpu = 00:00:35 ; elapsed = 00:00:28 . Memory (MB): peak = 1463.820 ; gain = 134.809

Phase 3 Initial Routing
Phase 3 Initial Routing | Checksum: 5450146b

Time (s): cpu = 00:00:37 ; elapsed = 00:00:29 . Memory (MB): peak = 1473.820 ; gain = 144.809

Phase 4 Rip-up And Reroute

Phase 4.1 Global Iteration 0
 Number of Nodes with overlaps = 1414
 Number of Nodes with overlaps = 15
 Number of Nodes with overlaps = 5
 Number of Nodes with overlaps = 4
 Number of Nodes with overlaps = 1
 Number of Nodes with overlaps = 1
 Number of Nodes with overlaps = 1
 Number of Nodes with overlaps = 0
INFO: [Route 35-416] Intermediate Timing Summary | WNS=1.075  | TNS=0.000  | WHS=N/A    | THS=N/A    |

Phase 4.1 Global Iteration 0 | Checksum: f7ff339c

Time (s): cpu = 00:00:45 ; elapsed = 00:00:34 . Memory (MB): peak = 1473.820 ; gain = 144.809
Phase 4 Rip-up And Reroute | Checksum: f7ff339c

Time (s): cpu = 00:00:45 ; elapsed = 00:00:34 . Memory (MB): peak = 1473.820 ; gain = 144.809

Phase 5 Delay and Skew Optimization

Phase 5.1 Delay CleanUp

Phase 5.1.1 Update Timing
Phase 5.1.1 Update Timing | Checksum: fdf8f43d

Time (s): cpu = 00:00:45 ; elapsed = 00:00:34 . Memory (MB): peak = 1473.820 ; gain = 144.809
INFO: [Route 35-416] Intermediate Timing Summary | WNS=1.154  | TNS=0.000  | WHS=N/A    | THS=N/A    |

Phase 5.1 Delay CleanUp | Checksum: fdf8f43d

Time (s): cpu = 00:00:45 ; elapsed = 00:00:34 . Memory (MB): peak = 1473.820 ; gain = 144.809

Phase 5.2 Clock Skew Optimization
Phase 5.2 Clock Skew Optimization | Checksum: fdf8f43d

Time (s): cpu = 00:00:45 ; elapsed = 00:00:34 . Memory (MB): peak = 1473.820 ; gain = 144.809
Phase 5 Delay and Skew Optimization | Checksum: fdf8f43d

Time (s): cpu = 00:00:45 ; elapsed = 00:00:34 . Memory (MB): peak = 1473.820 ; gain = 144.809

Phase 6 Post Hold Fix

Phase 6.1 Hold Fix Iter

Phase 6.1.1 Update Timing
Phase 6.1.1 Update Timing | Checksum: 16a2b069f

Time (s): cpu = 00:00:46 ; elapsed = 00:00:34 . Memory (MB): peak = 1473.820 ; gain = 144.809
INFO: [Route 35-416] Intermediate Timing Summary | WNS=1.154  | TNS=0.000  | WHS=0.104  | THS=0.000  |

Phase 6.1 Hold Fix Iter | Checksum: 139f6a4ae

Time (s): cpu = 00:00:46 ; elapsed = 00:00:34 . Memory (MB): peak = 1473.820 ; gain = 144.809
Phase 6 Post Hold Fix | Checksum: 139f6a4ae

Time (s): cpu = 00:00:46 ; elapsed = 00:00:34 . Memory (MB): peak = 1473.820 ; gain = 144.809

Phase 7 Route finalize

Router Utilization Summary
  Global Vertical Routing Utilization    = 2.82608 %
  Global Horizontal Routing Utilization  = 3.73707 %
  Routable Net Status*
  *Does not include unroutable nets such as driverless and loadless.
  Run report_route_status for detailed report.
  Number of Failed Nets               = 0
  Number of Unrouted Nets             = 0
  Number of Partially Routed Nets     = 0
  Number of Node Overlaps             = 0

Phase 7 Route finalize | Checksum: 12f5120f1

Time (s): cpu = 00:00:46 ; elapsed = 00:00:34 . Memory (MB): peak = 1473.820 ; gain = 144.809

Phase 8 Verifying routed nets

 Verification completed successfully
Phase 8 Verifying routed nets | Checksum: 12f5120f1

Time (s): cpu = 00:00:46 ; elapsed = 00:00:35 . Memory (MB): peak = 1473.820 ; gain = 144.809

Phase 9 Depositing Routes
Phase 9 Depositing Routes | Checksum: 127c6079b

Time (s): cpu = 00:00:48 ; elapsed = 00:00:36 . Memory (MB): peak = 1473.820 ; gain = 144.809

Phase 10 Post Router Timing
INFO: [Route 35-57] Estimated Timing Summary | WNS=1.154  | TNS=0.000  | WHS=0.104  | THS=0.000  |

INFO: [Route 35-327] The final timing numbers are based on the router estimated timing analysis. For a complete and accurate timing signoff, please run report_timing_summary.
Phase 10 Post Router Timing | Checksum: 127c6079b

Time (s): cpu = 00:00:48 ; elapsed = 00:00:36 . Memory (MB): peak = 1473.820 ; gain = 144.809
INFO: [Route 35-16] Router Completed Successfully

Time (s): cpu = 00:00:48 ; elapsed = 00:00:36 . Memory (MB): peak = 1473.820 ; gain = 144.809

Routing Is Done.
INFO: [Common 17-83] Releasing license: Implementation
74 Infos, 0 Warnings, 0 Critical Warnings and 0 Errors encountered.
route_design completed successfully
route_design: Time (s): cpu = 00:00:52 ; elapsed = 00:00:39 . Memory (MB): peak = 1473.820 ; gain = 144.809
INFO: [Timing 38-480] Writing timing data to binary archive.
Writing placer database...
Writing XDEF routing.
Writing XDEF routing logical nets.
Writing XDEF routing special nets.
Write XDEF Complete: Time (s): cpu = 00:00:05 ; elapsed = 00:00:02 . Memory (MB): peak = 1473.820 ; gain = 0.000
INFO: [Common 17-1381] The checkpoint 'C:/Users/chbre42/Documents/projet_vlsi/SerpentEncryption/FSM_HDMI_Encrypt/ZYBO_HDMI_MGA_2018_2/project_1/project_1.runs/impl_1/HDMI_bd_wrapper_routed.dcp' has been generated.
INFO: [runtcl-4] Executing : report_drc -file HDMI_bd_wrapper_drc_routed.rpt -pb HDMI_bd_wrapper_drc_routed.pb -rpx HDMI_bd_wrapper_drc_routed.rpx
Command: report_drc -file HDMI_bd_wrapper_drc_routed.rpt -pb HDMI_bd_wrapper_drc_routed.pb -rpx HDMI_bd_wrapper_drc_routed.rpx
INFO: [DRC 23-27] Running DRC with 2 threads
INFO: [Coretcl 2-168] The results of DRC are in file C:/Users/chbre42/Documents/projet_vlsi/SerpentEncryption/FSM_HDMI_Encrypt/ZYBO_HDMI_MGA_2018_2/project_1/project_1.runs/impl_1/HDMI_bd_wrapper_drc_routed.rpt.
report_drc completed successfully
INFO: [runtcl-4] Executing : report_methodology -file HDMI_bd_wrapper_methodology_drc_routed.rpt -pb HDMI_bd_wrapper_methodology_drc_routed.pb -rpx HDMI_bd_wrapper_methodology_drc_routed.rpx
Command: report_methodology -file HDMI_bd_wrapper_methodology_drc_routed.rpt -pb HDMI_bd_wrapper_methodology_drc_routed.pb -rpx HDMI_bd_wrapper_methodology_drc_routed.rpx
INFO: [Timing 38-35] Done setting XDC timing constraints.
INFO: [Timing 38-35] Done setting XDC timing constraints.
INFO: [DRC 23-133] Running Methodology with 2 threads
INFO: [Coretcl 2-1520] The results of Report Methodology are in file C:/Users/chbre42/Documents/projet_vlsi/SerpentEncryption/FSM_HDMI_Encrypt/ZYBO_HDMI_MGA_2018_2/project_1/project_1.runs/impl_1/HDMI_bd_wrapper_methodology_drc_routed.rpt.
report_methodology completed successfully
INFO: [runtcl-4] Executing : report_power -file HDMI_bd_wrapper_power_routed.rpt -pb HDMI_bd_wrapper_power_summary_routed.pb -rpx HDMI_bd_wrapper_power_routed.rpx
Command: report_power -file HDMI_bd_wrapper_power_routed.rpt -pb HDMI_bd_wrapper_power_summary_routed.pb -rpx HDMI_bd_wrapper_power_routed.rpx
INFO: [Timing 38-35] Done setting XDC timing constraints.
Running Vector-less Activity Propagation...

Finished Running Vector-less Activity Propagation
86 Infos, 0 Warnings, 0 Critical Warnings and 0 Errors encountered.
report_power completed successfully
report_power: Time (s): cpu = 00:00:09 ; elapsed = 00:00:06 . Memory (MB): peak = 1534.660 ; gain = 48.695
INFO: [runtcl-4] Executing : report_route_status -file HDMI_bd_wrapper_route_status.rpt -pb HDMI_bd_wrapper_route_status.pb
INFO: [runtcl-4] Executing : report_timing_summary -max_paths 10 -file HDMI_bd_wrapper_timing_summary_routed.rpt -pb HDMI_bd_wrapper_timing_summary_routed.pb -rpx HDMI_bd_wrapper_timing_summary_routed.rpx -warn_on_violation 
INFO: [Timing 38-91] UpdateTimingParams: Speed grade: -1, Delay Type: min_max, Timing Stage: Requireds.
INFO: [Timing 38-191] Multithreading enabled for timing update using a maximum of 2 CPUs
INFO: [runtcl-4] Executing : report_incremental_reuse -file HDMI_bd_wrapper_incremental_reuse_routed.rpt
INFO: [Vivado_Tcl 4-545] No incremental reuse to report, no incremental placement and routing data was found.
INFO: [runtcl-4] Executing : report_clock_utilization -file HDMI_bd_wrapper_clock_utilization_routed.rpt
INFO: [runtcl-4] Executing : report_bus_skew -warn_on_violation -file HDMI_bd_wrapper_bus_skew_routed.rpt -pb HDMI_bd_wrapper_bus_skew_routed.pb -rpx HDMI_bd_wrapper_bus_skew_routed.rpx
INFO: [Timing 38-91] UpdateTimingParams: Speed grade: -1, Delay Type: min_max, Timing Stage: Requireds.
INFO: [Timing 38-191] Multithreading enabled for timing update using a maximum of 2 CPUs
Command: write_bitstream -force HDMI_bd_wrapper.bit
Attempting to get a license for feature 'Implementation' and/or device 'xc7z020'
INFO: [Common 17-349] Got license for feature 'Implementation' and/or device 'xc7z020'
Running DRC as a precondition to command write_bitstream
INFO: [DRC 23-27] Running DRC with 2 threads
WARNING: [DRC ZPS7-1] PS7 block required: The PS7 cell must be used in this Zynq design in order to enable correct default configuration.
INFO: [Vivado 12-3199] DRC finished with 0 Errors, 1 Warnings
INFO: [Vivado 12-3200] Please refer to the DRC report (report_drc) for more information.
INFO: [Designutils 20-2272] Running write_bitstream with 2 threads.
Loading data files...
Loading site data...
Loading route data...
Processing options...
Creating bitmap...
Creating bitstream...
Writing bitstream ./HDMI_bd_wrapper.bit...
INFO: [Vivado 12-1842] Bitgen Completed Successfully.
INFO: [Common 17-83] Releasing license: Implementation
103 Infos, 1 Warnings, 0 Critical Warnings and 0 Errors encountered.
write_bitstream completed successfully
write_bitstream: Time (s): cpu = 00:00:25 ; elapsed = 00:00:22 . Memory (MB): peak = 1990.695 ; gain = 452.000
INFO: [Common 17-206] Exiting Vivado at Thu Dec  2 20:34:07 2021...
