#-----------------------------------------------------------
# Vivado v2018.2.1 (64-bit)
# SW Build 2288692 on Thu Jul 26 18:24:02 MDT 2018
# IP Build 2289599 on Thu Jul 26 21:09:20 MDT 2018
# Start of session at: Wed Dec  8 13:23:10 2021
# Process ID: 1068
# Current directory: C:/Users/ALCLO68/Desktop/Serpent1/Encryption/project_1
# Command line: vivado.exe -gui_launcher_event rodinguilauncherevent7528 C:\Users\ALCLO68\Desktop\Serpent1\Encryption\project_1\project_1.xpr
# Log file: C:/Users/ALCLO68/Desktop/Serpent1/Encryption/project_1/vivado.log
# Journal file: C:/Users/ALCLO68/Desktop/Serpent1/Encryption/project_1\vivado.jou
#-----------------------------------------------------------
start_gui
open_project C:/Users/ALCLO68/Desktop/Serpent1/Encryption/project_1/project_1.xpr
INFO: [Project 1-313] Project file moved from 'C:/Users/ALCLO68/Desktop/FSM_HDMI_Encrypt/ZYBO_HDMI_MGA_2018_2/project_1' since last save.
Scanning sources...
Finished scanning sources
INFO: [IP_Flow 19-234] Refreshing IP repositories
INFO: [IP_Flow 19-1700] Loaded user IP repository 'c:/Users/ALCLO68/Desktop/Serpent1/Encryption/repo'.
INFO: [IP_Flow 19-2313] Loaded Vivado IP repository 'C:/Programs/Xilinx/Vivado/2018.2/data/ip'.
open_project: Time (s): cpu = 00:00:11 ; elapsed = 00:00:06 . Memory (MB): peak = 912.660 ; gain = 175.004
update_compile_order -fileset sources_1
exit
INFO: [Common 17-206] Exiting Vivado at Wed Dec  8 13:23:46 2021...
