#-----------------------------------------------------------
# Vivado v2018.2.1 (64-bit)
# SW Build 2288692 on Thu Jul 26 18:24:02 MDT 2018
# IP Build 2289599 on Thu Jul 26 21:09:20 MDT 2018
# Start of session at: Wed Dec  8 13:00:25 2021
# Process ID: 6720
# Current directory: C:/Users/ALCLO68/Desktop/FSM_HDMI_Encrypt/ZYBO_HDMI_MGA_2018_2/project_1
# Command line: vivado.exe -gui_launcher_event rodinguilauncherevent8088 C:\Users\ALCLO68\Desktop\FSM_HDMI_Encrypt\ZYBO_HDMI_MGA_2018_2\project_1\project_1.xpr
# Log file: C:/Users/ALCLO68/Desktop/FSM_HDMI_Encrypt/ZYBO_HDMI_MGA_2018_2/project_1/vivado.log
# Journal file: C:/Users/ALCLO68/Desktop/FSM_HDMI_Encrypt/ZYBO_HDMI_MGA_2018_2/project_1\vivado.jou
#-----------------------------------------------------------
start_gui
open_project C:/Users/ALCLO68/Desktop/FSM_HDMI_Encrypt/ZYBO_HDMI_MGA_2018_2/project_1/project_1.xpr
Scanning sources...
Finished scanning sources
INFO: [IP_Flow 19-234] Refreshing IP repositories
INFO: [IP_Flow 19-1700] Loaded user IP repository 'c:/Users/ALCLO68/Desktop/FSM_HDMI_Encrypt/ZYBO_HDMI_MGA_2018_2/repo'.
INFO: [IP_Flow 19-2313] Loaded Vivado IP repository 'C:/Programs/Xilinx/Vivado/2018.2/data/ip'.
open_project: Time (s): cpu = 00:00:10 ; elapsed = 00:00:06 . Memory (MB): peak = 906.402 ; gain = 168.059
update_compile_order -fileset sources_1
export_ip_user_files -of_objects  [get_files C:/Users/ALCLO68/Desktop/FSM_HDMI_Encrypt/ZYBO_HDMI_MGA_2018_2/project_1/project_1.srcs/sources_1/new/Main_Encryption_Module.vhd] -no_script -reset -force -quiet
remove_files  C:/Users/ALCLO68/Desktop/FSM_HDMI_Encrypt/ZYBO_HDMI_MGA_2018_2/project_1/project_1.srcs/sources_1/new/Main_Encryption_Module.vhd
update_compile_order -fileset sources_1
export_ip_user_files -of_objects  [get_files U:/VivadoGIF/VivadoGIF/projet_vlsi-main/projet_vlsi-main/SerpentDecryption/SerpentDecryption.srcs/sources_1/new/serpent_decryption_block.vhd] -no_script -reset -force -quiet
export_ip_user_files -of_objects  [get_files U:/VivadoGIF/VivadoGIF/projet_vlsi-main/projet_vlsi-main/SerpentEncryption/FSM_HDMI_Encrypt/ZYBO_HDMI_MGA_2018_2/project_1/project_1.srcs/sources_1/new/toto.vhd] -no_script -reset -force -quiet
remove_files  {U:/VivadoGIF/VivadoGIF/projet_vlsi-main/projet_vlsi-main/SerpentDecryption/SerpentDecryption.srcs/sources_1/new/serpent_decryption_block.vhd U:/VivadoGIF/VivadoGIF/projet_vlsi-main/projet_vlsi-main/SerpentEncryption/FSM_HDMI_Encrypt/ZYBO_HDMI_MGA_2018_2/project_1/project_1.srcs/sources_1/new/toto.vhd}
export_ip_user_files -of_objects  [get_files C:/Users/ALCLO68/Desktop/FSM_HDMI_Encrypt/ZYBO_HDMI_MGA_2018_2/project_1/project_1.srcs/sources_1/fsm_buffer_files/regNbit.vhd] -no_script -reset -force -quiet
export_ip_user_files -of_objects  [get_files C:/Users/ALCLO68/Desktop/FSM_HDMI_Encrypt/ZYBO_HDMI_MGA_2018_2/project_1/project_1.srcs/sources_1/fsm_buffer_files/shiftNbitRL.vhd] -no_script -reset -force -quiet
export_ip_user_files -of_objects  [get_files C:/Users/ALCLO68/Desktop/FSM_HDMI_Encrypt/ZYBO_HDMI_MGA_2018_2/project_1/project_1.srcs/sources_1/top_level_encryption.vhd] -no_script -reset -force -quiet
export_ip_user_files -of_objects  [get_files C:/Users/ALCLO68/Desktop/FSM_HDMI_Encrypt/ZYBO_HDMI_MGA_2018_2/project_1/project_1.srcs/sources_1/fsm_buffer_files/FSM_Transmitter.vhd] -no_script -reset -force -quiet
export_ip_user_files -of_objects  [get_files C:/Users/ALCLO68/Desktop/FSM_HDMI_Encrypt/ZYBO_HDMI_MGA_2018_2/project_1/project_1.srcs/sources_1/imports/new/regNbits.vhd] -no_script -reset -force -quiet
remove_files  {C:/Users/ALCLO68/Desktop/FSM_HDMI_Encrypt/ZYBO_HDMI_MGA_2018_2/project_1/project_1.srcs/sources_1/fsm_buffer_files/regNbit.vhd C:/Users/ALCLO68/Desktop/FSM_HDMI_Encrypt/ZYBO_HDMI_MGA_2018_2/project_1/project_1.srcs/sources_1/fsm_buffer_files/shiftNbitRL.vhd C:/Users/ALCLO68/Desktop/FSM_HDMI_Encrypt/ZYBO_HDMI_MGA_2018_2/project_1/project_1.srcs/sources_1/top_level_encryption.vhd C:/Users/ALCLO68/Desktop/FSM_HDMI_Encrypt/ZYBO_HDMI_MGA_2018_2/project_1/project_1.srcs/sources_1/fsm_buffer_files/FSM_Transmitter.vhd C:/Users/ALCLO68/Desktop/FSM_HDMI_Encrypt/ZYBO_HDMI_MGA_2018_2/project_1/project_1.srcs/sources_1/imports/new/regNbits.vhd}
export_ip_user_files -of_objects  [get_files U:/VivadoGIF/VivadoGIF/projet_vlsi-main/projet_vlsi-main/SerpentDecryption/SerpentDecryption.srcs/sources_1/new/inv_parallel_sbox_0.vhd] -no_script -reset -force -quiet
export_ip_user_files -of_objects  [get_files U:/VivadoGIF/VivadoGIF/projet_vlsi-main/projet_vlsi-main/SerpentDecryption/SerpentDecryption.srcs/sources_1/new/inv_parallel_sbox_1.vhd] -no_script -reset -force -quiet
export_ip_user_files -of_objects  [get_files U:/VivadoGIF/VivadoGIF/projet_vlsi-main/projet_vlsi-main/SerpentDecryption/SerpentDecryption.srcs/sources_1/new/inv_parallel_sbox_2.vhd] -no_script -reset -force -quiet
export_ip_user_files -of_objects  [get_files U:/VivadoGIF/VivadoGIF/projet_vlsi-main/projet_vlsi-main/SerpentDecryption/SerpentDecryption.srcs/sources_1/new/inv_parallel_sbox_3.vhd] -no_script -reset -force -quiet
export_ip_user_files -of_objects  [get_files U:/VivadoGIF/VivadoGIF/projet_vlsi-main/projet_vlsi-main/SerpentDecryption/SerpentDecryption.srcs/sources_1/new/inv_parallel_sbox_4.vhd] -no_script -reset -force -quiet
export_ip_user_files -of_objects  [get_files U:/VivadoGIF/VivadoGIF/projet_vlsi-main/projet_vlsi-main/SerpentDecryption/SerpentDecryption.srcs/sources_1/new/inv_parallel_sbox_5.vhd] -no_script -reset -force -quiet
export_ip_user_files -of_objects  [get_files U:/VivadoGIF/VivadoGIF/projet_vlsi-main/projet_vlsi-main/SerpentDecryption/SerpentDecryption.srcs/sources_1/new/inv_parallel_sbox_6.vhd] -no_script -reset -force -quiet
export_ip_user_files -of_objects  [get_files U:/VivadoGIF/VivadoGIF/projet_vlsi-main/projet_vlsi-main/SerpentDecryption/SerpentDecryption.srcs/sources_1/new/inv_parallel_sbox_7.vhd] -no_script -reset -force -quiet
export_ip_user_files -of_objects  [get_files U:/VivadoGIF/VivadoGIF/projet_vlsi-main/projet_vlsi-main/SerpentDecryption/SerpentDecryption.srcs/sources_1/new/inv_linear_transform.vhd] -no_script -reset -force -quiet
remove_files  {U:/VivadoGIF/VivadoGIF/projet_vlsi-main/projet_vlsi-main/SerpentDecryption/SerpentDecryption.srcs/sources_1/new/inv_parallel_sbox_0.vhd U:/VivadoGIF/VivadoGIF/projet_vlsi-main/projet_vlsi-main/SerpentDecryption/SerpentDecryption.srcs/sources_1/new/inv_parallel_sbox_1.vhd U:/VivadoGIF/VivadoGIF/projet_vlsi-main/projet_vlsi-main/SerpentDecryption/SerpentDecryption.srcs/sources_1/new/inv_parallel_sbox_2.vhd U:/VivadoGIF/VivadoGIF/projet_vlsi-main/projet_vlsi-main/SerpentDecryption/SerpentDecryption.srcs/sources_1/new/inv_parallel_sbox_3.vhd U:/VivadoGIF/VivadoGIF/projet_vlsi-main/projet_vlsi-main/SerpentDecryption/SerpentDecryption.srcs/sources_1/new/inv_parallel_sbox_4.vhd U:/VivadoGIF/VivadoGIF/projet_vlsi-main/projet_vlsi-main/SerpentDecryption/SerpentDecryption.srcs/sources_1/new/inv_parallel_sbox_5.vhd U:/VivadoGIF/VivadoGIF/projet_vlsi-main/projet_vlsi-main/SerpentDecryption/SerpentDecryption.srcs/sources_1/new/inv_parallel_sbox_6.vhd U:/VivadoGIF/VivadoGIF/projet_vlsi-main/projet_vlsi-main/SerpentDecryption/SerpentDecryption.srcs/sources_1/new/inv_parallel_sbox_7.vhd U:/VivadoGIF/VivadoGIF/projet_vlsi-main/projet_vlsi-main/SerpentDecryption/SerpentDecryption.srcs/sources_1/new/inv_linear_transform.vhd}
export_ip_user_files -of_objects  [get_files C:/Users/ALCLO68/Desktop/FSM_HDMI_Encrypt/ZYBO_HDMI_MGA_2018_2/project_1/project_1.srcs/sources_1/fsm_buffer_files/reg1bit.vhd] -no_script -reset -force -quiet
remove_files  C:/Users/ALCLO68/Desktop/FSM_HDMI_Encrypt/ZYBO_HDMI_MGA_2018_2/project_1/project_1.srcs/sources_1/fsm_buffer_files/reg1bit.vhd
export_ip_user_files -of_objects  [get_files U:/VivadoGIF/VivadoGIF/projet_vlsi-main/projet_vlsi-main/SerpentDecryption/SerpentDecryption.srcs/sources_1/new/inv_sbox_0.vhd] -no_script -reset -force -quiet
export_ip_user_files -of_objects  [get_files U:/VivadoGIF/VivadoGIF/projet_vlsi-main/projet_vlsi-main/SerpentDecryption/SerpentDecryption.srcs/sources_1/new/inv_sbox_1.vhd] -no_script -reset -force -quiet
export_ip_user_files -of_objects  [get_files U:/VivadoGIF/VivadoGIF/projet_vlsi-main/projet_vlsi-main/SerpentDecryption/SerpentDecryption.srcs/sources_1/new/inv_sbox_2.vhd] -no_script -reset -force -quiet
export_ip_user_files -of_objects  [get_files U:/VivadoGIF/VivadoGIF/projet_vlsi-main/projet_vlsi-main/SerpentDecryption/SerpentDecryption.srcs/sources_1/new/inv_sbox_3.vhd] -no_script -reset -force -quiet
export_ip_user_files -of_objects  [get_files U:/VivadoGIF/VivadoGIF/projet_vlsi-main/projet_vlsi-main/SerpentDecryption/SerpentDecryption.srcs/sources_1/new/inv_sbox_4.vhd] -no_script -reset -force -quiet
export_ip_user_files -of_objects  [get_files U:/VivadoGIF/VivadoGIF/projet_vlsi-main/projet_vlsi-main/SerpentDecryption/SerpentDecryption.srcs/sources_1/new/inv_sbox_5.vhd] -no_script -reset -force -quiet
export_ip_user_files -of_objects  [get_files U:/VivadoGIF/VivadoGIF/projet_vlsi-main/projet_vlsi-main/SerpentDecryption/SerpentDecryption.srcs/sources_1/new/inv_sbox_6.vhd] -no_script -reset -force -quiet
export_ip_user_files -of_objects  [get_files U:/VivadoGIF/VivadoGIF/projet_vlsi-main/projet_vlsi-main/SerpentDecryption/SerpentDecryption.srcs/sources_1/new/inv_sbox_7.vhd] -no_script -reset -force -quiet
remove_files  {U:/VivadoGIF/VivadoGIF/projet_vlsi-main/projet_vlsi-main/SerpentDecryption/SerpentDecryption.srcs/sources_1/new/inv_sbox_0.vhd U:/VivadoGIF/VivadoGIF/projet_vlsi-main/projet_vlsi-main/SerpentDecryption/SerpentDecryption.srcs/sources_1/new/inv_sbox_1.vhd U:/VivadoGIF/VivadoGIF/projet_vlsi-main/projet_vlsi-main/SerpentDecryption/SerpentDecryption.srcs/sources_1/new/inv_sbox_2.vhd U:/VivadoGIF/VivadoGIF/projet_vlsi-main/projet_vlsi-main/SerpentDecryption/SerpentDecryption.srcs/sources_1/new/inv_sbox_3.vhd U:/VivadoGIF/VivadoGIF/projet_vlsi-main/projet_vlsi-main/SerpentDecryption/SerpentDecryption.srcs/sources_1/new/inv_sbox_4.vhd U:/VivadoGIF/VivadoGIF/projet_vlsi-main/projet_vlsi-main/SerpentDecryption/SerpentDecryption.srcs/sources_1/new/inv_sbox_5.vhd U:/VivadoGIF/VivadoGIF/projet_vlsi-main/projet_vlsi-main/SerpentDecryption/SerpentDecryption.srcs/sources_1/new/inv_sbox_6.vhd U:/VivadoGIF/VivadoGIF/projet_vlsi-main/projet_vlsi-main/SerpentDecryption/SerpentDecryption.srcs/sources_1/new/inv_sbox_7.vhd}
update_module_reference HDMI_bd_pixel16_0_0
INFO: [IP_Flow 19-5107] Inferred bus interface 'RESET' of definition 'xilinx.com:signal:reset:1.0' (from Xilinx Repository).
INFO: [IP_Flow 19-5107] Inferred bus interface 'CLK' of definition 'xilinx.com:signal:clock:1.0' (from Xilinx Repository).
INFO: [IP_Flow 19-4728] Bus Interface 'CLK': Added interface parameter 'ASSOCIATED_RESET' with value 'RESET'.
WARNING: [IP_Flow 19-3153] Bus Interface 'CLK': ASSOCIATED_BUSIF bus parameter is missing.
INFO: [IP_Flow 19-234] Refreshing IP repositories
INFO: [IP_Flow 19-1700] Loaded user IP repository 'c:/Users/ALCLO68/Desktop/FSM_HDMI_Encrypt/ZYBO_HDMI_MGA_2018_2/repo'.
Adding cell -- xilinx.com:ip:clk_wiz:6.0 - clk_wiz_0
Adding cell -- digilentinc.com:ip:dvi2rgb:1.8 - dvi2rgb_0
Adding cell -- digilentinc.com:ip:rgb2dvi:1.4 - rgb2dvi_0
Adding cell -- xilinx.com:ip:xlconstant:1.1 - xlconstant_0
Adding cell -- xilinx.com:module_ref:pixel16:1.0 - pixel16_0
WARNING: [BD 41-1731] Type mismatch between connected pins: /reset(rst) and /dvi2rgb_0/aRst(undef)
WARNING: [BD 41-1731] Type mismatch between connected pins: /reset(rst) and /dvi2rgb_0/pRst(undef)
Successfully read diagram <HDMI_bd> from BD file <C:/Users/ALCLO68/Desktop/FSM_HDMI_Encrypt/ZYBO_HDMI_MGA_2018_2/project_1/project_1.srcs/sources_1/bd/HDMI_bd/HDMI_bd.bd>
Upgrading 'C:/Users/ALCLO68/Desktop/FSM_HDMI_Encrypt/ZYBO_HDMI_MGA_2018_2/project_1/project_1.srcs/sources_1/bd/HDMI_bd/HDMI_bd.bd'
INFO: [IP_Flow 19-1972] Upgraded HDMI_bd_pixel16_0_0 from pixel16_v1_0 1.0 to pixel16_v1_0 1.0
Wrote  : <C:/Users/ALCLO68/Desktop/FSM_HDMI_Encrypt/ZYBO_HDMI_MGA_2018_2/project_1/project_1.srcs/sources_1/bd/HDMI_bd/HDMI_bd.bd> 
upgrade_ip: Time (s): cpu = 00:00:07 ; elapsed = 00:00:06 . Memory (MB): peak = 1054.562 ; gain = 109.180
update_module_reference: Time (s): cpu = 00:00:07 ; elapsed = 00:00:07 . Memory (MB): peak = 1054.562 ; gain = 110.969
exit
INFO: [Common 17-206] Exiting Vivado at Wed Dec  8 13:06:19 2021...
