#-----------------------------------------------------------
# Vivado v2018.2.1 (64-bit)
# SW Build 2288692 on Thu Jul 26 18:24:02 MDT 2018
# IP Build 2289599 on Thu Jul 26 21:09:20 MDT 2018
# Start of session at: Wed Dec  8 12:56:22 2021
# Process ID: 9692
# Current directory: C:/Users/ALCLO68/Desktop/FSM_HDMI_Encrypt/ZYBO_HDMI_MGA_2018_2/project_1
# Command line: vivado.exe -gui_launcher_event rodinguilauncherevent776 C:\Users\ALCLO68\Desktop\FSM_HDMI_Encrypt\ZYBO_HDMI_MGA_2018_2\project_1\project_1.xpr
# Log file: C:/Users/ALCLO68/Desktop/FSM_HDMI_Encrypt/ZYBO_HDMI_MGA_2018_2/project_1/vivado.log
# Journal file: C:/Users/ALCLO68/Desktop/FSM_HDMI_Encrypt/ZYBO_HDMI_MGA_2018_2/project_1\vivado.jou
#-----------------------------------------------------------
start_gui
open_project C:/Users/ALCLO68/Desktop/FSM_HDMI_Encrypt/ZYBO_HDMI_MGA_2018_2/project_1/project_1.xpr
INFO: [Project 1-313] Project file moved from 'U:/VivadoGIF/VivadoGIF/projet_vlsi-main/projet_vlsi-main/SerpentEncryption/FSM_HDMI_Encrypt/ZYBO_HDMI_MGA_2018_2/project_1' since last save.
WARNING: [Project 1-312] File not found as 'C:/Users/ALCLO68/SerpentDecryption/SerpentDecryption.srcs/sources_1/new/inv_linear_transform.vhd'; using path 'U:/VivadoGIF/VivadoGIF/projet_vlsi-main/projet_vlsi-main/SerpentDecryption/SerpentDecryption.srcs/sources_1/new/inv_linear_transform.vhd' instead.
WARNING: [Project 1-312] File not found as 'C:/Users/ALCLO68/SerpentDecryption/SerpentDecryption.srcs/sources_1/new/inv_sbox_0.vhd'; using path 'U:/VivadoGIF/VivadoGIF/projet_vlsi-main/projet_vlsi-main/SerpentDecryption/SerpentDecryption.srcs/sources_1/new/inv_sbox_0.vhd' instead.
WARNING: [Project 1-312] File not found as 'C:/Users/ALCLO68/SerpentDecryption/SerpentDecryption.srcs/sources_1/new/inv_parallel_sbox_0.vhd'; using path 'U:/VivadoGIF/VivadoGIF/projet_vlsi-main/projet_vlsi-main/SerpentDecryption/SerpentDecryption.srcs/sources_1/new/inv_parallel_sbox_0.vhd' instead.
WARNING: [Project 1-312] File not found as 'C:/Users/ALCLO68/SerpentDecryption/SerpentDecryption.srcs/sources_1/new/inv_sbox_1.vhd'; using path 'U:/VivadoGIF/VivadoGIF/projet_vlsi-main/projet_vlsi-main/SerpentDecryption/SerpentDecryption.srcs/sources_1/new/inv_sbox_1.vhd' instead.
WARNING: [Project 1-312] File not found as 'C:/Users/ALCLO68/SerpentDecryption/SerpentDecryption.srcs/sources_1/new/inv_parallel_sbox_1.vhd'; using path 'U:/VivadoGIF/VivadoGIF/projet_vlsi-main/projet_vlsi-main/SerpentDecryption/SerpentDecryption.srcs/sources_1/new/inv_parallel_sbox_1.vhd' instead.
WARNING: [Project 1-312] File not found as 'C:/Users/ALCLO68/SerpentDecryption/SerpentDecryption.srcs/sources_1/new/inv_sbox_2.vhd'; using path 'U:/VivadoGIF/VivadoGIF/projet_vlsi-main/projet_vlsi-main/SerpentDecryption/SerpentDecryption.srcs/sources_1/new/inv_sbox_2.vhd' instead.
WARNING: [Project 1-312] File not found as 'C:/Users/ALCLO68/SerpentDecryption/SerpentDecryption.srcs/sources_1/new/inv_parallel_sbox_2.vhd'; using path 'U:/VivadoGIF/VivadoGIF/projet_vlsi-main/projet_vlsi-main/SerpentDecryption/SerpentDecryption.srcs/sources_1/new/inv_parallel_sbox_2.vhd' instead.
WARNING: [Project 1-312] File not found as 'C:/Users/ALCLO68/SerpentDecryption/SerpentDecryption.srcs/sources_1/new/inv_sbox_3.vhd'; using path 'U:/VivadoGIF/VivadoGIF/projet_vlsi-main/projet_vlsi-main/SerpentDecryption/SerpentDecryption.srcs/sources_1/new/inv_sbox_3.vhd' instead.
WARNING: [Project 1-312] File not found as 'C:/Users/ALCLO68/SerpentDecryption/SerpentDecryption.srcs/sources_1/new/inv_parallel_sbox_3.vhd'; using path 'U:/VivadoGIF/VivadoGIF/projet_vlsi-main/projet_vlsi-main/SerpentDecryption/SerpentDecryption.srcs/sources_1/new/inv_parallel_sbox_3.vhd' instead.
WARNING: [Project 1-312] File not found as 'C:/Users/ALCLO68/SerpentDecryption/SerpentDecryption.srcs/sources_1/new/inv_sbox_4.vhd'; using path 'U:/VivadoGIF/VivadoGIF/projet_vlsi-main/projet_vlsi-main/SerpentDecryption/SerpentDecryption.srcs/sources_1/new/inv_sbox_4.vhd' instead.
WARNING: [Project 1-312] File not found as 'C:/Users/ALCLO68/SerpentDecryption/SerpentDecryption.srcs/sources_1/new/inv_parallel_sbox_4.vhd'; using path 'U:/VivadoGIF/VivadoGIF/projet_vlsi-main/projet_vlsi-main/SerpentDecryption/SerpentDecryption.srcs/sources_1/new/inv_parallel_sbox_4.vhd' instead.
WARNING: [Project 1-312] File not found as 'C:/Users/ALCLO68/SerpentDecryption/SerpentDecryption.srcs/sources_1/new/inv_sbox_5.vhd'; using path 'U:/VivadoGIF/VivadoGIF/projet_vlsi-main/projet_vlsi-main/SerpentDecryption/SerpentDecryption.srcs/sources_1/new/inv_sbox_5.vhd' instead.
WARNING: [Project 1-312] File not found as 'C:/Users/ALCLO68/SerpentDecryption/SerpentDecryption.srcs/sources_1/new/inv_parallel_sbox_5.vhd'; using path 'U:/VivadoGIF/VivadoGIF/projet_vlsi-main/projet_vlsi-main/SerpentDecryption/SerpentDecryption.srcs/sources_1/new/inv_parallel_sbox_5.vhd' instead.
WARNING: [Project 1-312] File not found as 'C:/Users/ALCLO68/SerpentDecryption/SerpentDecryption.srcs/sources_1/new/inv_sbox_6.vhd'; using path 'U:/VivadoGIF/VivadoGIF/projet_vlsi-main/projet_vlsi-main/SerpentDecryption/SerpentDecryption.srcs/sources_1/new/inv_sbox_6.vhd' instead.
WARNING: [Project 1-312] File not found as 'C:/Users/ALCLO68/SerpentDecryption/SerpentDecryption.srcs/sources_1/new/inv_parallel_sbox_6.vhd'; using path 'U:/VivadoGIF/VivadoGIF/projet_vlsi-main/projet_vlsi-main/SerpentDecryption/SerpentDecryption.srcs/sources_1/new/inv_parallel_sbox_6.vhd' instead.
WARNING: [Project 1-312] File not found as 'C:/Users/ALCLO68/SerpentDecryption/SerpentDecryption.srcs/sources_1/new/inv_sbox_7.vhd'; using path 'U:/VivadoGIF/VivadoGIF/projet_vlsi-main/projet_vlsi-main/SerpentDecryption/SerpentDecryption.srcs/sources_1/new/inv_sbox_7.vhd' instead.
WARNING: [Project 1-312] File not found as 'C:/Users/ALCLO68/SerpentDecryption/SerpentDecryption.srcs/sources_1/new/inv_parallel_sbox_7.vhd'; using path 'U:/VivadoGIF/VivadoGIF/projet_vlsi-main/projet_vlsi-main/SerpentDecryption/SerpentDecryption.srcs/sources_1/new/inv_parallel_sbox_7.vhd' instead.
WARNING: [Project 1-312] File not found as 'C:/Users/ALCLO68/SerpentDecryption/SerpentDecryption.srcs/sources_1/new/serpent_decryption_block.vhd'; using path 'U:/VivadoGIF/VivadoGIF/projet_vlsi-main/projet_vlsi-main/SerpentDecryption/SerpentDecryption.srcs/sources_1/new/serpent_decryption_block.vhd' instead.
WARNING: [Project 1-312] File not found as 'C:/Users/ALCLO68/Desktop/FSM_HDMI_Encrypt/ZYBO_HDMI_MGA_2018_2/project_1/project_1.srcs/sources_1/new/toto.vhd'; using path 'U:/VivadoGIF/VivadoGIF/projet_vlsi-main/projet_vlsi-main/SerpentEncryption/FSM_HDMI_Encrypt/ZYBO_HDMI_MGA_2018_2/project_1/project_1.srcs/sources_1/new/toto.vhd' instead.
Scanning sources...
Finished scanning sources
WARNING: [Project 1-312] File not found as 'C:/Users/ALCLO68/SerpentDecryption/SerpentDecryption.srcs/sources_1/new/inv_linear_transform.vhd'; using path 'U:/VivadoGIF/VivadoGIF/projet_vlsi-main/projet_vlsi-main/SerpentDecryption/SerpentDecryption.srcs/sources_1/new/inv_linear_transform.vhd' instead.
WARNING: [Project 1-312] File not found as 'C:/Users/ALCLO68/SerpentDecryption/SerpentDecryption.srcs/sources_1/new/inv_sbox_0.vhd'; using path 'U:/VivadoGIF/VivadoGIF/projet_vlsi-main/projet_vlsi-main/SerpentDecryption/SerpentDecryption.srcs/sources_1/new/inv_sbox_0.vhd' instead.
WARNING: [Project 1-312] File not found as 'C:/Users/ALCLO68/SerpentDecryption/SerpentDecryption.srcs/sources_1/new/inv_parallel_sbox_0.vhd'; using path 'U:/VivadoGIF/VivadoGIF/projet_vlsi-main/projet_vlsi-main/SerpentDecryption/SerpentDecryption.srcs/sources_1/new/inv_parallel_sbox_0.vhd' instead.
WARNING: [Project 1-312] File not found as 'C:/Users/ALCLO68/SerpentDecryption/SerpentDecryption.srcs/sources_1/new/inv_sbox_1.vhd'; using path 'U:/VivadoGIF/VivadoGIF/projet_vlsi-main/projet_vlsi-main/SerpentDecryption/SerpentDecryption.srcs/sources_1/new/inv_sbox_1.vhd' instead.
WARNING: [Project 1-312] File not found as 'C:/Users/ALCLO68/SerpentDecryption/SerpentDecryption.srcs/sources_1/new/inv_parallel_sbox_1.vhd'; using path 'U:/VivadoGIF/VivadoGIF/projet_vlsi-main/projet_vlsi-main/SerpentDecryption/SerpentDecryption.srcs/sources_1/new/inv_parallel_sbox_1.vhd' instead.
WARNING: [Project 1-312] File not found as 'C:/Users/ALCLO68/SerpentDecryption/SerpentDecryption.srcs/sources_1/new/inv_sbox_2.vhd'; using path 'U:/VivadoGIF/VivadoGIF/projet_vlsi-main/projet_vlsi-main/SerpentDecryption/SerpentDecryption.srcs/sources_1/new/inv_sbox_2.vhd' instead.
WARNING: [Project 1-312] File not found as 'C:/Users/ALCLO68/SerpentDecryption/SerpentDecryption.srcs/sources_1/new/inv_parallel_sbox_2.vhd'; using path 'U:/VivadoGIF/VivadoGIF/projet_vlsi-main/projet_vlsi-main/SerpentDecryption/SerpentDecryption.srcs/sources_1/new/inv_parallel_sbox_2.vhd' instead.
WARNING: [Project 1-312] File not found as 'C:/Users/ALCLO68/SerpentDecryption/SerpentDecryption.srcs/sources_1/new/inv_sbox_3.vhd'; using path 'U:/VivadoGIF/VivadoGIF/projet_vlsi-main/projet_vlsi-main/SerpentDecryption/SerpentDecryption.srcs/sources_1/new/inv_sbox_3.vhd' instead.
WARNING: [Project 1-312] File not found as 'C:/Users/ALCLO68/SerpentDecryption/SerpentDecryption.srcs/sources_1/new/inv_parallel_sbox_3.vhd'; using path 'U:/VivadoGIF/VivadoGIF/projet_vlsi-main/projet_vlsi-main/SerpentDecryption/SerpentDecryption.srcs/sources_1/new/inv_parallel_sbox_3.vhd' instead.
WARNING: [Project 1-312] File not found as 'C:/Users/ALCLO68/SerpentDecryption/SerpentDecryption.srcs/sources_1/new/inv_sbox_4.vhd'; using path 'U:/VivadoGIF/VivadoGIF/projet_vlsi-main/projet_vlsi-main/SerpentDecryption/SerpentDecryption.srcs/sources_1/new/inv_sbox_4.vhd' instead.
WARNING: [Project 1-312] File not found as 'C:/Users/ALCLO68/SerpentDecryption/SerpentDecryption.srcs/sources_1/new/inv_parallel_sbox_4.vhd'; using path 'U:/VivadoGIF/VivadoGIF/projet_vlsi-main/projet_vlsi-main/SerpentDecryption/SerpentDecryption.srcs/sources_1/new/inv_parallel_sbox_4.vhd' instead.
WARNING: [Project 1-312] File not found as 'C:/Users/ALCLO68/SerpentDecryption/SerpentDecryption.srcs/sources_1/new/inv_sbox_5.vhd'; using path 'U:/VivadoGIF/VivadoGIF/projet_vlsi-main/projet_vlsi-main/SerpentDecryption/SerpentDecryption.srcs/sources_1/new/inv_sbox_5.vhd' instead.
WARNING: [Project 1-312] File not found as 'C:/Users/ALCLO68/SerpentDecryption/SerpentDecryption.srcs/sources_1/new/inv_parallel_sbox_5.vhd'; using path 'U:/VivadoGIF/VivadoGIF/projet_vlsi-main/projet_vlsi-main/SerpentDecryption/SerpentDecryption.srcs/sources_1/new/inv_parallel_sbox_5.vhd' instead.
WARNING: [Project 1-312] File not found as 'C:/Users/ALCLO68/SerpentDecryption/SerpentDecryption.srcs/sources_1/new/inv_sbox_6.vhd'; using path 'U:/VivadoGIF/VivadoGIF/projet_vlsi-main/projet_vlsi-main/SerpentDecryption/SerpentDecryption.srcs/sources_1/new/inv_sbox_6.vhd' instead.
WARNING: [Project 1-312] File not found as 'C:/Users/ALCLO68/SerpentDecryption/SerpentDecryption.srcs/sources_1/new/inv_parallel_sbox_6.vhd'; using path 'U:/VivadoGIF/VivadoGIF/projet_vlsi-main/projet_vlsi-main/SerpentDecryption/SerpentDecryption.srcs/sources_1/new/inv_parallel_sbox_6.vhd' instead.
WARNING: [Project 1-312] File not found as 'C:/Users/ALCLO68/SerpentDecryption/SerpentDecryption.srcs/sources_1/new/inv_sbox_7.vhd'; using path 'U:/VivadoGIF/VivadoGIF/projet_vlsi-main/projet_vlsi-main/SerpentDecryption/SerpentDecryption.srcs/sources_1/new/inv_sbox_7.vhd' instead.
WARNING: [Project 1-312] File not found as 'C:/Users/ALCLO68/SerpentDecryption/SerpentDecryption.srcs/sources_1/new/inv_parallel_sbox_7.vhd'; using path 'U:/VivadoGIF/VivadoGIF/projet_vlsi-main/projet_vlsi-main/SerpentDecryption/SerpentDecryption.srcs/sources_1/new/inv_parallel_sbox_7.vhd' instead.
WARNING: [Project 1-312] File not found as 'C:/Users/ALCLO68/SerpentDecryption/SerpentDecryption.srcs/sources_1/new/serpent_decryption_block.vhd'; using path 'U:/VivadoGIF/VivadoGIF/projet_vlsi-main/projet_vlsi-main/SerpentDecryption/SerpentDecryption.srcs/sources_1/new/serpent_decryption_block.vhd' instead.
WARNING: [Project 1-312] File not found as 'C:/Users/ALCLO68/Desktop/FSM_HDMI_Encrypt/ZYBO_HDMI_MGA_2018_2/project_1/project_1.srcs/sources_1/new/toto.vhd'; using path 'U:/VivadoGIF/VivadoGIF/projet_vlsi-main/projet_vlsi-main/SerpentEncryption/FSM_HDMI_Encrypt/ZYBO_HDMI_MGA_2018_2/project_1/project_1.srcs/sources_1/new/toto.vhd' instead.
WARNING: [Project 1-312] File not found as 'C:/Users/ALCLO68/SerpentDecryption/SerpentDecryption.srcs/sources_1/new/inv_linear_transform.vhd'; using path 'U:/VivadoGIF/VivadoGIF/projet_vlsi-main/projet_vlsi-main/SerpentDecryption/SerpentDecryption.srcs/sources_1/new/inv_linear_transform.vhd' instead.
WARNING: [Project 1-312] File not found as 'C:/Users/ALCLO68/SerpentDecryption/SerpentDecryption.srcs/sources_1/new/inv_sbox_0.vhd'; using path 'U:/VivadoGIF/VivadoGIF/projet_vlsi-main/projet_vlsi-main/SerpentDecryption/SerpentDecryption.srcs/sources_1/new/inv_sbox_0.vhd' instead.
WARNING: [Project 1-312] File not found as 'C:/Users/ALCLO68/SerpentDecryption/SerpentDecryption.srcs/sources_1/new/inv_parallel_sbox_0.vhd'; using path 'U:/VivadoGIF/VivadoGIF/projet_vlsi-main/projet_vlsi-main/SerpentDecryption/SerpentDecryption.srcs/sources_1/new/inv_parallel_sbox_0.vhd' instead.
WARNING: [Project 1-312] File not found as 'C:/Users/ALCLO68/SerpentDecryption/SerpentDecryption.srcs/sources_1/new/inv_sbox_1.vhd'; using path 'U:/VivadoGIF/VivadoGIF/projet_vlsi-main/projet_vlsi-main/SerpentDecryption/SerpentDecryption.srcs/sources_1/new/inv_sbox_1.vhd' instead.
WARNING: [Project 1-312] File not found as 'C:/Users/ALCLO68/SerpentDecryption/SerpentDecryption.srcs/sources_1/new/inv_parallel_sbox_1.vhd'; using path 'U:/VivadoGIF/VivadoGIF/projet_vlsi-main/projet_vlsi-main/SerpentDecryption/SerpentDecryption.srcs/sources_1/new/inv_parallel_sbox_1.vhd' instead.
WARNING: [Project 1-312] File not found as 'C:/Users/ALCLO68/SerpentDecryption/SerpentDecryption.srcs/sources_1/new/inv_sbox_2.vhd'; using path 'U:/VivadoGIF/VivadoGIF/projet_vlsi-main/projet_vlsi-main/SerpentDecryption/SerpentDecryption.srcs/sources_1/new/inv_sbox_2.vhd' instead.
WARNING: [Project 1-312] File not found as 'C:/Users/ALCLO68/SerpentDecryption/SerpentDecryption.srcs/sources_1/new/inv_parallel_sbox_2.vhd'; using path 'U:/VivadoGIF/VivadoGIF/projet_vlsi-main/projet_vlsi-main/SerpentDecryption/SerpentDecryption.srcs/sources_1/new/inv_parallel_sbox_2.vhd' instead.
WARNING: [Project 1-312] File not found as 'C:/Users/ALCLO68/SerpentDecryption/SerpentDecryption.srcs/sources_1/new/inv_sbox_3.vhd'; using path 'U:/VivadoGIF/VivadoGIF/projet_vlsi-main/projet_vlsi-main/SerpentDecryption/SerpentDecryption.srcs/sources_1/new/inv_sbox_3.vhd' instead.
WARNING: [Project 1-312] File not found as 'C:/Users/ALCLO68/SerpentDecryption/SerpentDecryption.srcs/sources_1/new/inv_parallel_sbox_3.vhd'; using path 'U:/VivadoGIF/VivadoGIF/projet_vlsi-main/projet_vlsi-main/SerpentDecryption/SerpentDecryption.srcs/sources_1/new/inv_parallel_sbox_3.vhd' instead.
WARNING: [Project 1-312] File not found as 'C:/Users/ALCLO68/SerpentDecryption/SerpentDecryption.srcs/sources_1/new/inv_sbox_4.vhd'; using path 'U:/VivadoGIF/VivadoGIF/projet_vlsi-main/projet_vlsi-main/SerpentDecryption/SerpentDecryption.srcs/sources_1/new/inv_sbox_4.vhd' instead.
WARNING: [Project 1-312] File not found as 'C:/Users/ALCLO68/SerpentDecryption/SerpentDecryption.srcs/sources_1/new/inv_parallel_sbox_4.vhd'; using path 'U:/VivadoGIF/VivadoGIF/projet_vlsi-main/projet_vlsi-main/SerpentDecryption/SerpentDecryption.srcs/sources_1/new/inv_parallel_sbox_4.vhd' instead.
WARNING: [Project 1-312] File not found as 'C:/Users/ALCLO68/SerpentDecryption/SerpentDecryption.srcs/sources_1/new/inv_sbox_5.vhd'; using path 'U:/VivadoGIF/VivadoGIF/projet_vlsi-main/projet_vlsi-main/SerpentDecryption/SerpentDecryption.srcs/sources_1/new/inv_sbox_5.vhd' instead.
WARNING: [Project 1-312] File not found as 'C:/Users/ALCLO68/SerpentDecryption/SerpentDecryption.srcs/sources_1/new/inv_parallel_sbox_5.vhd'; using path 'U:/VivadoGIF/VivadoGIF/projet_vlsi-main/projet_vlsi-main/SerpentDecryption/SerpentDecryption.srcs/sources_1/new/inv_parallel_sbox_5.vhd' instead.
WARNING: [Project 1-312] File not found as 'C:/Users/ALCLO68/SerpentDecryption/SerpentDecryption.srcs/sources_1/new/inv_sbox_6.vhd'; using path 'U:/VivadoGIF/VivadoGIF/projet_vlsi-main/projet_vlsi-main/SerpentDecryption/SerpentDecryption.srcs/sources_1/new/inv_sbox_6.vhd' instead.
WARNING: [Project 1-312] File not found as 'C:/Users/ALCLO68/SerpentDecryption/SerpentDecryption.srcs/sources_1/new/inv_parallel_sbox_6.vhd'; using path 'U:/VivadoGIF/VivadoGIF/projet_vlsi-main/projet_vlsi-main/SerpentDecryption/SerpentDecryption.srcs/sources_1/new/inv_parallel_sbox_6.vhd' instead.
WARNING: [Project 1-312] File not found as 'C:/Users/ALCLO68/SerpentDecryption/SerpentDecryption.srcs/sources_1/new/inv_sbox_7.vhd'; using path 'U:/VivadoGIF/VivadoGIF/projet_vlsi-main/projet_vlsi-main/SerpentDecryption/SerpentDecryption.srcs/sources_1/new/inv_sbox_7.vhd' instead.
WARNING: [Project 1-312] File not found as 'C:/Users/ALCLO68/SerpentDecryption/SerpentDecryption.srcs/sources_1/new/inv_parallel_sbox_7.vhd'; using path 'U:/VivadoGIF/VivadoGIF/projet_vlsi-main/projet_vlsi-main/SerpentDecryption/SerpentDecryption.srcs/sources_1/new/inv_parallel_sbox_7.vhd' instead.
WARNING: [Project 1-312] File not found as 'C:/Users/ALCLO68/SerpentDecryption/SerpentDecryption.srcs/sources_1/new/serpent_decryption_block.vhd'; using path 'U:/VivadoGIF/VivadoGIF/projet_vlsi-main/projet_vlsi-main/SerpentDecryption/SerpentDecryption.srcs/sources_1/new/serpent_decryption_block.vhd' instead.
WARNING: [Project 1-312] File not found as 'C:/Users/ALCLO68/Desktop/FSM_HDMI_Encrypt/ZYBO_HDMI_MGA_2018_2/project_1/project_1.srcs/sources_1/new/toto.vhd'; using path 'U:/VivadoGIF/VivadoGIF/projet_vlsi-main/projet_vlsi-main/SerpentEncryption/FSM_HDMI_Encrypt/ZYBO_HDMI_MGA_2018_2/project_1/project_1.srcs/sources_1/new/toto.vhd' instead.
INFO: [IP_Flow 19-234] Refreshing IP repositories
INFO: [IP_Flow 19-1700] Loaded user IP repository 'c:/Users/ALCLO68/Desktop/FSM_HDMI_Encrypt/ZYBO_HDMI_MGA_2018_2/repo'.
INFO: [IP_Flow 19-2313] Loaded Vivado IP repository 'C:/Programs/Xilinx/Vivado/2018.2/data/ip'.
open_project: Time (s): cpu = 00:00:10 ; elapsed = 00:00:06 . Memory (MB): peak = 891.836 ; gain = 151.988
update_compile_order -fileset sources_1
exit
INFO: [Common 17-206] Exiting Vivado at Wed Dec  8 12:58:22 2021...
