#-----------------------------------------------------------
# Vivado v2018.3 (64-bit)
# SW Build 2405991 on Thu Dec  6 23:38:27 MST 2018
# IP Build 2404404 on Fri Dec  7 01:43:56 MST 2018
# Start of session at: Wed Dec  1 14:14:58 2021
# Process ID: 19712
# Current directory: C:/Users/vaill/OneDrive/Bureau/VLSI/projet/projet_vlsi-main/SerpentDecryption
# Command line: vivado.exe -gui_launcher_event rodinguilauncherevent14024 C:\Users\vaill\OneDrive\Bureau\VLSI\projet\projet_vlsi-main\SerpentDecryption\SerpentDecryption.xpr
# Log file: C:/Users/vaill/OneDrive/Bureau/VLSI/projet/projet_vlsi-main/SerpentDecryption/vivado.log
# Journal file: C:/Users/vaill/OneDrive/Bureau/VLSI/projet/projet_vlsi-main/SerpentDecryption\vivado.jou
#-----------------------------------------------------------
start_gui
open_project C:/Users/vaill/OneDrive/Bureau/VLSI/projet/projet_vlsi-main/SerpentDecryption/SerpentDecryption.xpr
Scanning sources...
Finished scanning sources
INFO: [IP_Flow 19-234] Refreshing IP repositories
INFO: [IP_Flow 19-1704] No user IP repositories specified
INFO: [IP_Flow 19-2313] Loaded Vivado IP repository 'C:/Xilinx/Vivado/2018.3/data/ip'.
open_project: Time (s): cpu = 00:00:18 ; elapsed = 00:00:07 . Memory (MB): peak = 766.270 ; gain = 113.117
update_compile_order -fileset sources_1
close [ open C:/Users/vaill/OneDrive/Bureau/VLSI/projet/projet_vlsi-main/SerpentDecryption/SerpentDecryption.srcs/sources_1/new/serpent_decryption_block.vhd w ]
add_files C:/Users/vaill/OneDrive/Bureau/VLSI/projet/projet_vlsi-main/SerpentDecryption/SerpentDecryption.srcs/sources_1/new/serpent_decryption_block.vhd
update_compile_order -fileset sources_1
import_files -norecurse {C:/Users/vaill/OneDrive/Bureau/VLSI/projet/projet_vlsi-main/SerpentEncryption/SerpentEncryption.srcs/sources_1/new/key_padding.vhd C:/Users/vaill/OneDrive/Bureau/VLSI/projet/projet_vlsi-main/SerpentEncryption/SerpentEncryption.srcs/sources_1/new/key_expansion.vhd}
update_compile_order -fileset sources_1
set_property library keyschedule [get_files  C:/Users/vaill/OneDrive/Bureau/VLSI/projet/projet_vlsi-main/SerpentDecryption/SerpentDecryption.srcs/sources_1/imports/new/key_padding.vhd]
set_property library keyschedule [get_files  C:/Users/vaill/OneDrive/Bureau/VLSI/projet/projet_vlsi-main/SerpentDecryption/SerpentDecryption.srcs/sources_1/imports/new/key_expansion.vhd]
import_files -norecurse {C:/Users/vaill/OneDrive/Bureau/VLSI/projet/projet_vlsi-main/SerpentEncryption/SerpentEncryption.srcs/sources_1/new/s_box_7.vhd C:/Users/vaill/OneDrive/Bureau/VLSI/projet/projet_vlsi-main/SerpentEncryption/SerpentEncryption.srcs/sources_1/new/top_para_sbox_1.vhd C:/Users/vaill/OneDrive/Bureau/VLSI/projet/projet_vlsi-main/SerpentEncryption/SerpentEncryption.srcs/sources_1/new/s_box_2.vhd C:/Users/vaill/OneDrive/Bureau/VLSI/projet/projet_vlsi-main/SerpentEncryption/SerpentEncryption.srcs/sources_1/new/linear_transform.vhd C:/Users/vaill/OneDrive/Bureau/VLSI/projet/projet_vlsi-main/SerpentEncryption/SerpentEncryption.srcs/sources_1/new/parallel_s_box_6.vhd C:/Users/vaill/OneDrive/Bureau/VLSI/projet/projet_vlsi-main/SerpentEncryption/SerpentEncryption.srcs/sources_1/new/top_para_sbox_5.vhd C:/Users/vaill/OneDrive/Bureau/VLSI/projet/projet_vlsi-main/SerpentEncryption/SerpentEncryption.srcs/sources_1/new/parallel_s_box_2.vhd C:/Users/vaill/OneDrive/Bureau/VLSI/projet/projet_vlsi-main/SerpentEncryption/SerpentEncryption.srcs/sources_1/new/s_box_1.vhd C:/Users/vaill/OneDrive/Bureau/VLSI/projet/projet_vlsi-main/SerpentEncryption/SerpentEncryption.srcs/sources_1/new/top_para_sbox_2.vhd C:/Users/vaill/OneDrive/Bureau/VLSI/projet/projet_vlsi-main/SerpentEncryption/SerpentEncryption.srcs/sources_1/new/parallel_s_box_1.vhd C:/Users/vaill/OneDrive/Bureau/VLSI/projet/projet_vlsi-main/SerpentEncryption/SerpentEncryption.srcs/sources_1/new/s_box_0.vhd C:/Users/vaill/OneDrive/Bureau/VLSI/projet/projet_vlsi-main/SerpentEncryption/SerpentEncryption.srcs/sources_1/new/top_para_sbox_6.vhd C:/Users/vaill/OneDrive/Bureau/VLSI/projet/projet_vlsi-main/SerpentEncryption/SerpentEncryption.srcs/sources_1/new/parallel_s_box_5.vhd C:/Users/vaill/OneDrive/Bureau/VLSI/projet/projet_vlsi-main/SerpentEncryption/SerpentEncryption.srcs/sources_1/new/parallel_s_box_4.vhd C:/Users/vaill/OneDrive/Bureau/VLSI/projet/projet_vlsi-main/SerpentEncryption/SerpentEncryption.srcs/sources_1/new/s_box_5.vhd C:/Users/vaill/OneDrive/Bureau/VLSI/projet/projet_vlsi-main/SerpentEncryption/SerpentEncryption.srcs/sources_1/new/s_box_4.vhd C:/Users/vaill/OneDrive/Bureau/VLSI/projet/projet_vlsi-main/SerpentEncryption/SerpentEncryption.srcs/sources_1/new/top_para_sbox_3.vhd C:/Users/vaill/OneDrive/Bureau/VLSI/projet/projet_vlsi-main/SerpentEncryption/SerpentEncryption.srcs/sources_1/new/parallel_s_box_0.vhd C:/Users/vaill/OneDrive/Bureau/VLSI/projet/projet_vlsi-main/SerpentEncryption/SerpentEncryption.srcs/sources_1/new/serpent_encryption_block.vhd C:/Users/vaill/OneDrive/Bureau/VLSI/projet/projet_vlsi-main/SerpentEncryption/SerpentEncryption.srcs/sources_1/new/parallel_s_box_3.vhd C:/Users/vaill/OneDrive/Bureau/VLSI/projet/projet_vlsi-main/SerpentEncryption/SerpentEncryption.srcs/sources_1/new/top_para_sbox_7.vhd C:/Users/vaill/OneDrive/Bureau/VLSI/projet/projet_vlsi-main/SerpentEncryption/SerpentEncryption.srcs/sources_1/new/s_box_3.vhd C:/Users/vaill/OneDrive/Bureau/VLSI/projet/projet_vlsi-main/SerpentEncryption/SerpentEncryption.srcs/sources_1/new/s_box_6.vhd C:/Users/vaill/OneDrive/Bureau/VLSI/projet/projet_vlsi-main/SerpentEncryption/SerpentEncryption.srcs/sources_1/new/top_para_sbox_0.vhd C:/Users/vaill/OneDrive/Bureau/VLSI/projet/projet_vlsi-main/SerpentEncryption/SerpentEncryption.srcs/sources_1/new/top_para_sbox_4.vhd C:/Users/vaill/OneDrive/Bureau/VLSI/projet/projet_vlsi-main/SerpentEncryption/SerpentEncryption.srcs/sources_1/new/parallel_s_box_7.vhd}
update_compile_order -fileset sources_1
set_property library sboxes [get_files  {C:/Users/vaill/OneDrive/Bureau/VLSI/projet/projet_vlsi-main/SerpentDecryption/SerpentDecryption.srcs/sources_1/imports/new/parallel_s_box_0.vhd C:/Users/vaill/OneDrive/Bureau/VLSI/projet/projet_vlsi-main/SerpentDecryption/SerpentDecryption.srcs/sources_1/imports/new/parallel_s_box_1.vhd C:/Users/vaill/OneDrive/Bureau/VLSI/projet/projet_vlsi-main/SerpentDecryption/SerpentDecryption.srcs/sources_1/imports/new/parallel_s_box_2.vhd C:/Users/vaill/OneDrive/Bureau/VLSI/projet/projet_vlsi-main/SerpentDecryption/SerpentDecryption.srcs/sources_1/imports/new/parallel_s_box_3.vhd C:/Users/vaill/OneDrive/Bureau/VLSI/projet/projet_vlsi-main/SerpentDecryption/SerpentDecryption.srcs/sources_1/imports/new/parallel_s_box_4.vhd}]
set_property library sboxes [get_files  {C:/Users/vaill/OneDrive/Bureau/VLSI/projet/projet_vlsi-main/SerpentDecryption/SerpentDecryption.srcs/sources_1/imports/new/parallel_s_box_5.vhd C:/Users/vaill/OneDrive/Bureau/VLSI/projet/projet_vlsi-main/SerpentDecryption/SerpentDecryption.srcs/sources_1/imports/new/parallel_s_box_6.vhd C:/Users/vaill/OneDrive/Bureau/VLSI/projet/projet_vlsi-main/SerpentDecryption/SerpentDecryption.srcs/sources_1/imports/new/parallel_s_box_7.vhd C:/Users/vaill/OneDrive/Bureau/VLSI/projet/projet_vlsi-main/SerpentDecryption/SerpentDecryption.srcs/sources_1/imports/new/top_para_sbox_0.vhd C:/Users/vaill/OneDrive/Bureau/VLSI/projet/projet_vlsi-main/SerpentDecryption/SerpentDecryption.srcs/sources_1/imports/new/top_para_sbox_1.vhd C:/Users/vaill/OneDrive/Bureau/VLSI/projet/projet_vlsi-main/SerpentDecryption/SerpentDecryption.srcs/sources_1/imports/new/top_para_sbox_2.vhd C:/Users/vaill/OneDrive/Bureau/VLSI/projet/projet_vlsi-main/SerpentDecryption/SerpentDecryption.srcs/sources_1/imports/new/top_para_sbox_3.vhd C:/Users/vaill/OneDrive/Bureau/VLSI/projet/projet_vlsi-main/SerpentDecryption/SerpentDecryption.srcs/sources_1/imports/new/top_para_sbox_4.vhd C:/Users/vaill/OneDrive/Bureau/VLSI/projet/projet_vlsi-main/SerpentDecryption/SerpentDecryption.srcs/sources_1/imports/new/top_para_sbox_5.vhd C:/Users/vaill/OneDrive/Bureau/VLSI/projet/projet_vlsi-main/SerpentDecryption/SerpentDecryption.srcs/sources_1/imports/new/top_para_sbox_6.vhd C:/Users/vaill/OneDrive/Bureau/VLSI/projet/projet_vlsi-main/SerpentDecryption/SerpentDecryption.srcs/sources_1/imports/new/top_para_sbox_7.vhd}]
set_property library sboxes [get_files  {C:/Users/vaill/OneDrive/Bureau/VLSI/projet/projet_vlsi-main/SerpentDecryption/SerpentDecryption.srcs/sources_1/imports/new/s_box_0.vhd C:/Users/vaill/OneDrive/Bureau/VLSI/projet/projet_vlsi-main/SerpentDecryption/SerpentDecryption.srcs/sources_1/imports/new/s_box_1.vhd C:/Users/vaill/OneDrive/Bureau/VLSI/projet/projet_vlsi-main/SerpentDecryption/SerpentDecryption.srcs/sources_1/imports/new/s_box_2.vhd C:/Users/vaill/OneDrive/Bureau/VLSI/projet/projet_vlsi-main/SerpentDecryption/SerpentDecryption.srcs/sources_1/imports/new/s_box_3.vhd C:/Users/vaill/OneDrive/Bureau/VLSI/projet/projet_vlsi-main/SerpentDecryption/SerpentDecryption.srcs/sources_1/imports/new/s_box_4.vhd C:/Users/vaill/OneDrive/Bureau/VLSI/projet/projet_vlsi-main/SerpentDecryption/SerpentDecryption.srcs/sources_1/imports/new/s_box_5.vhd C:/Users/vaill/OneDrive/Bureau/VLSI/projet/projet_vlsi-main/SerpentDecryption/SerpentDecryption.srcs/sources_1/imports/new/s_box_6.vhd C:/Users/vaill/OneDrive/Bureau/VLSI/projet/projet_vlsi-main/SerpentDecryption/SerpentDecryption.srcs/sources_1/imports/new/s_box_7.vhd}]
set_property library transforms [get_files  C:/Users/vaill/OneDrive/Bureau/VLSI/projet/projet_vlsi-main/SerpentDecryption/SerpentDecryption.srcs/sources_1/imports/new/linear_transform.vhd]
update_compile_order -fileset sources_1
export_ip_user_files -of_objects  [get_files C:/Users/vaill/OneDrive/Bureau/VLSI/projet/projet_vlsi-main/SerpentDecryption/SerpentDecryption.srcs/sources_1/imports/new/key_expansion.vhd] -no_script -reset -force -quiet
remove_files  C:/Users/vaill/OneDrive/Bureau/VLSI/projet/projet_vlsi-main/SerpentDecryption/SerpentDecryption.srcs/sources_1/imports/new/key_expansion.vhd
export_ip_user_files -of_objects  [get_files C:/Users/vaill/OneDrive/Bureau/VLSI/projet/projet_vlsi-main/SerpentDecryption/SerpentDecryption.srcs/sources_1/imports/new/key_padding.vhd] -no_script -reset -force -quiet
remove_files  C:/Users/vaill/OneDrive/Bureau/VLSI/projet/projet_vlsi-main/SerpentDecryption/SerpentDecryption.srcs/sources_1/imports/new/key_padding.vhd
close [ open C:/Users/vaill/OneDrive/Bureau/VLSI/projet/projet_vlsi-main/SerpentDecryption/SerpentDecryption.srcs/sources_1/new/top_level_encryption_decryption_chaining.vhd w ]
add_files C:/Users/vaill/OneDrive/Bureau/VLSI/projet/projet_vlsi-main/SerpentDecryption/SerpentDecryption.srcs/sources_1/new/top_level_encryption_decryption_chaining.vhd
update_compile_order -fileset sources_1
set_property top top_level_encryption_decryption_chaining [current_fileset]
set_property top top_level_encryption_decryption_chaining [get_filesets sim_1]
set_property top_lib xil_defaultlib [get_filesets sim_1]
update_compile_order -fileset sources_1
update_compile_order -fileset sources_1
import_files -force -norecurse {C:/Users/vaill/OneDrive/Bureau/VLSI/projet/projet_vlsi-main/SerpentEncryption/SerpentEncryption.srcs/sources_1/new/key_padding.vhd C:/Users/vaill/OneDrive/Bureau/VLSI/projet/projet_vlsi-main/SerpentEncryption/SerpentEncryption.srcs/sources_1/new/key_expansion.vhd}
update_compile_order -fileset sources_1
set_property library keyschedule [get_files  {C:/Users/vaill/OneDrive/Bureau/VLSI/projet/projet_vlsi-main/SerpentDecryption/SerpentDecryption.srcs/sources_1/new/top_level_encryption_decryption_chaining.vhd C:/Users/vaill/OneDrive/Bureau/VLSI/projet/projet_vlsi-main/SerpentDecryption/SerpentDecryption.srcs/sources_1/imports/new/key_expansion.vhd C:/Users/vaill/OneDrive/Bureau/VLSI/projet/projet_vlsi-main/SerpentDecryption/SerpentDecryption.srcs/sources_1/imports/new/key_padding.vhd}]
set_property library xil_defaultlib [get_files  C:/Users/vaill/OneDrive/Bureau/VLSI/projet/projet_vlsi-main/SerpentDecryption/SerpentDecryption.srcs/sources_1/new/top_level_encryption_decryption_chaining.vhd]
launch_simulation
INFO: [Vivado 12-5682] Launching behavioral simulation in 'C:/Users/vaill/OneDrive/Bureau/VLSI/projet/projet_vlsi-main/SerpentDecryption/SerpentDecryption.sim/sim_1/behav/xsim'
INFO: [SIM-utils-51] Simulation object is 'sim_1'
INFO: [SIM-utils-54] Inspecting design source files for 'top_level_encryption_decryption_chaining' in fileset 'sim_1'...
INFO: [USF-XSim-97] Finding global include files...
INFO: [USF-XSim-98] Fetching design files from 'sim_1'...
INFO: [USF-XSim-2] XSim::Compile design
INFO: [USF-XSim-61] Executing 'COMPILE and ANALYZE' step in 'C:/Users/vaill/OneDrive/Bureau/VLSI/projet/projet_vlsi-main/SerpentDecryption/SerpentDecryption.sim/sim_1/behav/xsim'
"xvhdl --incr --relax -prj top_level_encryption_decryption_chaining_vhdl.prj"
INFO: [VRFC 10-163] Analyzing VHDL file "C:/Users/vaill/OneDrive/Bureau/VLSI/projet/projet_vlsi-main/SerpentDecryption/SerpentDecryption.srcs/sources_1/imports/new/s_box_0.vhd" into library sboxes
INFO: [VRFC 10-3107] analyzing entity 's_box_0'
INFO: [VRFC 10-163] Analyzing VHDL file "C:/Users/vaill/OneDrive/Bureau/VLSI/projet/projet_vlsi-main/SerpentDecryption/SerpentDecryption.srcs/sources_1/imports/new/parallel_s_box_0.vhd" into library sboxes
INFO: [VRFC 10-3107] analyzing entity 'parallel_s_box_0'
INFO: [VRFC 10-163] Analyzing VHDL file "C:/Users/vaill/OneDrive/Bureau/VLSI/projet/projet_vlsi-main/SerpentDecryption/SerpentDecryption.srcs/sources_1/imports/new/s_box_1.vhd" into library sboxes
INFO: [VRFC 10-3107] analyzing entity 's_box_1'
INFO: [VRFC 10-163] Analyzing VHDL file "C:/Users/vaill/OneDrive/Bureau/VLSI/projet/projet_vlsi-main/SerpentDecryption/SerpentDecryption.srcs/sources_1/imports/new/parallel_s_box_1.vhd" into library sboxes
INFO: [VRFC 10-3107] analyzing entity 'parallel_s_box_1'
INFO: [VRFC 10-163] Analyzing VHDL file "C:/Users/vaill/OneDrive/Bureau/VLSI/projet/projet_vlsi-main/SerpentDecryption/SerpentDecryption.srcs/sources_1/imports/new/s_box_4.vhd" into library sboxes
INFO: [VRFC 10-3107] analyzing entity 's_box_4'
INFO: [VRFC 10-163] Analyzing VHDL file "C:/Users/vaill/OneDrive/Bureau/VLSI/projet/projet_vlsi-main/SerpentDecryption/SerpentDecryption.srcs/sources_1/imports/new/parallel_s_box_4.vhd" into library sboxes
INFO: [VRFC 10-3107] analyzing entity 'parallel_s_box_4'
INFO: [VRFC 10-163] Analyzing VHDL file "C:/Users/vaill/OneDrive/Bureau/VLSI/projet/projet_vlsi-main/SerpentDecryption/SerpentDecryption.srcs/sources_1/imports/new/s_box_3.vhd" into library sboxes
INFO: [VRFC 10-3107] analyzing entity 's_box_3'
INFO: [VRFC 10-163] Analyzing VHDL file "C:/Users/vaill/OneDrive/Bureau/VLSI/projet/projet_vlsi-main/SerpentDecryption/SerpentDecryption.srcs/sources_1/imports/new/parallel_s_box_3.vhd" into library sboxes
INFO: [VRFC 10-3107] analyzing entity 'parallel_s_box_3'
INFO: [VRFC 10-163] Analyzing VHDL file "C:/Users/vaill/OneDrive/Bureau/VLSI/projet/projet_vlsi-main/SerpentDecryption/SerpentDecryption.srcs/sources_1/imports/new/s_box_2.vhd" into library sboxes
INFO: [VRFC 10-3107] analyzing entity 's_box_2'
INFO: [VRFC 10-163] Analyzing VHDL file "C:/Users/vaill/OneDrive/Bureau/VLSI/projet/projet_vlsi-main/SerpentDecryption/SerpentDecryption.srcs/sources_1/imports/new/parallel_s_box_2.vhd" into library sboxes
INFO: [VRFC 10-3107] analyzing entity 'parallel_s_box_2'
INFO: [VRFC 10-163] Analyzing VHDL file "C:/Users/vaill/OneDrive/Bureau/VLSI/projet/projet_vlsi-main/SerpentDecryption/SerpentDecryption.srcs/sources_1/imports/new/s_box_5.vhd" into library sboxes
INFO: [VRFC 10-3107] analyzing entity 's_box_5'
INFO: [VRFC 10-163] Analyzing VHDL file "C:/Users/vaill/OneDrive/Bureau/VLSI/projet/projet_vlsi-main/SerpentDecryption/SerpentDecryption.srcs/sources_1/imports/new/parallel_s_box_5.vhd" into library sboxes
INFO: [VRFC 10-3107] analyzing entity 'parallel_s_box_5'
INFO: [VRFC 10-163] Analyzing VHDL file "C:/Users/vaill/OneDrive/Bureau/VLSI/projet/projet_vlsi-main/SerpentDecryption/SerpentDecryption.srcs/sources_1/imports/new/top_para_sbox_0.vhd" into library sboxes
INFO: [VRFC 10-3107] analyzing entity 'top_para_sbox_0'
INFO: [VRFC 10-163] Analyzing VHDL file "C:/Users/vaill/OneDrive/Bureau/VLSI/projet/projet_vlsi-main/SerpentDecryption/SerpentDecryption.srcs/sources_1/imports/new/s_box_6.vhd" into library sboxes
INFO: [VRFC 10-3107] analyzing entity 's_box_6'
INFO: [VRFC 10-163] Analyzing VHDL file "C:/Users/vaill/OneDrive/Bureau/VLSI/projet/projet_vlsi-main/SerpentDecryption/SerpentDecryption.srcs/sources_1/imports/new/parallel_s_box_6.vhd" into library sboxes
INFO: [VRFC 10-3107] analyzing entity 'parallel_s_box_6'
INFO: [VRFC 10-163] Analyzing VHDL file "C:/Users/vaill/OneDrive/Bureau/VLSI/projet/projet_vlsi-main/SerpentDecryption/SerpentDecryption.srcs/sources_1/imports/new/top_para_sbox_1.vhd" into library sboxes
INFO: [VRFC 10-3107] analyzing entity 'top_para_sbox_1'
INFO: [VRFC 10-163] Analyzing VHDL file "C:/Users/vaill/OneDrive/Bureau/VLSI/projet/projet_vlsi-main/SerpentDecryption/SerpentDecryption.srcs/sources_1/imports/new/s_box_7.vhd" into library sboxes
INFO: [VRFC 10-3107] analyzing entity 's_box_7'
INFO: [VRFC 10-163] Analyzing VHDL file "C:/Users/vaill/OneDrive/Bureau/VLSI/projet/projet_vlsi-main/SerpentDecryption/SerpentDecryption.srcs/sources_1/imports/new/parallel_s_box_7.vhd" into library sboxes
INFO: [VRFC 10-3107] analyzing entity 'parallel_s_box_7'
INFO: [VRFC 10-163] Analyzing VHDL file "C:/Users/vaill/OneDrive/Bureau/VLSI/projet/projet_vlsi-main/SerpentDecryption/SerpentDecryption.srcs/sources_1/imports/new/top_para_sbox_2.vhd" into library sboxes
INFO: [VRFC 10-3107] analyzing entity 'top_para_sbox_2'
INFO: [VRFC 10-163] Analyzing VHDL file "C:/Users/vaill/OneDrive/Bureau/VLSI/projet/projet_vlsi-main/SerpentDecryption/SerpentDecryption.srcs/sources_1/imports/new/top_para_sbox_3.vhd" into library sboxes
INFO: [VRFC 10-3107] analyzing entity 'top_para_sbox_3'
INFO: [VRFC 10-163] Analyzing VHDL file "C:/Users/vaill/OneDrive/Bureau/VLSI/projet/projet_vlsi-main/SerpentDecryption/SerpentDecryption.srcs/sources_1/imports/new/top_para_sbox_4.vhd" into library sboxes
INFO: [VRFC 10-3107] analyzing entity 'top_para_sbox_4'
INFO: [VRFC 10-163] Analyzing VHDL file "C:/Users/vaill/OneDrive/Bureau/VLSI/projet/projet_vlsi-main/SerpentDecryption/SerpentDecryption.srcs/sources_1/imports/new/top_para_sbox_5.vhd" into library sboxes
INFO: [VRFC 10-3107] analyzing entity 'top_para_sbox_5'
INFO: [VRFC 10-163] Analyzing VHDL file "C:/Users/vaill/OneDrive/Bureau/VLSI/projet/projet_vlsi-main/SerpentDecryption/SerpentDecryption.srcs/sources_1/imports/new/top_para_sbox_6.vhd" into library sboxes
INFO: [VRFC 10-3107] analyzing entity 'top_para_sbox_6'
INFO: [VRFC 10-163] Analyzing VHDL file "C:/Users/vaill/OneDrive/Bureau/VLSI/projet/projet_vlsi-main/SerpentDecryption/SerpentDecryption.srcs/sources_1/imports/new/top_para_sbox_7.vhd" into library sboxes
INFO: [VRFC 10-3107] analyzing entity 'top_para_sbox_7'
INFO: [VRFC 10-163] Analyzing VHDL file "C:/Users/vaill/OneDrive/Bureau/VLSI/projet/projet_vlsi-main/SerpentDecryption/SerpentDecryption.srcs/sources_1/imports/new/key_expansion.vhd" into library keyschedule
INFO: [VRFC 10-3107] analyzing entity 'key_expansion'
INFO: [VRFC 10-163] Analyzing VHDL file "C:/Users/vaill/OneDrive/Bureau/VLSI/projet/projet_vlsi-main/SerpentDecryption/SerpentDecryption.srcs/sources_1/imports/new/key_padding.vhd" into library keyschedule
INFO: [VRFC 10-3107] analyzing entity 'key_padding'
INFO: [VRFC 10-163] Analyzing VHDL file "C:/Users/vaill/OneDrive/Bureau/VLSI/projet/projet_vlsi-main/SerpentDecryption/SerpentDecryption.srcs/sources_1/imports/new/linear_transform.vhd" into library transforms
INFO: [VRFC 10-3107] analyzing entity 'linear_transform'
INFO: [VRFC 10-163] Analyzing VHDL file "C:/Users/vaill/OneDrive/Bureau/VLSI/projet/projet_vlsi-main/SerpentDecryption/SerpentDecryption.srcs/sources_1/new/serpent_decryption_block.vhd" into library xil_defaultlib
INFO: [VRFC 10-3107] analyzing entity 'serpent_decryption_block'
INFO: [VRFC 10-163] Analyzing VHDL file "C:/Users/vaill/OneDrive/Bureau/VLSI/projet/projet_vlsi-main/SerpentDecryption/SerpentDecryption.srcs/sources_1/imports/new/serpent_encryption_block.vhd" into library xil_defaultlib
INFO: [VRFC 10-3107] analyzing entity 'serpent_encryption_block'
INFO: [VRFC 10-163] Analyzing VHDL file "C:/Users/vaill/OneDrive/Bureau/VLSI/projet/projet_vlsi-main/SerpentDecryption/SerpentDecryption.srcs/sources_1/new/top_level_encryption_decryption_chaining.vhd" into library xil_defaultlib
INFO: [VRFC 10-3107] analyzing entity 'top_level_encryption_decryption_chaining'
ERROR: [VRFC 10-719] formal port/generic <i_ciphertext> is not declared in <serpent_decryption_block> [C:/Users/vaill/OneDrive/Bureau/VLSI/projet/projet_vlsi-main/SerpentDecryption/SerpentDecryption.srcs/sources_1/new/top_level_encryption_decryption_chaining.vhd:93]
ERROR: [VRFC 10-3353] formal port 'i_cyphertext' has no actual or default value [C:/Users/vaill/OneDrive/Bureau/VLSI/projet/projet_vlsi-main/SerpentDecryption/SerpentDecryption.srcs/sources_1/new/top_level_encryption_decryption_chaining.vhd:89]
ERROR: [VRFC 10-3782] unit 'behavioral' ignored due to previous errors [C:/Users/vaill/OneDrive/Bureau/VLSI/projet/projet_vlsi-main/SerpentDecryption/SerpentDecryption.srcs/sources_1/new/top_level_encryption_decryption_chaining.vhd:43]
INFO: [VRFC 10-3070] VHDL file 'C:/Users/vaill/OneDrive/Bureau/VLSI/projet/projet_vlsi-main/SerpentDecryption/SerpentDecryption.srcs/sources_1/new/top_level_encryption_decryption_chaining.vhd' ignored due to errors
run_program: Time (s): cpu = 00:00:00 ; elapsed = 00:00:05 . Memory (MB): peak = 888.617 ; gain = 0.000
INFO: [USF-XSim-69] 'compile' step finished in '5' seconds
INFO: [USF-XSim-99] Step results log file:'C:/Users/vaill/OneDrive/Bureau/VLSI/projet/projet_vlsi-main/SerpentDecryption/SerpentDecryption.sim/sim_1/behav/xsim/xvhdl.log'
ERROR: [USF-XSim-62] 'compile' step failed with error(s). Please check the Tcl console output or 'C:/Users/vaill/OneDrive/Bureau/VLSI/projet/projet_vlsi-main/SerpentDecryption/SerpentDecryption.sim/sim_1/behav/xsim/xvhdl.log' file for more information.
ERROR: [Vivado 12-4473] Detected error while running simulation. Please correct the issue and retry this operation.
launch_simulation: Time (s): cpu = 00:00:01 ; elapsed = 00:00:06 . Memory (MB): peak = 888.617 ; gain = 0.000
ERROR: [Common 17-39] 'launch_simulation' failed due to earlier errors.
launch_simulation
INFO: [Vivado 12-5682] Launching behavioral simulation in 'C:/Users/vaill/OneDrive/Bureau/VLSI/projet/projet_vlsi-main/SerpentDecryption/SerpentDecryption.sim/sim_1/behav/xsim'
INFO: [SIM-utils-51] Simulation object is 'sim_1'
INFO: [SIM-utils-54] Inspecting design source files for 'top_level_encryption_decryption_chaining' in fileset 'sim_1'...
INFO: [USF-XSim-97] Finding global include files...
INFO: [USF-XSim-98] Fetching design files from 'sim_1'...
INFO: [USF-XSim-2] XSim::Compile design
INFO: [USF-XSim-61] Executing 'COMPILE and ANALYZE' step in 'C:/Users/vaill/OneDrive/Bureau/VLSI/projet/projet_vlsi-main/SerpentDecryption/SerpentDecryption.sim/sim_1/behav/xsim'
"xvhdl --incr --relax -prj top_level_encryption_decryption_chaining_vhdl.prj"
INFO: [VRFC 10-163] Analyzing VHDL file "C:/Users/vaill/OneDrive/Bureau/VLSI/projet/projet_vlsi-main/SerpentDecryption/SerpentDecryption.srcs/sources_1/imports/new/s_box_0.vhd" into library sboxes
INFO: [VRFC 10-3107] analyzing entity 's_box_0'
INFO: [VRFC 10-163] Analyzing VHDL file "C:/Users/vaill/OneDrive/Bureau/VLSI/projet/projet_vlsi-main/SerpentDecryption/SerpentDecryption.srcs/sources_1/imports/new/parallel_s_box_0.vhd" into library sboxes
INFO: [VRFC 10-3107] analyzing entity 'parallel_s_box_0'
INFO: [VRFC 10-163] Analyzing VHDL file "C:/Users/vaill/OneDrive/Bureau/VLSI/projet/projet_vlsi-main/SerpentDecryption/SerpentDecryption.srcs/sources_1/imports/new/s_box_1.vhd" into library sboxes
INFO: [VRFC 10-3107] analyzing entity 's_box_1'
INFO: [VRFC 10-163] Analyzing VHDL file "C:/Users/vaill/OneDrive/Bureau/VLSI/projet/projet_vlsi-main/SerpentDecryption/SerpentDecryption.srcs/sources_1/imports/new/parallel_s_box_1.vhd" into library sboxes
INFO: [VRFC 10-3107] analyzing entity 'parallel_s_box_1'
INFO: [VRFC 10-163] Analyzing VHDL file "C:/Users/vaill/OneDrive/Bureau/VLSI/projet/projet_vlsi-main/SerpentDecryption/SerpentDecryption.srcs/sources_1/imports/new/s_box_4.vhd" into library sboxes
INFO: [VRFC 10-3107] analyzing entity 's_box_4'
INFO: [VRFC 10-163] Analyzing VHDL file "C:/Users/vaill/OneDrive/Bureau/VLSI/projet/projet_vlsi-main/SerpentDecryption/SerpentDecryption.srcs/sources_1/imports/new/parallel_s_box_4.vhd" into library sboxes
INFO: [VRFC 10-3107] analyzing entity 'parallel_s_box_4'
INFO: [VRFC 10-163] Analyzing VHDL file "C:/Users/vaill/OneDrive/Bureau/VLSI/projet/projet_vlsi-main/SerpentDecryption/SerpentDecryption.srcs/sources_1/imports/new/s_box_3.vhd" into library sboxes
INFO: [VRFC 10-3107] analyzing entity 's_box_3'
INFO: [VRFC 10-163] Analyzing VHDL file "C:/Users/vaill/OneDrive/Bureau/VLSI/projet/projet_vlsi-main/SerpentDecryption/SerpentDecryption.srcs/sources_1/imports/new/parallel_s_box_3.vhd" into library sboxes
INFO: [VRFC 10-3107] analyzing entity 'parallel_s_box_3'
INFO: [VRFC 10-163] Analyzing VHDL file "C:/Users/vaill/OneDrive/Bureau/VLSI/projet/projet_vlsi-main/SerpentDecryption/SerpentDecryption.srcs/sources_1/imports/new/s_box_2.vhd" into library sboxes
INFO: [VRFC 10-3107] analyzing entity 's_box_2'
INFO: [VRFC 10-163] Analyzing VHDL file "C:/Users/vaill/OneDrive/Bureau/VLSI/projet/projet_vlsi-main/SerpentDecryption/SerpentDecryption.srcs/sources_1/imports/new/parallel_s_box_2.vhd" into library sboxes
INFO: [VRFC 10-3107] analyzing entity 'parallel_s_box_2'
INFO: [VRFC 10-163] Analyzing VHDL file "C:/Users/vaill/OneDrive/Bureau/VLSI/projet/projet_vlsi-main/SerpentDecryption/SerpentDecryption.srcs/sources_1/imports/new/s_box_5.vhd" into library sboxes
INFO: [VRFC 10-3107] analyzing entity 's_box_5'
INFO: [VRFC 10-163] Analyzing VHDL file "C:/Users/vaill/OneDrive/Bureau/VLSI/projet/projet_vlsi-main/SerpentDecryption/SerpentDecryption.srcs/sources_1/imports/new/parallel_s_box_5.vhd" into library sboxes
INFO: [VRFC 10-3107] analyzing entity 'parallel_s_box_5'
INFO: [VRFC 10-163] Analyzing VHDL file "C:/Users/vaill/OneDrive/Bureau/VLSI/projet/projet_vlsi-main/SerpentDecryption/SerpentDecryption.srcs/sources_1/imports/new/top_para_sbox_0.vhd" into library sboxes
INFO: [VRFC 10-3107] analyzing entity 'top_para_sbox_0'
INFO: [VRFC 10-163] Analyzing VHDL file "C:/Users/vaill/OneDrive/Bureau/VLSI/projet/projet_vlsi-main/SerpentDecryption/SerpentDecryption.srcs/sources_1/imports/new/s_box_6.vhd" into library sboxes
INFO: [VRFC 10-3107] analyzing entity 's_box_6'
INFO: [VRFC 10-163] Analyzing VHDL file "C:/Users/vaill/OneDrive/Bureau/VLSI/projet/projet_vlsi-main/SerpentDecryption/SerpentDecryption.srcs/sources_1/imports/new/parallel_s_box_6.vhd" into library sboxes
INFO: [VRFC 10-3107] analyzing entity 'parallel_s_box_6'
INFO: [VRFC 10-163] Analyzing VHDL file "C:/Users/vaill/OneDrive/Bureau/VLSI/projet/projet_vlsi-main/SerpentDecryption/SerpentDecryption.srcs/sources_1/imports/new/top_para_sbox_1.vhd" into library sboxes
INFO: [VRFC 10-3107] analyzing entity 'top_para_sbox_1'
INFO: [VRFC 10-163] Analyzing VHDL file "C:/Users/vaill/OneDrive/Bureau/VLSI/projet/projet_vlsi-main/SerpentDecryption/SerpentDecryption.srcs/sources_1/imports/new/s_box_7.vhd" into library sboxes
INFO: [VRFC 10-3107] analyzing entity 's_box_7'
INFO: [VRFC 10-163] Analyzing VHDL file "C:/Users/vaill/OneDrive/Bureau/VLSI/projet/projet_vlsi-main/SerpentDecryption/SerpentDecryption.srcs/sources_1/imports/new/parallel_s_box_7.vhd" into library sboxes
INFO: [VRFC 10-3107] analyzing entity 'parallel_s_box_7'
INFO: [VRFC 10-163] Analyzing VHDL file "C:/Users/vaill/OneDrive/Bureau/VLSI/projet/projet_vlsi-main/SerpentDecryption/SerpentDecryption.srcs/sources_1/imports/new/top_para_sbox_2.vhd" into library sboxes
INFO: [VRFC 10-3107] analyzing entity 'top_para_sbox_2'
INFO: [VRFC 10-163] Analyzing VHDL file "C:/Users/vaill/OneDrive/Bureau/VLSI/projet/projet_vlsi-main/SerpentDecryption/SerpentDecryption.srcs/sources_1/imports/new/top_para_sbox_3.vhd" into library sboxes
INFO: [VRFC 10-3107] analyzing entity 'top_para_sbox_3'
INFO: [VRFC 10-163] Analyzing VHDL file "C:/Users/vaill/OneDrive/Bureau/VLSI/projet/projet_vlsi-main/SerpentDecryption/SerpentDecryption.srcs/sources_1/imports/new/top_para_sbox_4.vhd" into library sboxes
INFO: [VRFC 10-3107] analyzing entity 'top_para_sbox_4'
INFO: [VRFC 10-163] Analyzing VHDL file "C:/Users/vaill/OneDrive/Bureau/VLSI/projet/projet_vlsi-main/SerpentDecryption/SerpentDecryption.srcs/sources_1/imports/new/top_para_sbox_5.vhd" into library sboxes
INFO: [VRFC 10-3107] analyzing entity 'top_para_sbox_5'
INFO: [VRFC 10-163] Analyzing VHDL file "C:/Users/vaill/OneDrive/Bureau/VLSI/projet/projet_vlsi-main/SerpentDecryption/SerpentDecryption.srcs/sources_1/imports/new/top_para_sbox_6.vhd" into library sboxes
INFO: [VRFC 10-3107] analyzing entity 'top_para_sbox_6'
INFO: [VRFC 10-163] Analyzing VHDL file "C:/Users/vaill/OneDrive/Bureau/VLSI/projet/projet_vlsi-main/SerpentDecryption/SerpentDecryption.srcs/sources_1/imports/new/top_para_sbox_7.vhd" into library sboxes
INFO: [VRFC 10-3107] analyzing entity 'top_para_sbox_7'
INFO: [VRFC 10-163] Analyzing VHDL file "C:/Users/vaill/OneDrive/Bureau/VLSI/projet/projet_vlsi-main/SerpentDecryption/SerpentDecryption.srcs/sources_1/imports/new/key_expansion.vhd" into library keyschedule
INFO: [VRFC 10-3107] analyzing entity 'key_expansion'
INFO: [VRFC 10-163] Analyzing VHDL file "C:/Users/vaill/OneDrive/Bureau/VLSI/projet/projet_vlsi-main/SerpentDecryption/SerpentDecryption.srcs/sources_1/imports/new/key_padding.vhd" into library keyschedule
INFO: [VRFC 10-3107] analyzing entity 'key_padding'
INFO: [VRFC 10-163] Analyzing VHDL file "C:/Users/vaill/OneDrive/Bureau/VLSI/projet/projet_vlsi-main/SerpentDecryption/SerpentDecryption.srcs/sources_1/imports/new/linear_transform.vhd" into library transforms
INFO: [VRFC 10-3107] analyzing entity 'linear_transform'
INFO: [VRFC 10-163] Analyzing VHDL file "C:/Users/vaill/OneDrive/Bureau/VLSI/projet/projet_vlsi-main/SerpentDecryption/SerpentDecryption.srcs/sources_1/new/serpent_decryption_block.vhd" into library xil_defaultlib
INFO: [VRFC 10-3107] analyzing entity 'serpent_decryption_block'
INFO: [VRFC 10-163] Analyzing VHDL file "C:/Users/vaill/OneDrive/Bureau/VLSI/projet/projet_vlsi-main/SerpentDecryption/SerpentDecryption.srcs/sources_1/imports/new/serpent_encryption_block.vhd" into library xil_defaultlib
INFO: [VRFC 10-3107] analyzing entity 'serpent_encryption_block'
INFO: [VRFC 10-163] Analyzing VHDL file "C:/Users/vaill/OneDrive/Bureau/VLSI/projet/projet_vlsi-main/SerpentDecryption/SerpentDecryption.srcs/sources_1/new/top_level_encryption_decryption_chaining.vhd" into library xil_defaultlib
INFO: [VRFC 10-3107] analyzing entity 'top_level_encryption_decryption_chaining'
INFO: [USF-XSim-69] 'compile' step finished in '3' seconds
INFO: [USF-XSim-3] XSim::Elaborate design
INFO: [USF-XSim-61] Executing 'ELABORATE' step in 'C:/Users/vaill/OneDrive/Bureau/VLSI/projet/projet_vlsi-main/SerpentDecryption/SerpentDecryption.sim/sim_1/behav/xsim'
Vivado Simulator 2018.3
Copyright 1986-1999, 2001-2018 Xilinx, Inc. All Rights Reserved.
Running: C:/Xilinx/Vivado/2018.3/bin/unwrapped/win64.o/xelab.exe -wto 8be40261bb0347d7bc43b2b83e28d2c8 --incr --debug typical --relax --mt 2 -L transforms -L inv_sbox -L sboxes -L keyschedule -L xil_defaultlib -L secureip --snapshot top_level_encryption_decryption_chaining_behav xil_defaultlib.top_level_encryption_decryption_chaining -log elaborate.log 
Using 2 slave threads.
Starting static elaboration
Completed static elaboration
Starting simulation data flow analysis
Completed simulation data flow analysis
Time Resolution for simulation is 1ps
Compiling package std.standard
Compiling package std.textio
Compiling package ieee.std_logic_1164
Compiling package ieee.std_logic_arith
Compiling package ieee.std_logic_unsigned
Compiling package ieee.numeric_std
Compiling architecture behavioral of entity keyschedule.key_padding [key_padding_default]
Compiling architecture behavioral of entity sboxes.s_box_0 [s_box_0_default]
Compiling architecture behavioral of entity sboxes.parallel_s_box_0 [parallel_s_box_0_default]
Compiling architecture behavioral of entity sboxes.top_para_sbox_0 [top_para_sbox_0_default]
Compiling architecture behavioral of entity sboxes.s_box_1 [s_box_1_default]
Compiling architecture behavioral of entity sboxes.parallel_s_box_1 [parallel_s_box_1_default]
Compiling architecture behavioral of entity sboxes.top_para_sbox_1 [top_para_sbox_1_default]
Compiling architecture behavioral of entity sboxes.s_box_2 [s_box_2_default]
Compiling architecture behavioral of entity sboxes.parallel_s_box_2 [parallel_s_box_2_default]
Compiling architecture behavioral of entity sboxes.top_para_sbox_2 [top_para_sbox_2_default]
Compiling architecture behavioral of entity sboxes.s_box_3 [s_box_3_default]
Compiling architecture behavioral of entity sboxes.parallel_s_box_3 [parallel_s_box_3_default]
Compiling architecture behavioral of entity sboxes.top_para_sbox_3 [top_para_sbox_3_default]
Compiling architecture behavioral of entity sboxes.s_box_4 [s_box_4_default]
Compiling architecture behavioral of entity sboxes.parallel_s_box_4 [parallel_s_box_4_default]
Compiling architecture behavioral of entity sboxes.top_para_sbox_4 [top_para_sbox_4_default]
Compiling architecture behavioral of entity sboxes.s_box_5 [s_box_5_default]
Compiling architecture behavioral of entity sboxes.parallel_s_box_5 [parallel_s_box_5_default]
Compiling architecture behavioral of entity sboxes.top_para_sbox_5 [top_para_sbox_5_default]
Compiling architecture behavioral of entity sboxes.s_box_6 [s_box_6_default]
Compiling architecture behavioral of entity sboxes.parallel_s_box_6 [parallel_s_box_6_default]
Compiling architecture behavioral of entity sboxes.top_para_sbox_6 [top_para_sbox_6_default]
Compiling architecture behavioral of entity sboxes.s_box_7 [s_box_7_default]
Compiling architecture behavioral of entity sboxes.parallel_s_box_7 [parallel_s_box_7_default]
Compiling architecture behavioral of entity sboxes.top_para_sbox_7 [top_para_sbox_7_default]
Compiling architecture behavioral of entity keyschedule.key_expansion [key_expansion_default]
Compiling architecture behavioral of entity transforms.linear_transform [linear_transform_default]
Compiling architecture behavioral of entity xil_defaultlib.serpent_encryption_block [serpent_encryption_block_default]
Compiling architecture behavioral of entity transforms.inv_linear_transform [inv_linear_transform_default]
Compiling architecture behavioral of entity inv_sbox.inv_sbox_7 [inv_sbox_7_default]
Compiling architecture behavioral of entity inv_sbox.inv_parallel_sbox_7 [inv_parallel_sbox_7_default]
Compiling architecture behavioral of entity inv_sbox.inv_sbox_6 [inv_sbox_6_default]
Compiling architecture behavioral of entity inv_sbox.inv_parallel_sbox_6 [inv_parallel_sbox_6_default]
Compiling architecture behavioral of entity inv_sbox.inv_sbox_5 [inv_sbox_5_default]
Compiling architecture behavioral of entity inv_sbox.inv_parallel_sbox_5 [inv_parallel_sbox_5_default]
Compiling architecture behavioral of entity inv_sbox.inv_sbox_4 [inv_sbox_4_default]
Compiling architecture behavioral of entity inv_sbox.inv_parallel_sbox_4 [inv_parallel_sbox_4_default]
Compiling architecture behavioral of entity inv_sbox.inv_sbox_3 [inv_sbox_3_default]
Compiling architecture behavioral of entity inv_sbox.inv_parallel_sbox_3 [inv_parallel_sbox_3_default]
Compiling architecture behavioral of entity inv_sbox.inv_sbox_2 [inv_sbox_2_default]
Compiling architecture behavioral of entity inv_sbox.inv_parallel_sbox_2 [inv_parallel_sbox_2_default]
Compiling architecture behavioral of entity inv_sbox.inv_sbox_1 [inv_sbox_1_default]
Compiling architecture behavioral of entity inv_sbox.inv_parallel_sbox_1 [inv_parallel_sbox_1_default]
Compiling architecture behavioral of entity inv_sbox.inv_sbox_0 [inv_sbox_0_default]
Compiling architecture behavioral of entity inv_sbox.inv_parallel_sbox_0 [inv_parallel_sbox_0_default]
Compiling architecture behavioral of entity xil_defaultlib.serpent_decryption_block [serpent_decryption_block_default]
Compiling architecture behavioral of entity xil_defaultlib.top_level_encryption_decryption_...
Built simulation snapshot top_level_encryption_decryption_chaining_behav

****** Webtalk v2018.3 (64-bit)
  **** SW Build 2405991 on Thu Dec  6 23:38:27 MST 2018
  **** IP Build 2404404 on Fri Dec  7 01:43:56 MST 2018
    ** Copyright 1986-2018 Xilinx, Inc. All Rights Reserved.

source C:/Users/vaill/OneDrive/Bureau/VLSI/projet/projet_vlsi-main/SerpentDecryption/SerpentDecryption.sim/sim_1/behav/xsim/xsim.dir/top_level_encryption_decryption_chaining_behav/webtalk/xsim_webtalk.tcl -notrace
INFO: [Common 17-206] Exiting Webtalk at Wed Dec  1 15:13:51 2021...
run_program: Time (s): cpu = 00:00:01 ; elapsed = 00:00:27 . Memory (MB): peak = 888.617 ; gain = 0.000
INFO: [USF-XSim-69] 'elaborate' step finished in '27' seconds
INFO: [USF-XSim-4] XSim::Simulate design
INFO: [USF-XSim-61] Executing 'SIMULATE' step in 'C:/Users/vaill/OneDrive/Bureau/VLSI/projet/projet_vlsi-main/SerpentDecryption/SerpentDecryption.sim/sim_1/behav/xsim'
INFO: [USF-XSim-98] *** Running xsim
   with args "top_level_encryption_decryption_chaining_behav -key {Behavioral:sim_1:Functional:top_level_encryption_decryption_chaining} -tclbatch {top_level_encryption_decryption_chaining.tcl} -log {simulate.log}"
INFO: [USF-XSim-8] Loading simulator feature
Vivado Simulator 2018.3
Time resolution is 1 ps
source top_level_encryption_decryption_chaining.tcl
# set curr_wave [current_wave_config]
# if { [string length $curr_wave] == 0 } {
#   if { [llength [get_objects]] > 0} {
#     add_wave /
#     set_property needs_save false [current_wave_config]
#   } else {
#      send_msg_id Add_Wave-1 WARNING "No top level signals found. Simulator will start without a wave window. If you want to open a wave window go to 'File->New Waveform Configuration' or type 'create_wave_config' in the TCL console."
#   }
# }
# run 1000ns
INFO: [USF-XSim-96] XSim completed. Design snapshot 'top_level_encryption_decryption_chaining_behav' loaded.
INFO: [USF-XSim-97] XSim simulation ran for 1000ns
launch_simulation: Time (s): cpu = 00:00:09 ; elapsed = 00:00:36 . Memory (MB): peak = 963.078 ; gain = 74.461
add_force {/top_level_encryption_decryption_chaining/i_key} -radix hex {0 0ns}
add_force {/top_level_encryption_decryption_chaining/i_reset} -radix hex {0 0ns}
add_force {/top_level_encryption_decryption_chaining/i_message} -radix hex {2139862347239ab 0ns}
run 10 ns
close_sim
INFO: [Simtcl 6-16] Simulation closed
launch_simulation
INFO: [Vivado 12-5682] Launching behavioral simulation in 'C:/Users/vaill/OneDrive/Bureau/VLSI/projet/projet_vlsi-main/SerpentDecryption/SerpentDecryption.sim/sim_1/behav/xsim'
INFO: [SIM-utils-51] Simulation object is 'sim_1'
INFO: [SIM-utils-54] Inspecting design source files for 'top_level_encryption_decryption_chaining' in fileset 'sim_1'...
INFO: [USF-XSim-97] Finding global include files...
INFO: [USF-XSim-98] Fetching design files from 'sim_1'...
INFO: [USF-XSim-2] XSim::Compile design
INFO: [USF-XSim-61] Executing 'COMPILE and ANALYZE' step in 'C:/Users/vaill/OneDrive/Bureau/VLSI/projet/projet_vlsi-main/SerpentDecryption/SerpentDecryption.sim/sim_1/behav/xsim'
"xvhdl --incr --relax -prj top_level_encryption_decryption_chaining_vhdl.prj"
INFO: [VRFC 10-163] Analyzing VHDL file "C:/Users/vaill/OneDrive/Bureau/VLSI/projet/projet_vlsi-main/SerpentDecryption/SerpentDecryption.srcs/sources_1/imports/new/parallel_s_box_0.vhd" into library sboxes
INFO: [VRFC 10-3107] analyzing entity 'parallel_s_box_0'
INFO: [VRFC 10-163] Analyzing VHDL file "C:/Users/vaill/OneDrive/Bureau/VLSI/projet/projet_vlsi-main/SerpentDecryption/SerpentDecryption.srcs/sources_1/imports/new/parallel_s_box_1.vhd" into library sboxes
INFO: [VRFC 10-3107] analyzing entity 'parallel_s_box_1'
INFO: [VRFC 10-163] Analyzing VHDL file "C:/Users/vaill/OneDrive/Bureau/VLSI/projet/projet_vlsi-main/SerpentDecryption/SerpentDecryption.srcs/sources_1/imports/new/parallel_s_box_4.vhd" into library sboxes
INFO: [VRFC 10-3107] analyzing entity 'parallel_s_box_4'
INFO: [VRFC 10-163] Analyzing VHDL file "C:/Users/vaill/OneDrive/Bureau/VLSI/projet/projet_vlsi-main/SerpentDecryption/SerpentDecryption.srcs/sources_1/imports/new/parallel_s_box_3.vhd" into library sboxes
INFO: [VRFC 10-3107] analyzing entity 'parallel_s_box_3'
INFO: [VRFC 10-163] Analyzing VHDL file "C:/Users/vaill/OneDrive/Bureau/VLSI/projet/projet_vlsi-main/SerpentDecryption/SerpentDecryption.srcs/sources_1/imports/new/parallel_s_box_2.vhd" into library sboxes
INFO: [VRFC 10-3107] analyzing entity 'parallel_s_box_2'
INFO: [VRFC 10-163] Analyzing VHDL file "C:/Users/vaill/OneDrive/Bureau/VLSI/projet/projet_vlsi-main/SerpentDecryption/SerpentDecryption.srcs/sources_1/imports/new/parallel_s_box_5.vhd" into library sboxes
INFO: [VRFC 10-3107] analyzing entity 'parallel_s_box_5'
INFO: [VRFC 10-163] Analyzing VHDL file "C:/Users/vaill/OneDrive/Bureau/VLSI/projet/projet_vlsi-main/SerpentDecryption/SerpentDecryption.srcs/sources_1/imports/new/top_para_sbox_0.vhd" into library sboxes
INFO: [VRFC 10-3107] analyzing entity 'top_para_sbox_0'
INFO: [VRFC 10-163] Analyzing VHDL file "C:/Users/vaill/OneDrive/Bureau/VLSI/projet/projet_vlsi-main/SerpentDecryption/SerpentDecryption.srcs/sources_1/imports/new/parallel_s_box_6.vhd" into library sboxes
INFO: [VRFC 10-3107] analyzing entity 'parallel_s_box_6'
INFO: [VRFC 10-163] Analyzing VHDL file "C:/Users/vaill/OneDrive/Bureau/VLSI/projet/projet_vlsi-main/SerpentDecryption/SerpentDecryption.srcs/sources_1/imports/new/top_para_sbox_1.vhd" into library sboxes
INFO: [VRFC 10-3107] analyzing entity 'top_para_sbox_1'
INFO: [VRFC 10-163] Analyzing VHDL file "C:/Users/vaill/OneDrive/Bureau/VLSI/projet/projet_vlsi-main/SerpentDecryption/SerpentDecryption.srcs/sources_1/imports/new/parallel_s_box_7.vhd" into library sboxes
INFO: [VRFC 10-3107] analyzing entity 'parallel_s_box_7'
INFO: [VRFC 10-163] Analyzing VHDL file "C:/Users/vaill/OneDrive/Bureau/VLSI/projet/projet_vlsi-main/SerpentDecryption/SerpentDecryption.srcs/sources_1/imports/new/top_para_sbox_2.vhd" into library sboxes
INFO: [VRFC 10-3107] analyzing entity 'top_para_sbox_2'
INFO: [VRFC 10-163] Analyzing VHDL file "C:/Users/vaill/OneDrive/Bureau/VLSI/projet/projet_vlsi-main/SerpentDecryption/SerpentDecryption.srcs/sources_1/imports/new/top_para_sbox_3.vhd" into library sboxes
INFO: [VRFC 10-3107] analyzing entity 'top_para_sbox_3'
INFO: [VRFC 10-163] Analyzing VHDL file "C:/Users/vaill/OneDrive/Bureau/VLSI/projet/projet_vlsi-main/SerpentDecryption/SerpentDecryption.srcs/sources_1/imports/new/top_para_sbox_4.vhd" into library sboxes
INFO: [VRFC 10-3107] analyzing entity 'top_para_sbox_4'
INFO: [VRFC 10-163] Analyzing VHDL file "C:/Users/vaill/OneDrive/Bureau/VLSI/projet/projet_vlsi-main/SerpentDecryption/SerpentDecryption.srcs/sources_1/imports/new/top_para_sbox_5.vhd" into library sboxes
INFO: [VRFC 10-3107] analyzing entity 'top_para_sbox_5'
INFO: [VRFC 10-163] Analyzing VHDL file "C:/Users/vaill/OneDrive/Bureau/VLSI/projet/projet_vlsi-main/SerpentDecryption/SerpentDecryption.srcs/sources_1/imports/new/top_para_sbox_6.vhd" into library sboxes
INFO: [VRFC 10-3107] analyzing entity 'top_para_sbox_6'
INFO: [VRFC 10-163] Analyzing VHDL file "C:/Users/vaill/OneDrive/Bureau/VLSI/projet/projet_vlsi-main/SerpentDecryption/SerpentDecryption.srcs/sources_1/imports/new/top_para_sbox_7.vhd" into library sboxes
INFO: [VRFC 10-3107] analyzing entity 'top_para_sbox_7'
INFO: [VRFC 10-163] Analyzing VHDL file "C:/Users/vaill/OneDrive/Bureau/VLSI/projet/projet_vlsi-main/SerpentDecryption/SerpentDecryption.srcs/sources_1/imports/new/key_expansion.vhd" into library keyschedule
INFO: [VRFC 10-3107] analyzing entity 'key_expansion'
INFO: [VRFC 10-163] Analyzing VHDL file "C:/Users/vaill/OneDrive/Bureau/VLSI/projet/projet_vlsi-main/SerpentDecryption/SerpentDecryption.srcs/sources_1/imports/new/serpent_encryption_block.vhd" into library xil_defaultlib
INFO: [VRFC 10-3107] analyzing entity 'serpent_encryption_block'
INFO: [VRFC 10-163] Analyzing VHDL file "C:/Users/vaill/OneDrive/Bureau/VLSI/projet/projet_vlsi-main/SerpentDecryption/SerpentDecryption.srcs/sources_1/new/top_level_encryption_decryption_chaining.vhd" into library xil_defaultlib
INFO: [VRFC 10-3107] analyzing entity 'top_level_encryption_decryption_chaining'
INFO: [USF-XSim-69] 'compile' step finished in '4' seconds
INFO: [USF-XSim-3] XSim::Elaborate design
INFO: [USF-XSim-61] Executing 'ELABORATE' step in 'C:/Users/vaill/OneDrive/Bureau/VLSI/projet/projet_vlsi-main/SerpentDecryption/SerpentDecryption.sim/sim_1/behav/xsim'
Vivado Simulator 2018.3
Copyright 1986-1999, 2001-2018 Xilinx, Inc. All Rights Reserved.
Running: C:/Xilinx/Vivado/2018.3/bin/unwrapped/win64.o/xelab.exe -wto 8be40261bb0347d7bc43b2b83e28d2c8 --incr --debug typical --relax --mt 2 -L transforms -L inv_sbox -L sboxes -L keyschedule -L xil_defaultlib -L secureip --snapshot top_level_encryption_decryption_chaining_behav xil_defaultlib.top_level_encryption_decryption_chaining -log elaborate.log 
Using 2 slave threads.
Starting static elaboration
Completed static elaboration
Starting simulation data flow analysis
Completed simulation data flow analysis
Time Resolution for simulation is 1ps
Compiling package std.standard
Compiling package std.textio
Compiling package ieee.std_logic_1164
Compiling package ieee.std_logic_arith
Compiling package ieee.std_logic_unsigned
Compiling package ieee.numeric_std
Compiling architecture behavioral of entity keyschedule.key_padding [key_padding_default]
Compiling architecture behavioral of entity sboxes.s_box_0 [s_box_0_default]
Compiling architecture behavioral of entity sboxes.parallel_s_box_0 [parallel_s_box_0_default]
Compiling architecture behavioral of entity sboxes.top_para_sbox_0 [top_para_sbox_0_default]
Compiling architecture behavioral of entity sboxes.s_box_1 [s_box_1_default]
Compiling architecture behavioral of entity sboxes.parallel_s_box_1 [parallel_s_box_1_default]
Compiling architecture behavioral of entity sboxes.top_para_sbox_1 [top_para_sbox_1_default]
Compiling architecture behavioral of entity sboxes.s_box_2 [s_box_2_default]
Compiling architecture behavioral of entity sboxes.parallel_s_box_2 [parallel_s_box_2_default]
Compiling architecture behavioral of entity sboxes.top_para_sbox_2 [top_para_sbox_2_default]
Compiling architecture behavioral of entity sboxes.s_box_3 [s_box_3_default]
Compiling architecture behavioral of entity sboxes.parallel_s_box_3 [parallel_s_box_3_default]
Compiling architecture behavioral of entity sboxes.top_para_sbox_3 [top_para_sbox_3_default]
Compiling architecture behavioral of entity sboxes.s_box_4 [s_box_4_default]
Compiling architecture behavioral of entity sboxes.parallel_s_box_4 [parallel_s_box_4_default]
Compiling architecture behavioral of entity sboxes.top_para_sbox_4 [top_para_sbox_4_default]
Compiling architecture behavioral of entity sboxes.s_box_5 [s_box_5_default]
Compiling architecture behavioral of entity sboxes.parallel_s_box_5 [parallel_s_box_5_default]
Compiling architecture behavioral of entity sboxes.top_para_sbox_5 [top_para_sbox_5_default]
Compiling architecture behavioral of entity sboxes.s_box_6 [s_box_6_default]
Compiling architecture behavioral of entity sboxes.parallel_s_box_6 [parallel_s_box_6_default]
Compiling architecture behavioral of entity sboxes.top_para_sbox_6 [top_para_sbox_6_default]
Compiling architecture behavioral of entity sboxes.s_box_7 [s_box_7_default]
Compiling architecture behavioral of entity sboxes.parallel_s_box_7 [parallel_s_box_7_default]
Compiling architecture behavioral of entity sboxes.top_para_sbox_7 [top_para_sbox_7_default]
Compiling architecture behavioral of entity keyschedule.key_expansion [key_expansion_default]
Compiling architecture behavioral of entity transforms.linear_transform [linear_transform_default]
Compiling architecture behavioral of entity xil_defaultlib.serpent_encryption_block [serpent_encryption_block_default]
Compiling architecture behavioral of entity transforms.inv_linear_transform [inv_linear_transform_default]
Compiling architecture behavioral of entity inv_sbox.inv_sbox_7 [inv_sbox_7_default]
Compiling architecture behavioral of entity inv_sbox.inv_parallel_sbox_7 [inv_parallel_sbox_7_default]
Compiling architecture behavioral of entity inv_sbox.inv_sbox_6 [inv_sbox_6_default]
Compiling architecture behavioral of entity inv_sbox.inv_parallel_sbox_6 [inv_parallel_sbox_6_default]
Compiling architecture behavioral of entity inv_sbox.inv_sbox_5 [inv_sbox_5_default]
Compiling architecture behavioral of entity inv_sbox.inv_parallel_sbox_5 [inv_parallel_sbox_5_default]
Compiling architecture behavioral of entity inv_sbox.inv_sbox_4 [inv_sbox_4_default]
Compiling architecture behavioral of entity inv_sbox.inv_parallel_sbox_4 [inv_parallel_sbox_4_default]
Compiling architecture behavioral of entity inv_sbox.inv_sbox_3 [inv_sbox_3_default]
Compiling architecture behavioral of entity inv_sbox.inv_parallel_sbox_3 [inv_parallel_sbox_3_default]
Compiling architecture behavioral of entity inv_sbox.inv_sbox_2 [inv_sbox_2_default]
Compiling architecture behavioral of entity inv_sbox.inv_parallel_sbox_2 [inv_parallel_sbox_2_default]
Compiling architecture behavioral of entity inv_sbox.inv_sbox_1 [inv_sbox_1_default]
Compiling architecture behavioral of entity inv_sbox.inv_parallel_sbox_1 [inv_parallel_sbox_1_default]
Compiling architecture behavioral of entity inv_sbox.inv_sbox_0 [inv_sbox_0_default]
Compiling architecture behavioral of entity inv_sbox.inv_parallel_sbox_0 [inv_parallel_sbox_0_default]
Compiling architecture behavioral of entity xil_defaultlib.serpent_decryption_block [serpent_decryption_block_default]
Compiling architecture behavioral of entity xil_defaultlib.top_level_encryption_decryption_...
Built simulation snapshot top_level_encryption_decryption_chaining_behav
run_program: Time (s): cpu = 00:00:01 ; elapsed = 00:00:19 . Memory (MB): peak = 985.031 ; gain = 0.000
INFO: [USF-XSim-69] 'elaborate' step finished in '19' seconds
INFO: [USF-XSim-4] XSim::Simulate design
INFO: [USF-XSim-61] Executing 'SIMULATE' step in 'C:/Users/vaill/OneDrive/Bureau/VLSI/projet/projet_vlsi-main/SerpentDecryption/SerpentDecryption.sim/sim_1/behav/xsim'
INFO: [USF-XSim-98] *** Running xsim
   with args "top_level_encryption_decryption_chaining_behav -key {Behavioral:sim_1:Functional:top_level_encryption_decryption_chaining} -tclbatch {top_level_encryption_decryption_chaining.tcl} -log {simulate.log}"
INFO: [USF-XSim-8] Loading simulator feature
Vivado Simulator 2018.3
Time resolution is 1 ps
source top_level_encryption_decryption_chaining.tcl
# set curr_wave [current_wave_config]
# if { [string length $curr_wave] == 0 } {
#   if { [llength [get_objects]] > 0} {
#     add_wave /
#     set_property needs_save false [current_wave_config]
#   } else {
#      send_msg_id Add_Wave-1 WARNING "No top level signals found. Simulator will start without a wave window. If you want to open a wave window go to 'File->New Waveform Configuration' or type 'create_wave_config' in the TCL console."
#   }
# }
# run 1000ns
INFO: [USF-XSim-96] XSim completed. Design snapshot 'top_level_encryption_decryption_chaining_behav' loaded.
INFO: [USF-XSim-97] XSim simulation ran for 1000ns
launch_simulation: Time (s): cpu = 00:00:04 ; elapsed = 00:00:26 . Memory (MB): peak = 985.031 ; gain = 0.000
add_force {/top_level_encryption_decryption_chaining/key_index} -radix hex {0 0ns}
add_force {/top_level_encryption_decryption_chaining/inv_key_index} -radix hex {0 0ns}
add_force {/top_level_encryption_decryption_chaining/i_key} -radix hex {0000 0ns}
add_force {/top_level_encryption_decryption_chaining/i_message} -radix hex {1233453adc 0ns}
add_force {/top_level_encryption_decryption_chaining/i_reset} -radix hex {1 0ns}
run 10 ns
add_force {/top_level_encryption_decryption_chaining/i_reset} -radix hex {0 0ns}
run 10 ns
run 10 ns
close_sim
INFO: [Simtcl 6-16] Simulation closed
launch_simulation
INFO: [Vivado 12-5682] Launching behavioral simulation in 'C:/Users/vaill/OneDrive/Bureau/VLSI/projet/projet_vlsi-main/SerpentDecryption/SerpentDecryption.sim/sim_1/behav/xsim'
INFO: [SIM-utils-51] Simulation object is 'sim_1'
INFO: [SIM-utils-54] Inspecting design source files for 'top_level_encryption_decryption_chaining' in fileset 'sim_1'...
INFO: [USF-XSim-97] Finding global include files...
INFO: [USF-XSim-98] Fetching design files from 'sim_1'...
INFO: [USF-XSim-2] XSim::Compile design
INFO: [USF-XSim-61] Executing 'COMPILE and ANALYZE' step in 'C:/Users/vaill/OneDrive/Bureau/VLSI/projet/projet_vlsi-main/SerpentDecryption/SerpentDecryption.sim/sim_1/behav/xsim'
"xvhdl --incr --relax -prj top_level_encryption_decryption_chaining_vhdl.prj"
INFO: [VRFC 10-163] Analyzing VHDL file "C:/Users/vaill/OneDrive/Bureau/VLSI/projet/projet_vlsi-main/SerpentDecryption/SerpentDecryption.srcs/sources_1/imports/new/top_para_sbox_0.vhd" into library sboxes
INFO: [VRFC 10-3107] analyzing entity 'top_para_sbox_0'
INFO: [VRFC 10-163] Analyzing VHDL file "C:/Users/vaill/OneDrive/Bureau/VLSI/projet/projet_vlsi-main/SerpentDecryption/SerpentDecryption.srcs/sources_1/imports/new/top_para_sbox_1.vhd" into library sboxes
INFO: [VRFC 10-3107] analyzing entity 'top_para_sbox_1'
INFO: [VRFC 10-163] Analyzing VHDL file "C:/Users/vaill/OneDrive/Bureau/VLSI/projet/projet_vlsi-main/SerpentDecryption/SerpentDecryption.srcs/sources_1/imports/new/top_para_sbox_2.vhd" into library sboxes
INFO: [VRFC 10-3107] analyzing entity 'top_para_sbox_2'
INFO: [VRFC 10-163] Analyzing VHDL file "C:/Users/vaill/OneDrive/Bureau/VLSI/projet/projet_vlsi-main/SerpentDecryption/SerpentDecryption.srcs/sources_1/imports/new/top_para_sbox_3.vhd" into library sboxes
INFO: [VRFC 10-3107] analyzing entity 'top_para_sbox_3'
INFO: [VRFC 10-163] Analyzing VHDL file "C:/Users/vaill/OneDrive/Bureau/VLSI/projet/projet_vlsi-main/SerpentDecryption/SerpentDecryption.srcs/sources_1/imports/new/top_para_sbox_4.vhd" into library sboxes
INFO: [VRFC 10-3107] analyzing entity 'top_para_sbox_4'
INFO: [VRFC 10-163] Analyzing VHDL file "C:/Users/vaill/OneDrive/Bureau/VLSI/projet/projet_vlsi-main/SerpentDecryption/SerpentDecryption.srcs/sources_1/imports/new/top_para_sbox_5.vhd" into library sboxes
INFO: [VRFC 10-3107] analyzing entity 'top_para_sbox_5'
INFO: [VRFC 10-163] Analyzing VHDL file "C:/Users/vaill/OneDrive/Bureau/VLSI/projet/projet_vlsi-main/SerpentDecryption/SerpentDecryption.srcs/sources_1/imports/new/top_para_sbox_6.vhd" into library sboxes
INFO: [VRFC 10-3107] analyzing entity 'top_para_sbox_6'
INFO: [VRFC 10-163] Analyzing VHDL file "C:/Users/vaill/OneDrive/Bureau/VLSI/projet/projet_vlsi-main/SerpentDecryption/SerpentDecryption.srcs/sources_1/imports/new/top_para_sbox_7.vhd" into library sboxes
INFO: [VRFC 10-3107] analyzing entity 'top_para_sbox_7'
INFO: [VRFC 10-163] Analyzing VHDL file "C:/Users/vaill/OneDrive/Bureau/VLSI/projet/projet_vlsi-main/SerpentDecryption/SerpentDecryption.srcs/sources_1/imports/new/key_expansion.vhd" into library keyschedule
INFO: [VRFC 10-3107] analyzing entity 'key_expansion'
INFO: [VRFC 10-163] Analyzing VHDL file "C:/Users/vaill/OneDrive/Bureau/VLSI/projet/projet_vlsi-main/SerpentDecryption/SerpentDecryption.srcs/sources_1/imports/new/serpent_encryption_block.vhd" into library xil_defaultlib
INFO: [VRFC 10-3107] analyzing entity 'serpent_encryption_block'
INFO: [VRFC 10-163] Analyzing VHDL file "C:/Users/vaill/OneDrive/Bureau/VLSI/projet/projet_vlsi-main/SerpentDecryption/SerpentDecryption.srcs/sources_1/new/top_level_encryption_decryption_chaining.vhd" into library xil_defaultlib
INFO: [VRFC 10-3107] analyzing entity 'top_level_encryption_decryption_chaining'
INFO: [USF-XSim-69] 'compile' step finished in '2' seconds
INFO: [USF-XSim-3] XSim::Elaborate design
INFO: [USF-XSim-61] Executing 'ELABORATE' step in 'C:/Users/vaill/OneDrive/Bureau/VLSI/projet/projet_vlsi-main/SerpentDecryption/SerpentDecryption.sim/sim_1/behav/xsim'
Vivado Simulator 2018.3
Copyright 1986-1999, 2001-2018 Xilinx, Inc. All Rights Reserved.
Running: C:/Xilinx/Vivado/2018.3/bin/unwrapped/win64.o/xelab.exe -wto 8be40261bb0347d7bc43b2b83e28d2c8 --incr --debug typical --relax --mt 2 -L transforms -L inv_sbox -L sboxes -L keyschedule -L xil_defaultlib -L secureip --snapshot top_level_encryption_decryption_chaining_behav xil_defaultlib.top_level_encryption_decryption_chaining -log elaborate.log 
Using 2 slave threads.
Starting static elaboration
Completed static elaboration
Starting simulation data flow analysis
Completed simulation data flow analysis
Time Resolution for simulation is 1ps
Compiling package std.standard
Compiling package std.textio
Compiling package ieee.std_logic_1164
Compiling package ieee.std_logic_arith
Compiling package ieee.std_logic_unsigned
Compiling package ieee.numeric_std
Compiling architecture behavioral of entity keyschedule.key_padding [key_padding_default]
Compiling architecture behavioral of entity sboxes.s_box_0 [s_box_0_default]
Compiling architecture behavioral of entity sboxes.parallel_s_box_0 [parallel_s_box_0_default]
Compiling architecture behavioral of entity sboxes.top_para_sbox_0 [top_para_sbox_0_default]
Compiling architecture behavioral of entity sboxes.s_box_1 [s_box_1_default]
Compiling architecture behavioral of entity sboxes.parallel_s_box_1 [parallel_s_box_1_default]
Compiling architecture behavioral of entity sboxes.top_para_sbox_1 [top_para_sbox_1_default]
Compiling architecture behavioral of entity sboxes.s_box_2 [s_box_2_default]
Compiling architecture behavioral of entity sboxes.parallel_s_box_2 [parallel_s_box_2_default]
Compiling architecture behavioral of entity sboxes.top_para_sbox_2 [top_para_sbox_2_default]
Compiling architecture behavioral of entity sboxes.s_box_3 [s_box_3_default]
Compiling architecture behavioral of entity sboxes.parallel_s_box_3 [parallel_s_box_3_default]
Compiling architecture behavioral of entity sboxes.top_para_sbox_3 [top_para_sbox_3_default]
Compiling architecture behavioral of entity sboxes.s_box_4 [s_box_4_default]
Compiling architecture behavioral of entity sboxes.parallel_s_box_4 [parallel_s_box_4_default]
Compiling architecture behavioral of entity sboxes.top_para_sbox_4 [top_para_sbox_4_default]
Compiling architecture behavioral of entity sboxes.s_box_5 [s_box_5_default]
Compiling architecture behavioral of entity sboxes.parallel_s_box_5 [parallel_s_box_5_default]
Compiling architecture behavioral of entity sboxes.top_para_sbox_5 [top_para_sbox_5_default]
Compiling architecture behavioral of entity sboxes.s_box_6 [s_box_6_default]
Compiling architecture behavioral of entity sboxes.parallel_s_box_6 [parallel_s_box_6_default]
Compiling architecture behavioral of entity sboxes.top_para_sbox_6 [top_para_sbox_6_default]
Compiling architecture behavioral of entity sboxes.s_box_7 [s_box_7_default]
Compiling architecture behavioral of entity sboxes.parallel_s_box_7 [parallel_s_box_7_default]
Compiling architecture behavioral of entity sboxes.top_para_sbox_7 [top_para_sbox_7_default]
Compiling architecture behavioral of entity keyschedule.key_expansion [key_expansion_default]
Compiling architecture behavioral of entity transforms.linear_transform [linear_transform_default]
Compiling architecture behavioral of entity xil_defaultlib.serpent_encryption_block [serpent_encryption_block_default]
Compiling architecture behavioral of entity transforms.inv_linear_transform [inv_linear_transform_default]
Compiling architecture behavioral of entity inv_sbox.inv_sbox_7 [inv_sbox_7_default]
Compiling architecture behavioral of entity inv_sbox.inv_parallel_sbox_7 [inv_parallel_sbox_7_default]
Compiling architecture behavioral of entity inv_sbox.inv_sbox_6 [inv_sbox_6_default]
Compiling architecture behavioral of entity inv_sbox.inv_parallel_sbox_6 [inv_parallel_sbox_6_default]
Compiling architecture behavioral of entity inv_sbox.inv_sbox_5 [inv_sbox_5_default]
Compiling architecture behavioral of entity inv_sbox.inv_parallel_sbox_5 [inv_parallel_sbox_5_default]
Compiling architecture behavioral of entity inv_sbox.inv_sbox_4 [inv_sbox_4_default]
Compiling architecture behavioral of entity inv_sbox.inv_parallel_sbox_4 [inv_parallel_sbox_4_default]
Compiling architecture behavioral of entity inv_sbox.inv_sbox_3 [inv_sbox_3_default]
Compiling architecture behavioral of entity inv_sbox.inv_parallel_sbox_3 [inv_parallel_sbox_3_default]
Compiling architecture behavioral of entity inv_sbox.inv_sbox_2 [inv_sbox_2_default]
Compiling architecture behavioral of entity inv_sbox.inv_parallel_sbox_2 [inv_parallel_sbox_2_default]
Compiling architecture behavioral of entity inv_sbox.inv_sbox_1 [inv_sbox_1_default]
Compiling architecture behavioral of entity inv_sbox.inv_parallel_sbox_1 [inv_parallel_sbox_1_default]
Compiling architecture behavioral of entity inv_sbox.inv_sbox_0 [inv_sbox_0_default]
Compiling architecture behavioral of entity inv_sbox.inv_parallel_sbox_0 [inv_parallel_sbox_0_default]
Compiling architecture behavioral of entity xil_defaultlib.serpent_decryption_block [serpent_decryption_block_default]
Compiling architecture behavioral of entity xil_defaultlib.top_level_encryption_decryption_...
Built simulation snapshot top_level_encryption_decryption_chaining_behav
run_program: Time (s): cpu = 00:00:01 ; elapsed = 00:00:17 . Memory (MB): peak = 985.031 ; gain = 0.000
INFO: [USF-XSim-69] 'elaborate' step finished in '17' seconds
INFO: [USF-XSim-4] XSim::Simulate design
INFO: [USF-XSim-61] Executing 'SIMULATE' step in 'C:/Users/vaill/OneDrive/Bureau/VLSI/projet/projet_vlsi-main/SerpentDecryption/SerpentDecryption.sim/sim_1/behav/xsim'
INFO: [USF-XSim-98] *** Running xsim
   with args "top_level_encryption_decryption_chaining_behav -key {Behavioral:sim_1:Functional:top_level_encryption_decryption_chaining} -tclbatch {top_level_encryption_decryption_chaining.tcl} -log {simulate.log}"
INFO: [USF-XSim-8] Loading simulator feature
Vivado Simulator 2018.3
Time resolution is 1 ps
source top_level_encryption_decryption_chaining.tcl
# set curr_wave [current_wave_config]
# if { [string length $curr_wave] == 0 } {
#   if { [llength [get_objects]] > 0} {
#     add_wave /
#     set_property needs_save false [current_wave_config]
#   } else {
#      send_msg_id Add_Wave-1 WARNING "No top level signals found. Simulator will start without a wave window. If you want to open a wave window go to 'File->New Waveform Configuration' or type 'create_wave_config' in the TCL console."
#   }
# }
# run 1000ns
INFO: [USF-XSim-96] XSim completed. Design snapshot 'top_level_encryption_decryption_chaining_behav' loaded.
INFO: [USF-XSim-97] XSim simulation ran for 1000ns
launch_simulation: Time (s): cpu = 00:00:04 ; elapsed = 00:00:22 . Memory (MB): peak = 985.031 ; gain = 0.000
add_force {/top_level_encryption_decryption_chaining/i_key} -radix hex {000 0ns}
add_force {/top_level_encryption_decryption_chaining/i_message} -radix hex {239846287ad 0ns}
add_force {/top_level_encryption_decryption_chaining/i_reset} -radix hex {1 0ns}
run 10 ns
add_force {/top_level_encryption_decryption_chaining/i_reset} -radix hex {0 0ns}
run 10 ns
run 10 ns
add_force {/top_level_encryption_decryption_chaining/i_px_clk} -radix hex {1 0ns} {0 500ps} -repeat_every 1000ps
run 10 ns
run 10 ns
run 10 ns
add_force {/top_level_encryption_decryption_chaining/i_reset} -radix hex {1 0ns}
run 10 ns
add_force {/top_level_encryption_decryption_chaining/i_reset} -radix hex {0 0ns}
run 1 ns
run 1 ns
run 1 ns
run 1 ns
run 1 ns
close_sim
INFO: [Simtcl 6-16] Simulation closed
update_compile_order -fileset sources_1
launch_simulation
INFO: [Vivado 12-5682] Launching behavioral simulation in 'C:/Users/vaill/OneDrive/Bureau/VLSI/projet/projet_vlsi-main/SerpentDecryption/SerpentDecryption.sim/sim_1/behav/xsim'
INFO: [SIM-utils-51] Simulation object is 'sim_1'
INFO: [SIM-utils-54] Inspecting design source files for 'top_level_encryption_decryption_chaining' in fileset 'sim_1'...
INFO: [USF-XSim-97] Finding global include files...
INFO: [USF-XSim-98] Fetching design files from 'sim_1'...
INFO: [USF-XSim-2] XSim::Compile design
INFO: [USF-XSim-61] Executing 'COMPILE and ANALYZE' step in 'C:/Users/vaill/OneDrive/Bureau/VLSI/projet/projet_vlsi-main/SerpentDecryption/SerpentDecryption.sim/sim_1/behav/xsim'
"xvhdl --incr --relax -prj top_level_encryption_decryption_chaining_vhdl.prj"
INFO: [VRFC 10-163] Analyzing VHDL file "C:/Users/vaill/OneDrive/Bureau/VLSI/projet/projet_vlsi-main/SerpentDecryption/SerpentDecryption.srcs/sources_1/new/top_level_encryption_decryption_chaining.vhd" into library xil_defaultlib
INFO: [VRFC 10-3107] analyzing entity 'top_level_encryption_decryption_chaining'
INFO: [USF-XSim-69] 'compile' step finished in '1' seconds
INFO: [USF-XSim-3] XSim::Elaborate design
INFO: [USF-XSim-61] Executing 'ELABORATE' step in 'C:/Users/vaill/OneDrive/Bureau/VLSI/projet/projet_vlsi-main/SerpentDecryption/SerpentDecryption.sim/sim_1/behav/xsim'
Vivado Simulator 2018.3
Copyright 1986-1999, 2001-2018 Xilinx, Inc. All Rights Reserved.
Running: C:/Xilinx/Vivado/2018.3/bin/unwrapped/win64.o/xelab.exe -wto 8be40261bb0347d7bc43b2b83e28d2c8 --incr --debug typical --relax --mt 2 -L transforms -L inv_sbox -L sboxes -L keyschedule -L xil_defaultlib -L secureip --snapshot top_level_encryption_decryption_chaining_behav xil_defaultlib.top_level_encryption_decryption_chaining -log elaborate.log 
Using 2 slave threads.
Starting static elaboration
Completed static elaboration
Starting simulation data flow analysis
Completed simulation data flow analysis
Time Resolution for simulation is 1ps
Compiling package std.standard
Compiling package std.textio
Compiling package ieee.std_logic_1164
Compiling package ieee.std_logic_arith
Compiling package ieee.std_logic_unsigned
Compiling package ieee.numeric_std
Compiling architecture behavioral of entity keyschedule.key_padding [key_padding_default]
Compiling architecture behavioral of entity sboxes.s_box_0 [s_box_0_default]
Compiling architecture behavioral of entity sboxes.parallel_s_box_0 [parallel_s_box_0_default]
Compiling architecture behavioral of entity sboxes.top_para_sbox_0 [top_para_sbox_0_default]
Compiling architecture behavioral of entity sboxes.s_box_1 [s_box_1_default]
Compiling architecture behavioral of entity sboxes.parallel_s_box_1 [parallel_s_box_1_default]
Compiling architecture behavioral of entity sboxes.top_para_sbox_1 [top_para_sbox_1_default]
Compiling architecture behavioral of entity sboxes.s_box_2 [s_box_2_default]
Compiling architecture behavioral of entity sboxes.parallel_s_box_2 [parallel_s_box_2_default]
Compiling architecture behavioral of entity sboxes.top_para_sbox_2 [top_para_sbox_2_default]
Compiling architecture behavioral of entity sboxes.s_box_3 [s_box_3_default]
Compiling architecture behavioral of entity sboxes.parallel_s_box_3 [parallel_s_box_3_default]
Compiling architecture behavioral of entity sboxes.top_para_sbox_3 [top_para_sbox_3_default]
Compiling architecture behavioral of entity sboxes.s_box_4 [s_box_4_default]
Compiling architecture behavioral of entity sboxes.parallel_s_box_4 [parallel_s_box_4_default]
Compiling architecture behavioral of entity sboxes.top_para_sbox_4 [top_para_sbox_4_default]
Compiling architecture behavioral of entity sboxes.s_box_5 [s_box_5_default]
Compiling architecture behavioral of entity sboxes.parallel_s_box_5 [parallel_s_box_5_default]
Compiling architecture behavioral of entity sboxes.top_para_sbox_5 [top_para_sbox_5_default]
Compiling architecture behavioral of entity sboxes.s_box_6 [s_box_6_default]
Compiling architecture behavioral of entity sboxes.parallel_s_box_6 [parallel_s_box_6_default]
Compiling architecture behavioral of entity sboxes.top_para_sbox_6 [top_para_sbox_6_default]
Compiling architecture behavioral of entity sboxes.s_box_7 [s_box_7_default]
Compiling architecture behavioral of entity sboxes.parallel_s_box_7 [parallel_s_box_7_default]
Compiling architecture behavioral of entity sboxes.top_para_sbox_7 [top_para_sbox_7_default]
Compiling architecture behavioral of entity keyschedule.key_expansion [key_expansion_default]
Compiling architecture behavioral of entity transforms.inv_linear_transform [inv_linear_transform_default]
Compiling architecture behavioral of entity inv_sbox.inv_sbox_7 [inv_sbox_7_default]
Compiling architecture behavioral of entity inv_sbox.inv_parallel_sbox_7 [inv_parallel_sbox_7_default]
Compiling architecture behavioral of entity inv_sbox.inv_sbox_6 [inv_sbox_6_default]
Compiling architecture behavioral of entity inv_sbox.inv_parallel_sbox_6 [inv_parallel_sbox_6_default]
Compiling architecture behavioral of entity inv_sbox.inv_sbox_5 [inv_sbox_5_default]
Compiling architecture behavioral of entity inv_sbox.inv_parallel_sbox_5 [inv_parallel_sbox_5_default]
Compiling architecture behavioral of entity inv_sbox.inv_sbox_4 [inv_sbox_4_default]
Compiling architecture behavioral of entity inv_sbox.inv_parallel_sbox_4 [inv_parallel_sbox_4_default]
Compiling architecture behavioral of entity inv_sbox.inv_sbox_3 [inv_sbox_3_default]
Compiling architecture behavioral of entity inv_sbox.inv_parallel_sbox_3 [inv_parallel_sbox_3_default]
Compiling architecture behavioral of entity inv_sbox.inv_sbox_2 [inv_sbox_2_default]
Compiling architecture behavioral of entity inv_sbox.inv_parallel_sbox_2 [inv_parallel_sbox_2_default]
Compiling architecture behavioral of entity inv_sbox.inv_sbox_1 [inv_sbox_1_default]
Compiling architecture behavioral of entity inv_sbox.inv_parallel_sbox_1 [inv_parallel_sbox_1_default]
Compiling architecture behavioral of entity inv_sbox.inv_sbox_0 [inv_sbox_0_default]
Compiling architecture behavioral of entity inv_sbox.inv_parallel_sbox_0 [inv_parallel_sbox_0_default]
Compiling architecture behavioral of entity xil_defaultlib.serpent_decryption_block [serpent_decryption_block_default]
Compiling architecture behavioral of entity xil_defaultlib.top_level_encryption_decryption_...
Built simulation snapshot top_level_encryption_decryption_chaining_behav
run_program: Time (s): cpu = 00:00:00 ; elapsed = 00:00:15 . Memory (MB): peak = 1011.973 ; gain = 0.000
INFO: [USF-XSim-69] 'elaborate' step finished in '15' seconds
INFO: [USF-XSim-4] XSim::Simulate design
INFO: [USF-XSim-61] Executing 'SIMULATE' step in 'C:/Users/vaill/OneDrive/Bureau/VLSI/projet/projet_vlsi-main/SerpentDecryption/SerpentDecryption.sim/sim_1/behav/xsim'
INFO: [USF-XSim-98] *** Running xsim
   with args "top_level_encryption_decryption_chaining_behav -key {Behavioral:sim_1:Functional:top_level_encryption_decryption_chaining} -tclbatch {top_level_encryption_decryption_chaining.tcl} -log {simulate.log}"
INFO: [USF-XSim-8] Loading simulator feature
Vivado Simulator 2018.3
Time resolution is 1 ps
source top_level_encryption_decryption_chaining.tcl
# set curr_wave [current_wave_config]
# if { [string length $curr_wave] == 0 } {
#   if { [llength [get_objects]] > 0} {
#     add_wave /
#     set_property needs_save false [current_wave_config]
#   } else {
#      send_msg_id Add_Wave-1 WARNING "No top level signals found. Simulator will start without a wave window. If you want to open a wave window go to 'File->New Waveform Configuration' or type 'create_wave_config' in the TCL console."
#   }
# }
# run 1000ns
INFO: [USF-XSim-96] XSim completed. Design snapshot 'top_level_encryption_decryption_chaining_behav' loaded.
INFO: [USF-XSim-97] XSim simulation ran for 1000ns
launch_simulation: Time (s): cpu = 00:00:03 ; elapsed = 00:00:19 . Memory (MB): peak = 1011.973 ; gain = 0.000
add_force {/top_level_encryption_decryption_chaining/i_key} -radix hex {000 0ns}
force17
add_force {/top_level_encryption_decryption_chaining/i_message} -radix hex {239846287ad 0ns}
force18
add_force {/top_level_encryption_decryption_chaining/i_reset} -radix hex {1 0ns}
force19
run 1 ns
add_force {/top_level_encryption_decryption_chaining/i_px_clk} -radix hex {1 0ns} {0 500ps} -repeat_every 1000ps
run 1 ns
run 1 ns
run 1 ns
add_force {/top_level_encryption_decryption_chaining/inv_key_index} -radix hex {3 0ns}
run 1 ns
run 1 ns
run 1 ns
add_force {/top_level_encryption_decryption_chaining/inv_key_index} -radix hex {0 0ns}
run 1 ns
add_force {/top_level_encryption_decryption_chaining/i_reset} -radix hex {0 0ns}
run 1 ns
run 1 ns
run 1 ns
close_sim
INFO: [Simtcl 6-16] Simulation closed
launch_simulation
INFO: [Vivado 12-5682] Launching behavioral simulation in 'C:/Users/vaill/OneDrive/Bureau/VLSI/projet/projet_vlsi-main/SerpentDecryption/SerpentDecryption.sim/sim_1/behav/xsim'
INFO: [SIM-utils-51] Simulation object is 'sim_1'
INFO: [SIM-utils-54] Inspecting design source files for 'top_level_encryption_decryption_chaining' in fileset 'sim_1'...
INFO: [USF-XSim-97] Finding global include files...
INFO: [USF-XSim-98] Fetching design files from 'sim_1'...
INFO: [USF-XSim-2] XSim::Compile design
INFO: [USF-XSim-61] Executing 'COMPILE and ANALYZE' step in 'C:/Users/vaill/OneDrive/Bureau/VLSI/projet/projet_vlsi-main/SerpentDecryption/SerpentDecryption.sim/sim_1/behav/xsim'
"xvhdl --incr --relax -prj top_level_encryption_decryption_chaining_vhdl.prj"
INFO: [VRFC 10-163] Analyzing VHDL file "C:/Users/vaill/OneDrive/Bureau/VLSI/projet/projet_vlsi-main/SerpentDecryption/SerpentDecryption.srcs/sources_1/new/serpent_decryption_block.vhd" into library xil_defaultlib
INFO: [VRFC 10-3107] analyzing entity 'serpent_decryption_block'
INFO: [USF-XSim-69] 'compile' step finished in '2' seconds
INFO: [USF-XSim-3] XSim::Elaborate design
INFO: [USF-XSim-61] Executing 'ELABORATE' step in 'C:/Users/vaill/OneDrive/Bureau/VLSI/projet/projet_vlsi-main/SerpentDecryption/SerpentDecryption.sim/sim_1/behav/xsim'
Vivado Simulator 2018.3
Copyright 1986-1999, 2001-2018 Xilinx, Inc. All Rights Reserved.
Running: C:/Xilinx/Vivado/2018.3/bin/unwrapped/win64.o/xelab.exe -wto 8be40261bb0347d7bc43b2b83e28d2c8 --incr --debug typical --relax --mt 2 -L transforms -L inv_sbox -L sboxes -L keyschedule -L xil_defaultlib -L secureip --snapshot top_level_encryption_decryption_chaining_behav xil_defaultlib.top_level_encryption_decryption_chaining -log elaborate.log 
Using 2 slave threads.
Starting static elaboration
Completed static elaboration
Starting simulation data flow analysis
Completed simulation data flow analysis
Time Resolution for simulation is 1ps
Compiling package std.standard
Compiling package std.textio
Compiling package ieee.std_logic_1164
Compiling package ieee.std_logic_arith
Compiling package ieee.std_logic_unsigned
Compiling package ieee.numeric_std
Compiling architecture behavioral of entity keyschedule.key_padding [key_padding_default]
Compiling architecture behavioral of entity sboxes.s_box_0 [s_box_0_default]
Compiling architecture behavioral of entity sboxes.parallel_s_box_0 [parallel_s_box_0_default]
Compiling architecture behavioral of entity sboxes.top_para_sbox_0 [top_para_sbox_0_default]
Compiling architecture behavioral of entity sboxes.s_box_1 [s_box_1_default]
Compiling architecture behavioral of entity sboxes.parallel_s_box_1 [parallel_s_box_1_default]
Compiling architecture behavioral of entity sboxes.top_para_sbox_1 [top_para_sbox_1_default]
Compiling architecture behavioral of entity sboxes.s_box_2 [s_box_2_default]
Compiling architecture behavioral of entity sboxes.parallel_s_box_2 [parallel_s_box_2_default]
Compiling architecture behavioral of entity sboxes.top_para_sbox_2 [top_para_sbox_2_default]
Compiling architecture behavioral of entity sboxes.s_box_3 [s_box_3_default]
Compiling architecture behavioral of entity sboxes.parallel_s_box_3 [parallel_s_box_3_default]
Compiling architecture behavioral of entity sboxes.top_para_sbox_3 [top_para_sbox_3_default]
Compiling architecture behavioral of entity sboxes.s_box_4 [s_box_4_default]
Compiling architecture behavioral of entity sboxes.parallel_s_box_4 [parallel_s_box_4_default]
Compiling architecture behavioral of entity sboxes.top_para_sbox_4 [top_para_sbox_4_default]
Compiling architecture behavioral of entity sboxes.s_box_5 [s_box_5_default]
Compiling architecture behavioral of entity sboxes.parallel_s_box_5 [parallel_s_box_5_default]
Compiling architecture behavioral of entity sboxes.top_para_sbox_5 [top_para_sbox_5_default]
Compiling architecture behavioral of entity sboxes.s_box_6 [s_box_6_default]
Compiling architecture behavioral of entity sboxes.parallel_s_box_6 [parallel_s_box_6_default]
Compiling architecture behavioral of entity sboxes.top_para_sbox_6 [top_para_sbox_6_default]
Compiling architecture behavioral of entity sboxes.s_box_7 [s_box_7_default]
Compiling architecture behavioral of entity sboxes.parallel_s_box_7 [parallel_s_box_7_default]
Compiling architecture behavioral of entity sboxes.top_para_sbox_7 [top_para_sbox_7_default]
Compiling architecture behavioral of entity keyschedule.key_expansion [key_expansion_default]
Compiling architecture behavioral of entity transforms.inv_linear_transform [inv_linear_transform_default]
Compiling architecture behavioral of entity inv_sbox.inv_sbox_7 [inv_sbox_7_default]
Compiling architecture behavioral of entity inv_sbox.inv_parallel_sbox_7 [inv_parallel_sbox_7_default]
Compiling architecture behavioral of entity inv_sbox.inv_sbox_6 [inv_sbox_6_default]
Compiling architecture behavioral of entity inv_sbox.inv_parallel_sbox_6 [inv_parallel_sbox_6_default]
Compiling architecture behavioral of entity inv_sbox.inv_sbox_5 [inv_sbox_5_default]
Compiling architecture behavioral of entity inv_sbox.inv_parallel_sbox_5 [inv_parallel_sbox_5_default]
Compiling architecture behavioral of entity inv_sbox.inv_sbox_4 [inv_sbox_4_default]
Compiling architecture behavioral of entity inv_sbox.inv_parallel_sbox_4 [inv_parallel_sbox_4_default]
Compiling architecture behavioral of entity inv_sbox.inv_sbox_3 [inv_sbox_3_default]
Compiling architecture behavioral of entity inv_sbox.inv_parallel_sbox_3 [inv_parallel_sbox_3_default]
Compiling architecture behavioral of entity inv_sbox.inv_sbox_2 [inv_sbox_2_default]
Compiling architecture behavioral of entity inv_sbox.inv_parallel_sbox_2 [inv_parallel_sbox_2_default]
Compiling architecture behavioral of entity inv_sbox.inv_sbox_1 [inv_sbox_1_default]
Compiling architecture behavioral of entity inv_sbox.inv_parallel_sbox_1 [inv_parallel_sbox_1_default]
Compiling architecture behavioral of entity inv_sbox.inv_sbox_0 [inv_sbox_0_default]
Compiling architecture behavioral of entity inv_sbox.inv_parallel_sbox_0 [inv_parallel_sbox_0_default]
Compiling architecture behavioral of entity xil_defaultlib.serpent_decryption_block [serpent_decryption_block_default]
Compiling architecture behavioral of entity xil_defaultlib.top_level_encryption_decryption_...
Built simulation snapshot top_level_encryption_decryption_chaining_behav
run_program: Time (s): cpu = 00:00:01 ; elapsed = 00:00:17 . Memory (MB): peak = 1012.852 ; gain = 0.000
INFO: [USF-XSim-69] 'elaborate' step finished in '17' seconds
INFO: [USF-XSim-4] XSim::Simulate design
INFO: [USF-XSim-61] Executing 'SIMULATE' step in 'C:/Users/vaill/OneDrive/Bureau/VLSI/projet/projet_vlsi-main/SerpentDecryption/SerpentDecryption.sim/sim_1/behav/xsim'
INFO: [USF-XSim-98] *** Running xsim
   with args "top_level_encryption_decryption_chaining_behav -key {Behavioral:sim_1:Functional:top_level_encryption_decryption_chaining} -tclbatch {top_level_encryption_decryption_chaining.tcl} -log {simulate.log}"
INFO: [USF-XSim-8] Loading simulator feature
Vivado Simulator 2018.3
Time resolution is 1 ps
source top_level_encryption_decryption_chaining.tcl
# set curr_wave [current_wave_config]
# if { [string length $curr_wave] == 0 } {
#   if { [llength [get_objects]] > 0} {
#     add_wave /
#     set_property needs_save false [current_wave_config]
#   } else {
#      send_msg_id Add_Wave-1 WARNING "No top level signals found. Simulator will start without a wave window. If you want to open a wave window go to 'File->New Waveform Configuration' or type 'create_wave_config' in the TCL console."
#   }
# }
# run 1000ns
INFO: [USF-XSim-96] XSim completed. Design snapshot 'top_level_encryption_decryption_chaining_behav' loaded.
INFO: [USF-XSim-97] XSim simulation ran for 1000ns
launch_simulation: Time (s): cpu = 00:00:05 ; elapsed = 00:00:22 . Memory (MB): peak = 1012.852 ; gain = 0.000
{/top_level_encryption_decryption_chaining/i_key} -radix hex {000 0ns}
invalid command name "/top_level_encryption_decryption_chaining/i_key"
add_force {/top_level_encryption_decryption_chaining/i_key} -radix hex {00 0ns}
add_force {/top_level_encryption_decryption_chaining/i_key} -radix hex {000 0ns}
force25
add_force {/top_level_encryption_decryption_chaining/i_message} -radix hex {239846287ad 0ns}
force26
add_force {/top_level_encryption_decryption_chaining/i_reset} -radix hex {1 0ns}
force27
add_force {/top_level_encryption_decryption_chaining/i_px_clk} -radix hex {1 0ns} {0 500ps} -repeat_every 1000ps
force28
run 1 ns
add_force {/top_level_encryption_decryption_chaining/i_reset} -radix hex {0 0ns}
run 1 ns
run 1 ns
run 1 ns
close_sim
INFO: [Simtcl 6-16] Simulation closed
launch_simulation
INFO: [Vivado 12-5682] Launching behavioral simulation in 'C:/Users/vaill/OneDrive/Bureau/VLSI/projet/projet_vlsi-main/SerpentDecryption/SerpentDecryption.sim/sim_1/behav/xsim'
INFO: [SIM-utils-51] Simulation object is 'sim_1'
INFO: [SIM-utils-54] Inspecting design source files for 'top_level_encryption_decryption_chaining' in fileset 'sim_1'...
INFO: [USF-XSim-97] Finding global include files...
INFO: [USF-XSim-98] Fetching design files from 'sim_1'...
INFO: [USF-XSim-2] XSim::Compile design
INFO: [USF-XSim-61] Executing 'COMPILE and ANALYZE' step in 'C:/Users/vaill/OneDrive/Bureau/VLSI/projet/projet_vlsi-main/SerpentDecryption/SerpentDecryption.sim/sim_1/behav/xsim'
"xvhdl --incr --relax -prj top_level_encryption_decryption_chaining_vhdl.prj"
INFO: [VRFC 10-163] Analyzing VHDL file "C:/Users/vaill/OneDrive/Bureau/VLSI/projet/projet_vlsi-main/SerpentDecryption/SerpentDecryption.srcs/sources_1/new/top_level_encryption_decryption_chaining.vhd" into library xil_defaultlib
INFO: [VRFC 10-3107] analyzing entity 'top_level_encryption_decryption_chaining'
INFO: [USF-XSim-69] 'compile' step finished in '1' seconds
INFO: [USF-XSim-3] XSim::Elaborate design
INFO: [USF-XSim-61] Executing 'ELABORATE' step in 'C:/Users/vaill/OneDrive/Bureau/VLSI/projet/projet_vlsi-main/SerpentDecryption/SerpentDecryption.sim/sim_1/behav/xsim'
Vivado Simulator 2018.3
Copyright 1986-1999, 2001-2018 Xilinx, Inc. All Rights Reserved.
Running: C:/Xilinx/Vivado/2018.3/bin/unwrapped/win64.o/xelab.exe -wto 8be40261bb0347d7bc43b2b83e28d2c8 --incr --debug typical --relax --mt 2 -L transforms -L inv_sbox -L sboxes -L keyschedule -L xil_defaultlib -L secureip --snapshot top_level_encryption_decryption_chaining_behav xil_defaultlib.top_level_encryption_decryption_chaining -log elaborate.log 
Using 2 slave threads.
Starting static elaboration
Completed static elaboration
Starting simulation data flow analysis
Completed simulation data flow analysis
Time Resolution for simulation is 1ps
Compiling package std.standard
Compiling package std.textio
Compiling package ieee.std_logic_1164
Compiling package ieee.std_logic_arith
Compiling package ieee.std_logic_unsigned
Compiling package ieee.numeric_std
Compiling architecture behavioral of entity keyschedule.key_padding [key_padding_default]
Compiling architecture behavioral of entity sboxes.s_box_0 [s_box_0_default]
Compiling architecture behavioral of entity sboxes.parallel_s_box_0 [parallel_s_box_0_default]
Compiling architecture behavioral of entity sboxes.top_para_sbox_0 [top_para_sbox_0_default]
Compiling architecture behavioral of entity sboxes.s_box_1 [s_box_1_default]
Compiling architecture behavioral of entity sboxes.parallel_s_box_1 [parallel_s_box_1_default]
Compiling architecture behavioral of entity sboxes.top_para_sbox_1 [top_para_sbox_1_default]
Compiling architecture behavioral of entity sboxes.s_box_2 [s_box_2_default]
Compiling architecture behavioral of entity sboxes.parallel_s_box_2 [parallel_s_box_2_default]
Compiling architecture behavioral of entity sboxes.top_para_sbox_2 [top_para_sbox_2_default]
Compiling architecture behavioral of entity sboxes.s_box_3 [s_box_3_default]
Compiling architecture behavioral of entity sboxes.parallel_s_box_3 [parallel_s_box_3_default]
Compiling architecture behavioral of entity sboxes.top_para_sbox_3 [top_para_sbox_3_default]
Compiling architecture behavioral of entity sboxes.s_box_4 [s_box_4_default]
Compiling architecture behavioral of entity sboxes.parallel_s_box_4 [parallel_s_box_4_default]
Compiling architecture behavioral of entity sboxes.top_para_sbox_4 [top_para_sbox_4_default]
Compiling architecture behavioral of entity sboxes.s_box_5 [s_box_5_default]
Compiling architecture behavioral of entity sboxes.parallel_s_box_5 [parallel_s_box_5_default]
Compiling architecture behavioral of entity sboxes.top_para_sbox_5 [top_para_sbox_5_default]
Compiling architecture behavioral of entity sboxes.s_box_6 [s_box_6_default]
Compiling architecture behavioral of entity sboxes.parallel_s_box_6 [parallel_s_box_6_default]
Compiling architecture behavioral of entity sboxes.top_para_sbox_6 [top_para_sbox_6_default]
Compiling architecture behavioral of entity sboxes.s_box_7 [s_box_7_default]
Compiling architecture behavioral of entity sboxes.parallel_s_box_7 [parallel_s_box_7_default]
Compiling architecture behavioral of entity sboxes.top_para_sbox_7 [top_para_sbox_7_default]
Compiling architecture behavioral of entity keyschedule.key_expansion [key_expansion_default]
Compiling architecture behavioral of entity transforms.linear_transform [linear_transform_default]
Compiling architecture behavioral of entity xil_defaultlib.serpent_encryption_block [serpent_encryption_block_default]
Compiling architecture behavioral of entity transforms.inv_linear_transform [inv_linear_transform_default]
Compiling architecture behavioral of entity inv_sbox.inv_sbox_7 [inv_sbox_7_default]
Compiling architecture behavioral of entity inv_sbox.inv_parallel_sbox_7 [inv_parallel_sbox_7_default]
Compiling architecture behavioral of entity inv_sbox.inv_sbox_6 [inv_sbox_6_default]
Compiling architecture behavioral of entity inv_sbox.inv_parallel_sbox_6 [inv_parallel_sbox_6_default]
Compiling architecture behavioral of entity inv_sbox.inv_sbox_5 [inv_sbox_5_default]
Compiling architecture behavioral of entity inv_sbox.inv_parallel_sbox_5 [inv_parallel_sbox_5_default]
Compiling architecture behavioral of entity inv_sbox.inv_sbox_4 [inv_sbox_4_default]
Compiling architecture behavioral of entity inv_sbox.inv_parallel_sbox_4 [inv_parallel_sbox_4_default]
Compiling architecture behavioral of entity inv_sbox.inv_sbox_3 [inv_sbox_3_default]
Compiling architecture behavioral of entity inv_sbox.inv_parallel_sbox_3 [inv_parallel_sbox_3_default]
Compiling architecture behavioral of entity inv_sbox.inv_sbox_2 [inv_sbox_2_default]
Compiling architecture behavioral of entity inv_sbox.inv_parallel_sbox_2 [inv_parallel_sbox_2_default]
Compiling architecture behavioral of entity inv_sbox.inv_sbox_1 [inv_sbox_1_default]
Compiling architecture behavioral of entity inv_sbox.inv_parallel_sbox_1 [inv_parallel_sbox_1_default]
Compiling architecture behavioral of entity inv_sbox.inv_sbox_0 [inv_sbox_0_default]
Compiling architecture behavioral of entity inv_sbox.inv_parallel_sbox_0 [inv_parallel_sbox_0_default]
Compiling architecture behavioral of entity xil_defaultlib.serpent_decryption_block [serpent_decryption_block_default]
Compiling architecture behavioral of entity xil_defaultlib.top_level_encryption_decryption_...
Built simulation snapshot top_level_encryption_decryption_chaining_behav
run_program: Time (s): cpu = 00:00:00 ; elapsed = 00:00:19 . Memory (MB): peak = 1012.852 ; gain = 0.000
INFO: [USF-XSim-69] 'elaborate' step finished in '19' seconds
INFO: [USF-XSim-4] XSim::Simulate design
INFO: [USF-XSim-61] Executing 'SIMULATE' step in 'C:/Users/vaill/OneDrive/Bureau/VLSI/projet/projet_vlsi-main/SerpentDecryption/SerpentDecryption.sim/sim_1/behav/xsim'
INFO: [USF-XSim-98] *** Running xsim
   with args "top_level_encryption_decryption_chaining_behav -key {Behavioral:sim_1:Functional:top_level_encryption_decryption_chaining} -tclbatch {top_level_encryption_decryption_chaining.tcl} -log {simulate.log}"
INFO: [USF-XSim-8] Loading simulator feature
Vivado Simulator 2018.3
Time resolution is 1 ps
source top_level_encryption_decryption_chaining.tcl
# set curr_wave [current_wave_config]
# if { [string length $curr_wave] == 0 } {
#   if { [llength [get_objects]] > 0} {
#     add_wave /
#     set_property needs_save false [current_wave_config]
#   } else {
#      send_msg_id Add_Wave-1 WARNING "No top level signals found. Simulator will start without a wave window. If you want to open a wave window go to 'File->New Waveform Configuration' or type 'create_wave_config' in the TCL console."
#   }
# }
# run 1000ns
INFO: [USF-XSim-96] XSim completed. Design snapshot 'top_level_encryption_decryption_chaining_behav' loaded.
INFO: [USF-XSim-97] XSim simulation ran for 1000ns
launch_simulation: Time (s): cpu = 00:00:03 ; elapsed = 00:00:23 . Memory (MB): peak = 1012.852 ; gain = 0.000
update_compile_order -fileset sources_1
add_force {/top_level_encryption_decryption_chaining/i_key} -radix hex {000 0ns}
force30
add_force {/top_level_encryption_decryption_chaining/i_message} -radix hex {239846287ad 0ns}
force31
add_force {/top_level_encryption_decryption_chaining/i_reset} -radix hex {1 0ns}
force32
add_force {/top_level_encryption_decryption_chaining/i_px_clk} -radix hex {1 0ns} {0 500ps} -repeat_every 1000ps
force33
run 1 ns
add_force {/top_level_encryption_decryption_chaining/i_reset} -radix hex {0 0ns}
run 1 ns
run 1 ns
run 1 ns
run 1 ns
run 1 ns
run 1 ns
close_sim
INFO: [Simtcl 6-16] Simulation closed
