
*** Running vivado
    with args -log HDMI_bd_rgb2dvi_0_0.vds -m64 -product Vivado -mode batch -messageDb vivado.pb -notrace -source HDMI_bd_rgb2dvi_0_0.tcl


****** Vivado v2018.2.1 (64-bit)
  **** SW Build 2288692 on Thu Jul 26 18:24:02 MDT 2018
  **** IP Build 2289599 on Thu Jul 26 21:09:20 MDT 2018
    ** Copyright 1986-2018 Xilinx, Inc. All Rights Reserved.

source HDMI_bd_rgb2dvi_0_0.tcl -notrace
Command: synth_design -top HDMI_bd_rgb2dvi_0_0 -part xc7z020clg400-1 -mode out_of_context
Starting synth_design
Attempting to get a license for feature 'Synthesis' and/or device 'xc7z020'
INFO: [Common 17-349] Got license for feature 'Synthesis' and/or device 'xc7z020'
INFO: Launching helper process for spawning children vivado processes
INFO: Helper process launched with PID 5240 
---------------------------------------------------------------------------------
Starting RTL Elaboration : Time (s): cpu = 00:00:03 ; elapsed = 00:00:03 . Memory (MB): peak = 389.605 ; gain = 95.121
---------------------------------------------------------------------------------
INFO: [Synth 8-638] synthesizing module 'HDMI_bd_rgb2dvi_0_0' [c:/Users/chbre42/Documents/projet_vlsi/SerpentEncryption/FSM_HDMI_Encrypt/ZYBO_HDMI_MGA_2018_2/project_1/project_1.srcs/sources_1/bd/HDMI_bd/ip/HDMI_bd_rgb2dvi_0_0/synth/HDMI_bd_rgb2dvi_0_0.vhd:71]
	Parameter kGenerateSerialClk bound to: 1 - type: bool 
	Parameter kClkPrimitive bound to: MMCM - type: string 
	Parameter kRstActiveHigh bound to: 1 - type: bool 
	Parameter kClkRange bound to: 3 - type: integer 
	Parameter kD0Swap bound to: 0 - type: bool 
	Parameter kD1Swap bound to: 0 - type: bool 
	Parameter kD2Swap bound to: 0 - type: bool 
	Parameter kClkSwap bound to: 0 - type: bool 
INFO: [Synth 8-3491] module 'rgb2dvi' declared at 'c:/Users/chbre42/Documents/projet_vlsi/SerpentEncryption/FSM_HDMI_Encrypt/ZYBO_HDMI_MGA_2018_2/project_1/project_1.srcs/sources_1/bd/HDMI_bd/ipshared/20df/src/rgb2dvi.vhd:62' bound to instance 'U0' of component 'rgb2dvi' [c:/Users/chbre42/Documents/projet_vlsi/SerpentEncryption/FSM_HDMI_Encrypt/ZYBO_HDMI_MGA_2018_2/project_1/project_1.srcs/sources_1/bd/HDMI_bd/ip/HDMI_bd_rgb2dvi_0_0/synth/HDMI_bd_rgb2dvi_0_0.vhd:121]
INFO: [Synth 8-638] synthesizing module 'rgb2dvi' [c:/Users/chbre42/Documents/projet_vlsi/SerpentEncryption/FSM_HDMI_Encrypt/ZYBO_HDMI_MGA_2018_2/project_1/project_1.srcs/sources_1/bd/HDMI_bd/ipshared/20df/src/rgb2dvi.vhd:94]
	Parameter kGenerateSerialClk bound to: 1 - type: bool 
	Parameter kClkPrimitive bound to: MMCM - type: string 
	Parameter kClkRange bound to: 3 - type: integer 
	Parameter kRstActiveHigh bound to: 1 - type: bool 
	Parameter kD0Swap bound to: 0 - type: bool 
	Parameter kD1Swap bound to: 0 - type: bool 
	Parameter kD2Swap bound to: 0 - type: bool 
	Parameter kClkSwap bound to: 0 - type: bool 
INFO: [Synth 8-638] synthesizing module 'ClockGen' [c:/Users/chbre42/Documents/projet_vlsi/SerpentEncryption/FSM_HDMI_Encrypt/ZYBO_HDMI_MGA_2018_2/project_1/project_1.srcs/sources_1/bd/HDMI_bd/ipshared/20df/src/ClockGen.vhd:46]
	Parameter kClkRange bound to: 3 - type: integer 
	Parameter kClkPrimitive bound to: MMCM - type: string 
	Parameter kPolarity bound to: 1'b1 
INFO: [Synth 8-3491] module 'ResetBridge' declared at 'c:/Users/chbre42/Documents/projet_vlsi/SerpentEncryption/FSM_HDMI_Encrypt/ZYBO_HDMI_MGA_2018_2/project_1/project_1.srcs/sources_1/bd/HDMI_bd/ipshared/20df/src/SyncAsyncReset.vhd:63' bound to instance 'LockLostReset' of component 'ResetBridge' [c:/Users/chbre42/Documents/projet_vlsi/SerpentEncryption/FSM_HDMI_Encrypt/ZYBO_HDMI_MGA_2018_2/project_1/project_1.srcs/sources_1/bd/HDMI_bd/ipshared/20df/src/ClockGen.vhd:82]
INFO: [Synth 8-638] synthesizing module 'ResetBridge' [c:/Users/chbre42/Documents/projet_vlsi/SerpentEncryption/FSM_HDMI_Encrypt/ZYBO_HDMI_MGA_2018_2/project_1/project_1.srcs/sources_1/bd/HDMI_bd/ipshared/20df/src/SyncAsyncReset.vhd:72]
	Parameter kPolarity bound to: 1'b1 
INFO: [Synth 8-5534] Detected attribute (* keep = "TRUE" *) [c:/Users/chbre42/Documents/projet_vlsi/SerpentEncryption/FSM_HDMI_Encrypt/ZYBO_HDMI_MGA_2018_2/project_1/project_1.srcs/sources_1/bd/HDMI_bd/ipshared/20df/src/SyncAsyncReset.vhd:73]
INFO: [Synth 8-638] synthesizing module 'SyncAsync' [c:/Users/chbre42/Documents/projet_vlsi/SerpentEncryption/FSM_HDMI_Encrypt/ZYBO_HDMI_MGA_2018_2/project_1/project_1.srcs/sources_1/bd/HDMI_bd/ipshared/20df/src/SyncAsync.vhd:72]
	Parameter kResetTo bound to: 1'b1 
	Parameter kStages bound to: 2 - type: integer 
INFO: [Synth 8-5534] Detected attribute (* async_reg = "TRUE" *) [c:/Users/chbre42/Documents/projet_vlsi/SerpentEncryption/FSM_HDMI_Encrypt/ZYBO_HDMI_MGA_2018_2/project_1/project_1.srcs/sources_1/bd/HDMI_bd/ipshared/20df/src/SyncAsync.vhd:73]
INFO: [Synth 8-256] done synthesizing module 'SyncAsync' (1#1) [c:/Users/chbre42/Documents/projet_vlsi/SerpentEncryption/FSM_HDMI_Encrypt/ZYBO_HDMI_MGA_2018_2/project_1/project_1.srcs/sources_1/bd/HDMI_bd/ipshared/20df/src/SyncAsync.vhd:72]
INFO: [Synth 8-256] done synthesizing module 'ResetBridge' (2#1) [c:/Users/chbre42/Documents/projet_vlsi/SerpentEncryption/FSM_HDMI_Encrypt/ZYBO_HDMI_MGA_2018_2/project_1/project_1.srcs/sources_1/bd/HDMI_bd/ipshared/20df/src/SyncAsyncReset.vhd:72]
	Parameter kResetTo bound to: 1'b0 
	Parameter kStages bound to: 2 - type: integer 
INFO: [Synth 8-3491] module 'SyncAsync' declared at 'c:/Users/chbre42/Documents/projet_vlsi/SerpentEncryption/FSM_HDMI_Encrypt/ZYBO_HDMI_MGA_2018_2/project_1/project_1.srcs/sources_1/bd/HDMI_bd/ipshared/20df/src/SyncAsync.vhd:61' bound to instance 'PLL_LockSyncAsync' of component 'SyncAsync' [c:/Users/chbre42/Documents/projet_vlsi/SerpentEncryption/FSM_HDMI_Encrypt/ZYBO_HDMI_MGA_2018_2/project_1/project_1.srcs/sources_1/bd/HDMI_bd/ipshared/20df/src/ClockGen.vhd:90]
INFO: [Synth 8-638] synthesizing module 'SyncAsync__parameterized1' [c:/Users/chbre42/Documents/projet_vlsi/SerpentEncryption/FSM_HDMI_Encrypt/ZYBO_HDMI_MGA_2018_2/project_1/project_1.srcs/sources_1/bd/HDMI_bd/ipshared/20df/src/SyncAsync.vhd:72]
	Parameter kResetTo bound to: 1'b0 
	Parameter kStages bound to: 2 - type: integer 
INFO: [Synth 8-256] done synthesizing module 'SyncAsync__parameterized1' (2#1) [c:/Users/chbre42/Documents/projet_vlsi/SerpentEncryption/FSM_HDMI_Encrypt/ZYBO_HDMI_MGA_2018_2/project_1/project_1.srcs/sources_1/bd/HDMI_bd/ipshared/20df/src/SyncAsync.vhd:72]
WARNING: [Synth 8-614] signal 'pRst' is read in the process but is not in the sensitivity list [c:/Users/chbre42/Documents/projet_vlsi/SerpentEncryption/FSM_HDMI_Encrypt/ZYBO_HDMI_MGA_2018_2/project_1/project_1.srcs/sources_1/bd/HDMI_bd/ipshared/20df/src/ClockGen.vhd:97]
	Parameter BANDWIDTH bound to: OPTIMIZED - type: string 
	Parameter CLKFBOUT_MULT_F bound to: 15.000000 - type: float 
	Parameter CLKFBOUT_PHASE bound to: 0.000000 - type: float 
	Parameter CLKFBOUT_USE_FINE_PS bound to: 0 - type: bool 
	Parameter CLKIN1_PERIOD bound to: 18.000000 - type: float 
	Parameter CLKIN2_PERIOD bound to: 0.000000 - type: float 
	Parameter CLKOUT0_DIVIDE_F bound to: 3.000000 - type: float 
	Parameter CLKOUT0_DUTY_CYCLE bound to: 0.500000 - type: float 
	Parameter CLKOUT0_PHASE bound to: 0.000000 - type: float 
	Parameter CLKOUT0_USE_FINE_PS bound to: 0 - type: bool 
	Parameter CLKOUT1_DIVIDE bound to: 15 - type: integer 
	Parameter CLKOUT1_DUTY_CYCLE bound to: 0.500000 - type: float 
	Parameter CLKOUT1_PHASE bound to: 0.000000 - type: float 
	Parameter CLKOUT1_USE_FINE_PS bound to: 0 - type: bool 
	Parameter CLKOUT2_DIVIDE bound to: 1 - type: integer 
	Parameter CLKOUT2_DUTY_CYCLE bound to: 0.500000 - type: float 
	Parameter CLKOUT2_PHASE bound to: 0.000000 - type: float 
	Parameter CLKOUT2_USE_FINE_PS bound to: 0 - type: bool 
	Parameter CLKOUT3_DIVIDE bound to: 1 - type: integer 
	Parameter CLKOUT3_DUTY_CYCLE bound to: 0.500000 - type: float 
	Parameter CLKOUT3_PHASE bound to: 0.000000 - type: float 
	Parameter CLKOUT3_USE_FINE_PS bound to: 0 - type: bool 
	Parameter CLKOUT4_CASCADE bound to: 0 - type: bool 
	Parameter CLKOUT4_DIVIDE bound to: 1 - type: integer 
	Parameter CLKOUT4_DUTY_CYCLE bound to: 0.500000 - type: float 
	Parameter CLKOUT4_PHASE bound to: 0.000000 - type: float 
	Parameter CLKOUT4_USE_FINE_PS bound to: 0 - type: bool 
	Parameter CLKOUT5_DIVIDE bound to: 1 - type: integer 
	Parameter CLKOUT5_DUTY_CYCLE bound to: 0.500000 - type: float 
	Parameter CLKOUT5_PHASE bound to: 0.000000 - type: float 
	Parameter CLKOUT5_USE_FINE_PS bound to: 0 - type: bool 
	Parameter CLKOUT6_DIVIDE bound to: 1 - type: integer 
	Parameter CLKOUT6_DUTY_CYCLE bound to: 0.500000 - type: float 
	Parameter CLKOUT6_PHASE bound to: 0.000000 - type: float 
	Parameter CLKOUT6_USE_FINE_PS bound to: 0 - type: bool 
	Parameter COMPENSATION bound to: ZHOLD - type: string 
	Parameter DIVCLK_DIVIDE bound to: 1 - type: integer 
	Parameter IS_CLKINSEL_INVERTED bound to: 1'b0 
	Parameter IS_PSEN_INVERTED bound to: 1'b0 
	Parameter IS_PSINCDEC_INVERTED bound to: 1'b0 
	Parameter IS_PWRDWN_INVERTED bound to: 1'b0 
	Parameter IS_RST_INVERTED bound to: 1'b0 
	Parameter REF_JITTER1 bound to: 0.010000 - type: float 
	Parameter REF_JITTER2 bound to: 0.000000 - type: float 
	Parameter SS_EN bound to: FALSE - type: string 
	Parameter SS_MODE bound to: CENTER_HIGH - type: string 
	Parameter SS_MOD_PERIOD bound to: 10000 - type: integer 
	Parameter STARTUP_WAIT bound to: 0 - type: bool 
INFO: [Synth 8-113] binding component instance 'DVI_ClkGenerator' to cell 'MMCME2_ADV' [c:/Users/chbre42/Documents/projet_vlsi/SerpentEncryption/FSM_HDMI_Encrypt/ZYBO_HDMI_MGA_2018_2/project_1/project_1.srcs/sources_1/bd/HDMI_bd/ipshared/20df/src/ClockGen.vhd:141]
INFO: [Synth 8-113] binding component instance 'SerialClkBuffer' to cell 'BUFIO' [c:/Users/chbre42/Documents/projet_vlsi/SerpentEncryption/FSM_HDMI_Encrypt/ZYBO_HDMI_MGA_2018_2/project_1/project_1.srcs/sources_1/bd/HDMI_bd/ipshared/20df/src/ClockGen.vhd:205]
	Parameter BUFR_DIVIDE bound to: 5 - type: string 
	Parameter SIM_DEVICE bound to: 7SERIES - type: string 
INFO: [Synth 8-113] binding component instance 'PixelClkBuffer' to cell 'BUFR' [c:/Users/chbre42/Documents/projet_vlsi/SerpentEncryption/FSM_HDMI_Encrypt/ZYBO_HDMI_MGA_2018_2/project_1/project_1.srcs/sources_1/bd/HDMI_bd/ipshared/20df/src/ClockGen.vhd:211]
	Parameter BUFR_DIVIDE bound to: 1 - type: string 
	Parameter SIM_DEVICE bound to: 7SERIES - type: string 
INFO: [Synth 8-113] binding component instance 'Deskew' to cell 'BUFR' [c:/Users/chbre42/Documents/projet_vlsi/SerpentEncryption/FSM_HDMI_Encrypt/ZYBO_HDMI_MGA_2018_2/project_1/project_1.srcs/sources_1/bd/HDMI_bd/ipshared/20df/src/ClockGen.vhd:223]
INFO: [Synth 8-256] done synthesizing module 'ClockGen' (3#1) [c:/Users/chbre42/Documents/projet_vlsi/SerpentEncryption/FSM_HDMI_Encrypt/ZYBO_HDMI_MGA_2018_2/project_1/project_1.srcs/sources_1/bd/HDMI_bd/ipshared/20df/src/ClockGen.vhd:46]
INFO: [Synth 8-638] synthesizing module 'OutputSERDES' [c:/Users/chbre42/Documents/projet_vlsi/SerpentEncryption/FSM_HDMI_Encrypt/ZYBO_HDMI_MGA_2018_2/project_1/project_1.srcs/sources_1/bd/HDMI_bd/ipshared/20df/src/OutputSERDES.vhd:76]
	Parameter kParallelWidth bound to: 10 - type: integer 
	Parameter CAPACITANCE bound to: DONT_CARE - type: string 
	Parameter IOSTANDARD bound to: TMDS_33 - type: string 
	Parameter SLEW bound to: SLOW - type: string 
INFO: [Synth 8-113] binding component instance 'OutputBuffer' to cell 'OBUFDS' [c:/Users/chbre42/Documents/projet_vlsi/SerpentEncryption/FSM_HDMI_Encrypt/ZYBO_HDMI_MGA_2018_2/project_1/project_1.srcs/sources_1/bd/HDMI_bd/ipshared/20df/src/OutputSERDES.vhd:83]
	Parameter DATA_RATE_OQ bound to: DDR - type: string 
	Parameter DATA_RATE_TQ bound to: SDR - type: string 
	Parameter DATA_WIDTH bound to: 10 - type: integer 
	Parameter INIT_OQ bound to: 1'b0 
	Parameter INIT_TQ bound to: 1'b0 
	Parameter IS_CLKDIV_INVERTED bound to: 1'b0 
	Parameter IS_CLK_INVERTED bound to: 1'b0 
	Parameter IS_D1_INVERTED bound to: 1'b0 
	Parameter IS_D2_INVERTED bound to: 1'b0 
	Parameter IS_D3_INVERTED bound to: 1'b0 
	Parameter IS_D4_INVERTED bound to: 1'b0 
	Parameter IS_D5_INVERTED bound to: 1'b0 
	Parameter IS_D6_INVERTED bound to: 1'b0 
	Parameter IS_D7_INVERTED bound to: 1'b0 
	Parameter IS_D8_INVERTED bound to: 1'b0 
	Parameter IS_T1_INVERTED bound to: 1'b0 
	Parameter IS_T2_INVERTED bound to: 1'b0 
	Parameter IS_T3_INVERTED bound to: 1'b0 
	Parameter IS_T4_INVERTED bound to: 1'b0 
	Parameter SERDES_MODE bound to: MASTER - type: string 
	Parameter SRVAL_OQ bound to: 1'b0 
	Parameter SRVAL_TQ bound to: 1'b0 
	Parameter TBYTE_CTL bound to: FALSE - type: string 
	Parameter TBYTE_SRC bound to: FALSE - type: string 
	Parameter TRISTATE_WIDTH bound to: 1 - type: integer 
INFO: [Synth 8-113] binding component instance 'SerializerMaster' to cell 'OSERDESE2' [c:/Users/chbre42/Documents/projet_vlsi/SerpentEncryption/FSM_HDMI_Encrypt/ZYBO_HDMI_MGA_2018_2/project_1/project_1.srcs/sources_1/bd/HDMI_bd/ipshared/20df/src/OutputSERDES.vhd:92]
	Parameter DATA_RATE_OQ bound to: DDR - type: string 
	Parameter DATA_RATE_TQ bound to: SDR - type: string 
	Parameter DATA_WIDTH bound to: 10 - type: integer 
	Parameter INIT_OQ bound to: 1'b0 
	Parameter INIT_TQ bound to: 1'b0 
	Parameter IS_CLKDIV_INVERTED bound to: 1'b0 
	Parameter IS_CLK_INVERTED bound to: 1'b0 
	Parameter IS_D1_INVERTED bound to: 1'b0 
	Parameter IS_D2_INVERTED bound to: 1'b0 
	Parameter IS_D3_INVERTED bound to: 1'b0 
	Parameter IS_D4_INVERTED bound to: 1'b0 
	Parameter IS_D5_INVERTED bound to: 1'b0 
	Parameter IS_D6_INVERTED bound to: 1'b0 
	Parameter IS_D7_INVERTED bound to: 1'b0 
	Parameter IS_D8_INVERTED bound to: 1'b0 
	Parameter IS_T1_INVERTED bound to: 1'b0 
	Parameter IS_T2_INVERTED bound to: 1'b0 
	Parameter IS_T3_INVERTED bound to: 1'b0 
	Parameter IS_T4_INVERTED bound to: 1'b0 
	Parameter SERDES_MODE bound to: SLAVE - type: string 
	Parameter SRVAL_OQ bound to: 1'b0 
	Parameter SRVAL_TQ bound to: 1'b0 
	Parameter TBYTE_CTL bound to: FALSE - type: string 
	Parameter TBYTE_SRC bound to: FALSE - type: string 
	Parameter TRISTATE_WIDTH bound to: 1 - type: integer 
INFO: [Synth 8-113] binding component instance 'SerializerSlave' to cell 'OSERDESE2' [c:/Users/chbre42/Documents/projet_vlsi/SerpentEncryption/FSM_HDMI_Encrypt/ZYBO_HDMI_MGA_2018_2/project_1/project_1.srcs/sources_1/bd/HDMI_bd/ipshared/20df/src/OutputSERDES.vhd:135]
INFO: [Synth 8-256] done synthesizing module 'OutputSERDES' (4#1) [c:/Users/chbre42/Documents/projet_vlsi/SerpentEncryption/FSM_HDMI_Encrypt/ZYBO_HDMI_MGA_2018_2/project_1/project_1.srcs/sources_1/bd/HDMI_bd/ipshared/20df/src/OutputSERDES.vhd:76]
INFO: [Synth 8-638] synthesizing module 'TMDS_Encoder' [c:/Users/chbre42/Documents/projet_vlsi/SerpentEncryption/FSM_HDMI_Encrypt/ZYBO_HDMI_MGA_2018_2/project_1/project_1.srcs/sources_1/bd/HDMI_bd/ipshared/20df/src/TMDS_Encoder.vhd:80]
INFO: [Synth 8-256] done synthesizing module 'TMDS_Encoder' (5#1) [c:/Users/chbre42/Documents/projet_vlsi/SerpentEncryption/FSM_HDMI_Encrypt/ZYBO_HDMI_MGA_2018_2/project_1/project_1.srcs/sources_1/bd/HDMI_bd/ipshared/20df/src/TMDS_Encoder.vhd:80]
INFO: [Synth 8-256] done synthesizing module 'rgb2dvi' (6#1) [c:/Users/chbre42/Documents/projet_vlsi/SerpentEncryption/FSM_HDMI_Encrypt/ZYBO_HDMI_MGA_2018_2/project_1/project_1.srcs/sources_1/bd/HDMI_bd/ipshared/20df/src/rgb2dvi.vhd:94]
INFO: [Synth 8-256] done synthesizing module 'HDMI_bd_rgb2dvi_0_0' (7#1) [c:/Users/chbre42/Documents/projet_vlsi/SerpentEncryption/FSM_HDMI_Encrypt/ZYBO_HDMI_MGA_2018_2/project_1/project_1.srcs/sources_1/bd/HDMI_bd/ip/HDMI_bd_rgb2dvi_0_0/synth/HDMI_bd_rgb2dvi_0_0.vhd:71]
WARNING: [Synth 8-3331] design TMDS_Encoder has unconnected port SerialClk
WARNING: [Synth 8-3331] design TMDS_Encoder has unconnected port aRst
WARNING: [Synth 8-3331] design rgb2dvi has unconnected port aRst_n
---------------------------------------------------------------------------------
Finished RTL Elaboration : Time (s): cpu = 00:00:03 ; elapsed = 00:00:04 . Memory (MB): peak = 445.348 ; gain = 150.863
---------------------------------------------------------------------------------

Report Check Netlist: 
+------+------------------+-------+---------+-------+------------------+
|      |Item              |Errors |Warnings |Status |Description       |
+------+------------------+-------+---------+-------+------------------+
|1     |multi_driven_nets |      0|        0|Passed |Multi driven nets |
+------+------------------+-------+---------+-------+------------------+
---------------------------------------------------------------------------------
Start Handling Custom Attributes
---------------------------------------------------------------------------------
---------------------------------------------------------------------------------
Finished Handling Custom Attributes : Time (s): cpu = 00:00:03 ; elapsed = 00:00:04 . Memory (MB): peak = 445.348 ; gain = 150.863
---------------------------------------------------------------------------------
---------------------------------------------------------------------------------
Finished RTL Optimization Phase 1 : Time (s): cpu = 00:00:03 ; elapsed = 00:00:04 . Memory (MB): peak = 445.348 ; gain = 150.863
---------------------------------------------------------------------------------
INFO: [Netlist 29-17] Analyzing 7 Unisim elements for replacement
INFO: [Netlist 29-28] Unisim Transformation completed in 0 CPU seconds
INFO: [Device 21-403] Loading part xc7z020clg400-1
INFO: [Project 1-570] Preparing netlist for logic optimization

Processing XDC Constraints
Initializing timing engine
Parsing XDC File [c:/Users/chbre42/Documents/projet_vlsi/SerpentEncryption/FSM_HDMI_Encrypt/ZYBO_HDMI_MGA_2018_2/project_1/project_1.srcs/sources_1/bd/HDMI_bd/ip/HDMI_bd_rgb2dvi_0_0/src/rgb2dvi_ooc.xdc] for cell 'U0'
Finished Parsing XDC File [c:/Users/chbre42/Documents/projet_vlsi/SerpentEncryption/FSM_HDMI_Encrypt/ZYBO_HDMI_MGA_2018_2/project_1/project_1.srcs/sources_1/bd/HDMI_bd/ip/HDMI_bd_rgb2dvi_0_0/src/rgb2dvi_ooc.xdc] for cell 'U0'
Parsing XDC File [c:/Users/chbre42/Documents/projet_vlsi/SerpentEncryption/FSM_HDMI_Encrypt/ZYBO_HDMI_MGA_2018_2/project_1/project_1.srcs/sources_1/bd/HDMI_bd/ip/HDMI_bd_rgb2dvi_0_0/src/rgb2dvi.xdc] for cell 'U0'
Finished Parsing XDC File [c:/Users/chbre42/Documents/projet_vlsi/SerpentEncryption/FSM_HDMI_Encrypt/ZYBO_HDMI_MGA_2018_2/project_1/project_1.srcs/sources_1/bd/HDMI_bd/ip/HDMI_bd_rgb2dvi_0_0/src/rgb2dvi.xdc] for cell 'U0'
Parsing XDC File [C:/Users/chbre42/Documents/projet_vlsi/SerpentEncryption/FSM_HDMI_Encrypt/ZYBO_HDMI_MGA_2018_2/project_1/project_1.runs/HDMI_bd_rgb2dvi_0_0_synth_1/dont_touch.xdc]
Finished Parsing XDC File [C:/Users/chbre42/Documents/projet_vlsi/SerpentEncryption/FSM_HDMI_Encrypt/ZYBO_HDMI_MGA_2018_2/project_1/project_1.runs/HDMI_bd_rgb2dvi_0_0_synth_1/dont_touch.xdc]
Parsing XDC File [c:/Users/chbre42/Documents/projet_vlsi/SerpentEncryption/FSM_HDMI_Encrypt/ZYBO_HDMI_MGA_2018_2/project_1/project_1.srcs/sources_1/bd/HDMI_bd/ip/HDMI_bd_rgb2dvi_0_0/src/rgb2dvi_clocks.xdc] for cell 'U0'
Finished Parsing XDC File [c:/Users/chbre42/Documents/projet_vlsi/SerpentEncryption/FSM_HDMI_Encrypt/ZYBO_HDMI_MGA_2018_2/project_1/project_1.srcs/sources_1/bd/HDMI_bd/ip/HDMI_bd_rgb2dvi_0_0/src/rgb2dvi_clocks.xdc] for cell 'U0'
Completed Processing XDC Constraints

INFO: [Project 1-111] Unisim Transformation Summary:
No Unisim elements were transformed.

INFO: [Timing 38-2] Deriving generated clocks
Constraint Validation Runtime : Time (s): cpu = 00:00:00 ; elapsed = 00:00:00.043 . Memory (MB): peak = 806.301 ; gain = 1.074
---------------------------------------------------------------------------------
Finished Constraint Validation : Time (s): cpu = 00:00:13 ; elapsed = 00:00:16 . Memory (MB): peak = 806.301 ; gain = 511.816
---------------------------------------------------------------------------------
---------------------------------------------------------------------------------
Start Loading Part and Timing Information
---------------------------------------------------------------------------------
Loading part: xc7z020clg400-1
---------------------------------------------------------------------------------
Finished Loading Part and Timing Information : Time (s): cpu = 00:00:13 ; elapsed = 00:00:16 . Memory (MB): peak = 806.301 ; gain = 511.816
---------------------------------------------------------------------------------
---------------------------------------------------------------------------------
Start Applying 'set_property' XDC Constraints
---------------------------------------------------------------------------------
Applied set_property DONT_TOUCH = true for U0. (constraint file  C:/Users/chbre42/Documents/projet_vlsi/SerpentEncryption/FSM_HDMI_Encrypt/ZYBO_HDMI_MGA_2018_2/project_1/project_1.runs/HDMI_bd_rgb2dvi_0_0_synth_1/dont_touch.xdc, line 9).
---------------------------------------------------------------------------------
Finished applying 'set_property' XDC Constraints : Time (s): cpu = 00:00:13 ; elapsed = 00:00:16 . Memory (MB): peak = 806.301 ; gain = 511.816
---------------------------------------------------------------------------------
---------------------------------------------------------------------------------
Finished RTL Optimization Phase 2 : Time (s): cpu = 00:00:14 ; elapsed = 00:00:17 . Memory (MB): peak = 806.301 ; gain = 511.816
---------------------------------------------------------------------------------

Report RTL Partitions: 
+-+--------------+------------+----------+
| |RTL Partition |Replication |Instances |
+-+--------------+------------+----------+
+-+--------------+------------+----------+
---------------------------------------------------------------------------------
Start RTL Component Statistics 
---------------------------------------------------------------------------------
Detailed RTL Component Info : 
+---Adders : 
	   3 Input      5 Bit       Adders := 9     
	   4 Input      5 Bit       Adders := 3     
	   2 Input      5 Bit       Adders := 3     
	   8 Input      4 Bit       Adders := 6     
	   2 Input      4 Bit       Adders := 3     
+---XORs : 
	   2 Input      1 Bit         XORs := 42    
+---Registers : 
	               10 Bit    Registers := 3     
	                9 Bit    Registers := 3     
	                8 Bit    Registers := 3     
	                5 Bit    Registers := 3     
	                4 Bit    Registers := 9     
	                3 Bit    Registers := 1     
	                2 Bit    Registers := 3     
	                1 Bit    Registers := 20    
+---Muxes : 
	   4 Input     10 Bit        Muxes := 3     
	   2 Input     10 Bit        Muxes := 9     
	   2 Input      9 Bit        Muxes := 3     
	   2 Input      5 Bit        Muxes := 9     
---------------------------------------------------------------------------------
Finished RTL Component Statistics 
---------------------------------------------------------------------------------
---------------------------------------------------------------------------------
Start RTL Hierarchical Component Statistics 
---------------------------------------------------------------------------------
Hierarchical RTL Component report 
Module SyncAsync 
Detailed RTL Component Info : 
+---Registers : 
	                2 Bit    Registers := 1     
Module SyncAsync__parameterized1 
Detailed RTL Component Info : 
+---Registers : 
	                2 Bit    Registers := 1     
Module ClockGen 
Detailed RTL Component Info : 
+---Registers : 
	                3 Bit    Registers := 1     
	                1 Bit    Registers := 2     
Module TMDS_Encoder 
Detailed RTL Component Info : 
+---Adders : 
	   3 Input      5 Bit       Adders := 3     
	   4 Input      5 Bit       Adders := 1     
	   2 Input      5 Bit       Adders := 1     
	   8 Input      4 Bit       Adders := 2     
	   2 Input      4 Bit       Adders := 1     
+---XORs : 
	   2 Input      1 Bit         XORs := 14    
+---Registers : 
	               10 Bit    Registers := 1     
	                9 Bit    Registers := 1     
	                8 Bit    Registers := 1     
	                5 Bit    Registers := 1     
	                4 Bit    Registers := 3     
	                1 Bit    Registers := 6     
+---Muxes : 
	   4 Input     10 Bit        Muxes := 1     
	   2 Input     10 Bit        Muxes := 3     
	   2 Input      9 Bit        Muxes := 1     
	   2 Input      5 Bit        Muxes := 3     
---------------------------------------------------------------------------------
Finished RTL Hierarchical Component Statistics
---------------------------------------------------------------------------------
---------------------------------------------------------------------------------
Start Part Resource Summary
---------------------------------------------------------------------------------
Part Resources:
DSPs: 220 (col length:60)
BRAMs: 280 (col length: RAMB18 60 RAMB36 30)
---------------------------------------------------------------------------------
Finished Part Resource Summary
---------------------------------------------------------------------------------
---------------------------------------------------------------------------------
Start Cross Boundary and Area Optimization
---------------------------------------------------------------------------------
Warning: Parallel synthesis criteria is not met 
INFO: [Synth 8-4471] merging register 'DataEncoders[1].DataEncoder/pC1_1_reg' into 'DataEncoders[1].DataEncoder/pC0_1_reg' [c:/Users/chbre42/Documents/projet_vlsi/SerpentEncryption/FSM_HDMI_Encrypt/ZYBO_HDMI_MGA_2018_2/project_1/project_1.srcs/sources_1/bd/HDMI_bd/ipshared/20df/src/TMDS_Encoder.vhd:115]
INFO: [Synth 8-4471] merging register 'DataEncoders[1].DataEncoder/pC1_2_reg' into 'DataEncoders[1].DataEncoder/pC0_2_reg' [c:/Users/chbre42/Documents/projet_vlsi/SerpentEncryption/FSM_HDMI_Encrypt/ZYBO_HDMI_MGA_2018_2/project_1/project_1.srcs/sources_1/bd/HDMI_bd/ipshared/20df/src/TMDS_Encoder.vhd:149]
INFO: [Synth 8-4471] merging register 'DataEncoders[1].DataEncoder/pVde_1_reg' into 'DataEncoders[0].DataEncoder/pVde_1_reg' [c:/Users/chbre42/Documents/projet_vlsi/SerpentEncryption/FSM_HDMI_Encrypt/ZYBO_HDMI_MGA_2018_2/project_1/project_1.srcs/sources_1/bd/HDMI_bd/ipshared/20df/src/TMDS_Encoder.vhd:110]
INFO: [Synth 8-4471] merging register 'DataEncoders[1].DataEncoder/pVde_2_reg' into 'DataEncoders[0].DataEncoder/pVde_2_reg' [c:/Users/chbre42/Documents/projet_vlsi/SerpentEncryption/FSM_HDMI_Encrypt/ZYBO_HDMI_MGA_2018_2/project_1/project_1.srcs/sources_1/bd/HDMI_bd/ipshared/20df/src/TMDS_Encoder.vhd:150]
INFO: [Synth 8-4471] merging register 'DataEncoders[2].DataEncoder/pC0_1_reg' into 'DataEncoders[1].DataEncoder/pC0_1_reg' [c:/Users/chbre42/Documents/projet_vlsi/SerpentEncryption/FSM_HDMI_Encrypt/ZYBO_HDMI_MGA_2018_2/project_1/project_1.srcs/sources_1/bd/HDMI_bd/ipshared/20df/src/TMDS_Encoder.vhd:114]
INFO: [Synth 8-4471] merging register 'DataEncoders[2].DataEncoder/pC0_2_reg' into 'DataEncoders[1].DataEncoder/pC0_2_reg' [c:/Users/chbre42/Documents/projet_vlsi/SerpentEncryption/FSM_HDMI_Encrypt/ZYBO_HDMI_MGA_2018_2/project_1/project_1.srcs/sources_1/bd/HDMI_bd/ipshared/20df/src/TMDS_Encoder.vhd:148]
INFO: [Synth 8-4471] merging register 'DataEncoders[2].DataEncoder/pC1_1_reg' into 'DataEncoders[1].DataEncoder/pC0_1_reg' [c:/Users/chbre42/Documents/projet_vlsi/SerpentEncryption/FSM_HDMI_Encrypt/ZYBO_HDMI_MGA_2018_2/project_1/project_1.srcs/sources_1/bd/HDMI_bd/ipshared/20df/src/TMDS_Encoder.vhd:115]
INFO: [Synth 8-4471] merging register 'DataEncoders[2].DataEncoder/pC1_2_reg' into 'DataEncoders[1].DataEncoder/pC0_2_reg' [c:/Users/chbre42/Documents/projet_vlsi/SerpentEncryption/FSM_HDMI_Encrypt/ZYBO_HDMI_MGA_2018_2/project_1/project_1.srcs/sources_1/bd/HDMI_bd/ipshared/20df/src/TMDS_Encoder.vhd:149]
INFO: [Synth 8-4471] merging register 'DataEncoders[2].DataEncoder/pVde_1_reg' into 'DataEncoders[0].DataEncoder/pVde_1_reg' [c:/Users/chbre42/Documents/projet_vlsi/SerpentEncryption/FSM_HDMI_Encrypt/ZYBO_HDMI_MGA_2018_2/project_1/project_1.srcs/sources_1/bd/HDMI_bd/ipshared/20df/src/TMDS_Encoder.vhd:110]
INFO: [Synth 8-4471] merging register 'DataEncoders[2].DataEncoder/pVde_2_reg' into 'DataEncoders[0].DataEncoder/pVde_2_reg' [c:/Users/chbre42/Documents/projet_vlsi/SerpentEncryption/FSM_HDMI_Encrypt/ZYBO_HDMI_MGA_2018_2/project_1/project_1.srcs/sources_1/bd/HDMI_bd/ipshared/20df/src/TMDS_Encoder.vhd:150]
WARNING: [Synth 8-6014] Unused sequential element DataEncoders[1].DataEncoder/pC1_1_reg was removed.  [c:/Users/chbre42/Documents/projet_vlsi/SerpentEncryption/FSM_HDMI_Encrypt/ZYBO_HDMI_MGA_2018_2/project_1/project_1.srcs/sources_1/bd/HDMI_bd/ipshared/20df/src/TMDS_Encoder.vhd:115]
WARNING: [Synth 8-6014] Unused sequential element DataEncoders[1].DataEncoder/pC1_2_reg was removed.  [c:/Users/chbre42/Documents/projet_vlsi/SerpentEncryption/FSM_HDMI_Encrypt/ZYBO_HDMI_MGA_2018_2/project_1/project_1.srcs/sources_1/bd/HDMI_bd/ipshared/20df/src/TMDS_Encoder.vhd:149]
WARNING: [Synth 8-6014] Unused sequential element DataEncoders[1].DataEncoder/pVde_1_reg was removed.  [c:/Users/chbre42/Documents/projet_vlsi/SerpentEncryption/FSM_HDMI_Encrypt/ZYBO_HDMI_MGA_2018_2/project_1/project_1.srcs/sources_1/bd/HDMI_bd/ipshared/20df/src/TMDS_Encoder.vhd:110]
WARNING: [Synth 8-6014] Unused sequential element DataEncoders[1].DataEncoder/pVde_2_reg was removed.  [c:/Users/chbre42/Documents/projet_vlsi/SerpentEncryption/FSM_HDMI_Encrypt/ZYBO_HDMI_MGA_2018_2/project_1/project_1.srcs/sources_1/bd/HDMI_bd/ipshared/20df/src/TMDS_Encoder.vhd:150]
WARNING: [Synth 8-6014] Unused sequential element DataEncoders[2].DataEncoder/pC0_1_reg was removed.  [c:/Users/chbre42/Documents/projet_vlsi/SerpentEncryption/FSM_HDMI_Encrypt/ZYBO_HDMI_MGA_2018_2/project_1/project_1.srcs/sources_1/bd/HDMI_bd/ipshared/20df/src/TMDS_Encoder.vhd:114]
WARNING: [Synth 8-6014] Unused sequential element DataEncoders[2].DataEncoder/pC0_2_reg was removed.  [c:/Users/chbre42/Documents/projet_vlsi/SerpentEncryption/FSM_HDMI_Encrypt/ZYBO_HDMI_MGA_2018_2/project_1/project_1.srcs/sources_1/bd/HDMI_bd/ipshared/20df/src/TMDS_Encoder.vhd:148]
WARNING: [Synth 8-6014] Unused sequential element DataEncoders[2].DataEncoder/pC1_1_reg was removed.  [c:/Users/chbre42/Documents/projet_vlsi/SerpentEncryption/FSM_HDMI_Encrypt/ZYBO_HDMI_MGA_2018_2/project_1/project_1.srcs/sources_1/bd/HDMI_bd/ipshared/20df/src/TMDS_Encoder.vhd:115]
WARNING: [Synth 8-6014] Unused sequential element DataEncoders[2].DataEncoder/pC1_2_reg was removed.  [c:/Users/chbre42/Documents/projet_vlsi/SerpentEncryption/FSM_HDMI_Encrypt/ZYBO_HDMI_MGA_2018_2/project_1/project_1.srcs/sources_1/bd/HDMI_bd/ipshared/20df/src/TMDS_Encoder.vhd:149]
WARNING: [Synth 8-6014] Unused sequential element DataEncoders[2].DataEncoder/pVde_1_reg was removed.  [c:/Users/chbre42/Documents/projet_vlsi/SerpentEncryption/FSM_HDMI_Encrypt/ZYBO_HDMI_MGA_2018_2/project_1/project_1.srcs/sources_1/bd/HDMI_bd/ipshared/20df/src/TMDS_Encoder.vhd:110]
WARNING: [Synth 8-6014] Unused sequential element DataEncoders[2].DataEncoder/pVde_2_reg was removed.  [c:/Users/chbre42/Documents/projet_vlsi/SerpentEncryption/FSM_HDMI_Encrypt/ZYBO_HDMI_MGA_2018_2/project_1/project_1.srcs/sources_1/bd/HDMI_bd/ipshared/20df/src/TMDS_Encoder.vhd:150]
WARNING: [Synth 8-3331] design rgb2dvi has unconnected port aRst_n
WARNING: [Synth 8-3331] design rgb2dvi has unconnected port SerialClk
INFO: [Synth 8-3886] merging instance 'U0/DataEncoders[0].DataEncoder/n0q_m_2_reg[0]' (FD) to 'U0/DataEncoders[0].DataEncoder/n1q_m_2_reg[0]'
INFO: [Synth 8-3886] merging instance 'U0/DataEncoders[1].DataEncoder/n0q_m_2_reg[0]' (FD) to 'U0/DataEncoders[1].DataEncoder/n1q_m_2_reg[0]'
INFO: [Synth 8-3886] merging instance 'U0/DataEncoders[2].DataEncoder/n0q_m_2_reg[0]' (FD) to 'U0/DataEncoders[2].DataEncoder/n1q_m_2_reg[0]'
INFO: [Synth 8-3333] propagating constant 0 across sequential element (U0/\DataEncoders[1].DataEncoder/pC0_1_reg )
INFO: [Synth 8-3886] merging instance 'U0/DataEncoders[1].DataEncoder/pC0_2_reg' (FD) to 'U0/DataEncoders[1].DataEncoder/pC0_1_reg'
INFO: [Synth 8-3333] propagating constant 0 across sequential element (U0/\DataEncoders[1].DataEncoder/pC0_1_reg )
WARNING: [Synth 8-3332] Sequential element (DataEncoders[0].DataEncoder/cnt_t_3_reg[0]) is unused and will be removed from module rgb2dvi.
WARNING: [Synth 8-3332] Sequential element (DataEncoders[1].DataEncoder/pC0_1_reg) is unused and will be removed from module rgb2dvi.
WARNING: [Synth 8-3332] Sequential element (DataEncoders[1].DataEncoder/cnt_t_3_reg[0]) is unused and will be removed from module rgb2dvi.
WARNING: [Synth 8-3332] Sequential element (DataEncoders[2].DataEncoder/cnt_t_3_reg[0]) is unused and will be removed from module rgb2dvi.
---------------------------------------------------------------------------------
Finished Cross Boundary and Area Optimization : Time (s): cpu = 00:00:16 ; elapsed = 00:00:19 . Memory (MB): peak = 806.301 ; gain = 511.816
---------------------------------------------------------------------------------

Report RTL Partitions: 
+-+--------------+------------+----------+
| |RTL Partition |Replication |Instances |
+-+--------------+------------+----------+
+-+--------------+------------+----------+
---------------------------------------------------------------------------------
Start Applying XDC Timing Constraints
---------------------------------------------------------------------------------
---------------------------------------------------------------------------------
Finished Applying XDC Timing Constraints : Time (s): cpu = 00:00:25 ; elapsed = 00:00:29 . Memory (MB): peak = 806.301 ; gain = 511.816
---------------------------------------------------------------------------------
---------------------------------------------------------------------------------
Start Timing Optimization
---------------------------------------------------------------------------------
---------------------------------------------------------------------------------
Finished Timing Optimization : Time (s): cpu = 00:00:25 ; elapsed = 00:00:30 . Memory (MB): peak = 825.348 ; gain = 530.863
---------------------------------------------------------------------------------

Report RTL Partitions: 
+-+--------------+------------+----------+
| |RTL Partition |Replication |Instances |
+-+--------------+------------+----------+
+-+--------------+------------+----------+
---------------------------------------------------------------------------------
Start Technology Mapping
---------------------------------------------------------------------------------
---------------------------------------------------------------------------------
Finished Technology Mapping : Time (s): cpu = 00:00:26 ; elapsed = 00:00:30 . Memory (MB): peak = 827.750 ; gain = 533.266
---------------------------------------------------------------------------------

Report RTL Partitions: 
+-+--------------+------------+----------+
| |RTL Partition |Replication |Instances |
+-+--------------+------------+----------+
+-+--------------+------------+----------+
---------------------------------------------------------------------------------
Start IO Insertion
---------------------------------------------------------------------------------
---------------------------------------------------------------------------------
Start Flattening Before IO Insertion
---------------------------------------------------------------------------------
---------------------------------------------------------------------------------
Finished Flattening Before IO Insertion
---------------------------------------------------------------------------------
---------------------------------------------------------------------------------
Start Final Netlist Cleanup
---------------------------------------------------------------------------------
---------------------------------------------------------------------------------
Finished Final Netlist Cleanup
---------------------------------------------------------------------------------
---------------------------------------------------------------------------------
Finished IO Insertion : Time (s): cpu = 00:00:27 ; elapsed = 00:00:31 . Memory (MB): peak = 827.750 ; gain = 533.266
---------------------------------------------------------------------------------

Report Check Netlist: 
+------+------------------+-------+---------+-------+------------------+
|      |Item              |Errors |Warnings |Status |Description       |
+------+------------------+-------+---------+-------+------------------+
|1     |multi_driven_nets |      0|        0|Passed |Multi driven nets |
+------+------------------+-------+---------+-------+------------------+
---------------------------------------------------------------------------------
Start Renaming Generated Instances
---------------------------------------------------------------------------------
---------------------------------------------------------------------------------
Finished Renaming Generated Instances : Time (s): cpu = 00:00:27 ; elapsed = 00:00:31 . Memory (MB): peak = 827.750 ; gain = 533.266
---------------------------------------------------------------------------------

Report RTL Partitions: 
+-+--------------+------------+----------+
| |RTL Partition |Replication |Instances |
+-+--------------+------------+----------+
+-+--------------+------------+----------+
---------------------------------------------------------------------------------
Start Rebuilding User Hierarchy
---------------------------------------------------------------------------------
---------------------------------------------------------------------------------
Finished Rebuilding User Hierarchy : Time (s): cpu = 00:00:27 ; elapsed = 00:00:31 . Memory (MB): peak = 827.750 ; gain = 533.266
---------------------------------------------------------------------------------
---------------------------------------------------------------------------------
Start Renaming Generated Ports
---------------------------------------------------------------------------------
---------------------------------------------------------------------------------
Finished Renaming Generated Ports : Time (s): cpu = 00:00:27 ; elapsed = 00:00:31 . Memory (MB): peak = 827.750 ; gain = 533.266
---------------------------------------------------------------------------------
---------------------------------------------------------------------------------
Start Handling Custom Attributes
---------------------------------------------------------------------------------
---------------------------------------------------------------------------------
Finished Handling Custom Attributes : Time (s): cpu = 00:00:27 ; elapsed = 00:00:31 . Memory (MB): peak = 827.750 ; gain = 533.266
---------------------------------------------------------------------------------
---------------------------------------------------------------------------------
Start Renaming Generated Nets
---------------------------------------------------------------------------------
---------------------------------------------------------------------------------
Finished Renaming Generated Nets : Time (s): cpu = 00:00:27 ; elapsed = 00:00:31 . Memory (MB): peak = 827.750 ; gain = 533.266
---------------------------------------------------------------------------------
---------------------------------------------------------------------------------
Start Writing Synthesis Report
---------------------------------------------------------------------------------

Report BlackBoxes: 
+-+--------------+----------+
| |BlackBox name |Instances |
+-+--------------+----------+
+-+--------------+----------+

Report Cell Usage: 
+------+------------+------+
|      |Cell        |Count |
+------+------------+------+
|1     |BUFIO       |     1|
|2     |BUFR        |     1|
|3     |BUFR_1      |     1|
|4     |LUT1        |     4|
|5     |LUT2        |    17|
|6     |LUT3        |    41|
|7     |LUT4        |    17|
|8     |LUT5        |    33|
|9     |LUT6        |    80|
|10    |MMCME2_ADV  |     1|
|11    |MUXF7       |     2|
|12    |OSERDESE2   |     4|
|13    |OSERDESE2_1 |     4|
|14    |FDCE        |     4|
|15    |FDPE        |     5|
|16    |FDRE        |   119|
|17    |FDSE        |    15|
|18    |OBUFDS      |     4|
+------+------------+------+

Report Instance Areas: 
+------+-------------------------------------+--------------------------+------+
|      |Instance                             |Module                    |Cells |
+------+-------------------------------------+--------------------------+------+
|1     |top                                  |                          |   353|
|2     |  U0                                 |rgb2dvi                   |   353|
|3     |    \ClockGenInternal.ClockGenX      |ClockGen                  |    16|
|4     |      LockLostReset                  |ResetBridge_5             |     2|
|5     |        SyncAsyncx                   |SyncAsync_6               |     2|
|6     |      PLL_LockSyncAsync              |SyncAsync__parameterized1 |     2|
|7     |    ClockSerializer                  |OutputSERDES              |     3|
|8     |    \DataEncoders[0].DataEncoder     |TMDS_Encoder              |   112|
|9     |    \DataEncoders[0].DataSerializer  |OutputSERDES_0            |     3|
|10    |    \DataEncoders[1].DataEncoder     |TMDS_Encoder_1            |   107|
|11    |    \DataEncoders[1].DataSerializer  |OutputSERDES_2            |     3|
|12    |    \DataEncoders[2].DataEncoder     |TMDS_Encoder_3            |   104|
|13    |    \DataEncoders[2].DataSerializer  |OutputSERDES_4            |     3|
|14    |    LockLostReset                    |ResetBridge               |     2|
|15    |      SyncAsyncx                     |SyncAsync                 |     2|
+------+-------------------------------------+--------------------------+------+
---------------------------------------------------------------------------------
Finished Writing Synthesis Report : Time (s): cpu = 00:00:27 ; elapsed = 00:00:31 . Memory (MB): peak = 827.750 ; gain = 533.266
---------------------------------------------------------------------------------
Synthesis finished with 0 errors, 0 critical warnings and 16 warnings.
Synthesis Optimization Runtime : Time (s): cpu = 00:00:16 ; elapsed = 00:00:21 . Memory (MB): peak = 827.750 ; gain = 172.312
Synthesis Optimization Complete : Time (s): cpu = 00:00:27 ; elapsed = 00:00:31 . Memory (MB): peak = 827.750 ; gain = 533.266
INFO: [Project 1-571] Translating synthesized netlist
INFO: [Netlist 29-17] Analyzing 9 Unisim elements for replacement
INFO: [Netlist 29-28] Unisim Transformation completed in 0 CPU seconds
INFO: [Project 1-570] Preparing netlist for logic optimization
INFO: [Opt 31-138] Pushed 0 inverter(s) to 0 load pin(s).
INFO: [Project 1-111] Unisim Transformation Summary:
No Unisim elements were transformed.

INFO: [Common 17-83] Releasing license: Synthesis
58 Infos, 20 Warnings, 0 Critical Warnings and 0 Errors encountered.
synth_design completed successfully
synth_design: Time (s): cpu = 00:00:29 ; elapsed = 00:00:33 . Memory (MB): peak = 827.750 ; gain = 541.520
WARNING: [Constraints 18-5210] No constraint will be written out.
INFO: [Common 17-1381] The checkpoint 'C:/Users/chbre42/Documents/projet_vlsi/SerpentEncryption/FSM_HDMI_Encrypt/ZYBO_HDMI_MGA_2018_2/project_1/project_1.runs/HDMI_bd_rgb2dvi_0_0_synth_1/HDMI_bd_rgb2dvi_0_0.dcp' has been generated.
INFO: [Coretcl 2-1482] Added synthesis output to IP cache for IP c:/Users/chbre42/Documents/projet_vlsi/SerpentEncryption/FSM_HDMI_Encrypt/ZYBO_HDMI_MGA_2018_2/project_1/project_1.srcs/sources_1/bd/HDMI_bd/ip/HDMI_bd_rgb2dvi_0_0/HDMI_bd_rgb2dvi_0_0.xci
INFO: [Coretcl 2-1174] Renamed 14 cell refs.
WARNING: [Constraints 18-5210] No constraint will be written out.
INFO: [Common 17-1381] The checkpoint 'C:/Users/chbre42/Documents/projet_vlsi/SerpentEncryption/FSM_HDMI_Encrypt/ZYBO_HDMI_MGA_2018_2/project_1/project_1.runs/HDMI_bd_rgb2dvi_0_0_synth_1/HDMI_bd_rgb2dvi_0_0.dcp' has been generated.
INFO: [runtcl-4] Executing : report_utilization -file HDMI_bd_rgb2dvi_0_0_utilization_synth.rpt -pb HDMI_bd_rgb2dvi_0_0_utilization_synth.pb
report_utilization: Time (s): cpu = 00:00:00 ; elapsed = 00:00:00.028 . Memory (MB): peak = 827.750 ; gain = 0.000
INFO: [Common 17-206] Exiting Vivado at Thu Dec  2 16:18:44 2021...
